<?xml version="1.0" encoding="utf-8"?>
<TestRun id="24e5eca7-c866-42a0-93b9-14a370e08edd" name="@Johnnys-MacBook-Pro 2026-09-20 14:41:02" xmlns="http://microsoft.com/schemas/VisualStudio/TeamTest/2010">
  <Times creation="2026-09-20T14:41:02.3622800+02:00" queuing="2026-09-20T14:41:02.3622800+02:00" start="2026-09-20T14:41:01.8568340+02:00" finish="2026-09-20T14:41:02.6683470+02:00" />
  <TestSettings name="default" id="e7bebfca-5cc1-4424-899b-aedce7dcd19a">
    <Deployment runDeploymentRoot="_Johnnys-MacBook-Pro_2026-09-20_14_41_02" />
  </TestSettings>
  <Results>
    <UnitTestResult executionId="f9990b2b-6d98-48b5-8a30-55940b5c0231" testId="eb399cc0-5e44-ad7b-a61f-99f02cfee20d" testName="BehaviorTests.ParallelHonorsEitherCancellationSource(secondary: False)" computerName="Johnnys-MacBook-Pro" duration="00:00:00.0028934" startTime="2026-09-20T14:41:02.6091860+02:00" endTime="2026-09-20T14:41:02.6091860+02:00" testType="13cdc9d9-ddb5-4fa4-a97d-d965ccfc6d4b" outcome="Passed" testListId="8c84fa94-04c1-424b-9868-57a2d4851a1d" relativeResultsDirectory="f9990b2b-6d98-48b5-8a30-55940b5c0231" />
    <UnitTestResult executionId="b288e0ea-e568-44e3-b7d9-58497ab2ef4f" testId="891decea-b534-8a43-a60b-ad70264205c2" testName="BehaviorTests.ParallelHonorsEitherCancellationSource(secondary: True)" computerName="Johnnys-MacBook-Pro" duration="00:00:00.0003961" startTime="2026-09-20T14:41:02.6096480+02:00" endTime="2026-09-20T14:41:02.6096480+02:00" testType="13cdc9d9-ddb5-4fa4-a97d-d965ccfc6d4b" outcome="Passed" testListId="8c84fa94-04c1-424b-9868-57a2d4851a1d" relativeResultsDirectory="b288e0ea-e568-44e3-b7d9-58497ab2ef4f" />
    <UnitTestResult executionId="692c3bd4-19ff-411a-8312-da2e2c5fedb9" testId="51b948b1-4c6d-5ece-3f77-1ea81ea322b6" testName="BehaviorTests.SequentialOperationsMatchReference(shape: &quot;array&quot;, count: 32)" computerName="Johnnys-MacBook-Pro" duration="00:00:00.0001749" startTime="2026-09-20T14:41:02.3808390+02:00" endTime="2026-09-20T14:41:02.3808390+02:00" testType="13cdc9d9-ddb5-4fa4-a97d-d965ccfc6d4b" outcome="Passed" testListId="8c84fa94-04c1-424b-9868-57a2d4851a1d" relativeResultsDirectory="692c3bd4-19ff-411a-8312-da2e2c5fedb9" />
    <UnitTestResult executionId="c3be95f3-b472-4d81-9f31-069a84bcb28c" testId="c5d01b0a-5938-a6c4-e1b2-0d784c29ff45" testName="Test.CollectionIterableTest.ConcatCollection" computerName="Johnnys-MacBook-Pro" duration="00:00:00.0002652" startTime="2026-09-20T14:41:02.3353290+02:00" endTime="2026-09-20T14:41:02.3353290+02:00" testType="13cdc9d9-ddb5-4fa4-a97d-d965ccfc6d4b" outcome="Passed" testListId="8c84fa94-04c1-424b-9868-57a2d4851a1d" relativeResultsDirectory="c3be95f3-b472-4d81-9f31-069a84bcb28c" />
    <UnitTestResult executionId="ff58c79b-1589-481b-811b-da68d3b17e1c" testId="b5d53198-321c-1220-93a1-158a73e2deff" testName="Test.CollectionIterableParallelTest.SortCollectionParallelAscending" computerName="Johnnys-MacBook-Pro" duration="00:00:00.0002542" startTime="2026-09-20T14:41:02.3365030+02:00" endTime="2026-09-20T14:41:02.3365030+02:00" testType="13cdc9d9-ddb5-4fa4-a97d-d965ccfc6d4b" outcome="Passed" testListId="8c84fa94-04c1-424b-9868-57a2d4851a1d" relativeResultsDirectory="ff58c79b-1589-481b-811b-da68d3b17e1c" />
    <UnitTestResult executionId="feddec38-1868-4312-8446-ceffe8b35eb5" testId="1d2757f3-51fa-2f82-50f8-d81595e85e32" testName="BehaviorTests.ParallelOperationsPreserveMembership(shape: &quot;list&quot;, count: 0)" computerName="Johnnys-MacBook-Pro" duration="00:00:00.0006590" startTime="2026-09-20T14:41:02.3367710+02:00" endTime="2026-09-20T14:41:02.3367710+02:00" testType="13cdc9d9-ddb5-4fa4-a97d-d965ccfc6d4b" outcome="Passed" testListId="8c84fa94-04c1-424b-9868-57a2d4851a1d" relativeResultsDirectory="feddec38-1868-4312-8446-ceffe8b35eb5" />
    <UnitTestResult executionId="b6ff4320-2bfe-4346-a490-0934fedf46de" testId="50c590f1-0ab3-c531-0d50-6fffff7eaedd" testName="BehaviorTests.ParallelOperationsPreserveMembership(shape: &quot;iterator&quot;, count: 0)" computerName="Johnnys-MacBook-Pro" duration="00:00:00.0005255" startTime="2026-09-20T14:41:02.3370900+02:00" endTime="2026-09-20T14:41:02.3370900+02:00" testType="13cdc9d9-ddb5-4fa4-a97d-d965ccfc6d4b" outcome="Passed" testListId="8c84fa94-04c1-424b-9868-57a2d4851a1d" relativeResultsDirectory="b6ff4320-2bfe-4346-a490-0934fedf46de" />
    <UnitTestResult executionId="69e63ac5-7c82-4bce-8d56-53fa3f644098" testId="1f6f5437-a1e0-6863-1215-e35aa544dd7a" testName="BehaviorTests.AsyncOperationsFinishAtAwait(shape: &quot;iterator&quot;, count: 1)" computerName="Johnnys-MacBook-Pro" duration="00:00:00.0003732" startTime="2026-09-20T14:41:02.3567970+02:00" endTime="2026-09-20T14:41:02.3567970+02:00" testType="13cdc9d9-ddb5-4fa4-a97d-d965ccfc6d4b" outcome="Passed" testListId="8c84fa94-04c1-424b-9868-57a2d4851a1d" relativeResultsDirectory="69e63ac5-7c82-4bce-8d56-53fa3f644098" />
    <UnitTestResult executionId="014b090a-967e-4d53-bfd7-a87e694f24ce" testId="38207d83-f77c-3e53-2a82-cc7302347856" testName="Test.CollectionIterableParallelTest.FilterParallelWhenCancelled" computerName="Johnnys-MacBook-Pro" duration="00:00:00.0050689" startTime="2026-09-20T14:41:02.3355500+02:00" endTime="2026-09-20T14:41:02.3355500+02:00" testType="13cdc9d9-ddb5-4fa4-a97d-d965ccfc6d4b" outcome="Passed" testListId="8c84fa94-04c1-424b-9868-57a2d4851a1d" relativeResultsDirectory="014b090a-967e-4d53-bfd7-a87e694f24ce" />
    <UnitTestResult executionId="33c2f394-57cc-48a0-9b4c-b88fdfdced55" testId="c9b54675-5ad8-1bfb-3f8a-66aa8903952a" testName="Test.CollectionIterableTest.Reduce" computerName="Johnnys-MacBook-Pro" duration="00:00:00.0001323" startTime="2026-09-20T14:41:02.3341150+02:00" endTime="2026-09-20T14:41:02.3341150+02:00" testType="13cdc9d9-ddb5-4fa4-a97d-d965ccfc6d4b" outcome="Passed" testListId="8c84fa94-04c1-424b-9868-57a2d4851a1d" relativeResultsDirectory="33c2f394-57cc-48a0-9b4c-b88fdfdced55" />
    <UnitTestResult executionId="7958c0af-a5f8-42d1-81d9-2e3dbb89a59c" testId="941956aa-0016-a7c1-1a4a-0d2c8a7ecbb0" testName="Test.CollectionIterableTest.Concat" computerName="Johnnys-MacBook-Pro" duration="00:00:00.0003405" startTime="2026-09-20T14:41:02.3341370+02:00" endTime="2026-09-20T14:41:02.3341370+02:00" testType="13cdc9d9-ddb5-4fa4-a97d-d965ccfc6d4b" outcome="Passed" testListId="8c84fa94-04c1-424b-9868-57a2d4851a1d" relativeResultsDirectory="7958c0af-a5f8-42d1-81d9-2e3dbb89a59c" />
    <UnitTestResult executionId="b50d4201-783f-4818-a573-a8a246472960" testId="ff9a75db-c85b-029f-4dea-8535625544a0" testName="BehaviorTests.AsyncOperationsFinishAtAwait(shape: &quot;iterator&quot;, count: 1000)" computerName="Johnnys-MacBook-Pro" duration="00:00:00.0056535" startTime="2026-09-20T14:41:02.3536850+02:00" endTime="2026-09-20T14:41:02.3536850+02:00" testType="13cdc9d9-ddb5-4fa4-a97d-d965ccfc6d4b" outcome="Passed" testListId="8c84fa94-04c1-424b-9868-57a2d4851a1d" relativeResultsDirectory="b50d4201-783f-4818-a573-a8a246472960" />
    <UnitTestResult executionId="abec99e1-a7d5-4ac6-a5bc-a62893704f03" testId="94b36a89-7797-253d-a55f-7e4c1089d187" testName="BehaviorTests.LazyOperationsRemainLazyAndReplayable" computerName="Johnnys-MacBook-Pro" duration="00:00:00.0003170" startTime="2026-09-20T14:41:02.6151550+02:00" endTime="2026-09-20T14:41:02.6151550+02:00" testType="13cdc9d9-ddb5-4fa4-a97d-d965ccfc6d4b" outcome="Passed" testListId="8c84fa94-04c1-424b-9868-57a2d4851a1d" relativeResultsDirectory="abec99e1-a7d5-4ac6-a5bc-a62893704f03" />
    <UnitTestResult executionId="b8a0b94d-1134-4ac9-a8eb-d37448551e90" testId="41123350-ef1d-8452-b33b-49ec907e37ac" testName="BehaviorTests.SequentialOperationsMatchReference(shape: &quot;array&quot;, count: 1)" computerName="Johnnys-MacBook-Pro" duration="00:00:00.0003902" startTime="2026-09-20T14:41:02.3740090+02:00" endTime="2026-09-20T14:41:02.3740120+02:00" testType="13cdc9d9-ddb5-4fa4-a97d-d965ccfc6d4b" outcome="Passed" testListId="8c84fa94-04c1-424b-9868-57a2d4851a1d" relativeResultsDirectory="b8a0b94d-1134-4ac9-a8eb-d37448551e90" />
    <UnitTestResult executionId="1d6ff729-f7e0-4f4b-9260-fc160388d737" testId="bbbdba5c-6873-31f9-0574-80feb27bacbe" testName="Test.CollectionIterableAsyncTest.ForEachAsyncICollection" computerName="Johnnys-MacBook-Pro" duration="00:00:00.0014934" startTime="2026-09-20T14:41:02.3365410+02:00" endTime="2026-09-20T14:41:02.3365410+02:00" testType="13cdc9d9-ddb5-4fa4-a97d-d965ccfc6d4b" outcome="Passed" testListId="8c84fa94-04c1-424b-9868-57a2d4851a1d" relativeResultsDirectory="1d6ff729-f7e0-4f4b-9260-fc160388d737" />
    <UnitTestResult executionId="75a1aa4c-f722-4bdc-b707-b5bbf05fda9d" testId="54e640ee-3b05-6eed-7eba-c70724cfd828" testName="BehaviorTests.ParallelOperationsPreserveMembership(shape: &quot;array&quot;, count: 0)" computerName="Johnnys-MacBook-Pro" duration="00:00:00.0004598" startTime="2026-09-20T14:41:02.3406860+02:00" endTime="2026-09-20T14:41:02.3406860+02:00" testType="13cdc9d9-ddb5-4fa4-a97d-d965ccfc6d4b" outcome="Passed" testListId="8c84fa94-04c1-424b-9868-57a2d4851a1d" relativeResultsDirectory="75a1aa4c-f722-4bdc-b707-b5bbf05fda9d" />
    <UnitTestResult executionId="d31e31fe-c0c8-47be-b173-0ac3d18a5cae" testId="67c16d20-fc9e-cd4b-3386-54ce406d5c2e" testName="Test.CollectionIterableTest.ToRecordStringAndNumbers" computerName="Johnnys-MacBook-Pro" duration="00:00:00.0011009" startTime="2026-09-20T14:41:02.3356020+02:00" endTime="2026-09-20T14:41:02.3356020+02:00" testType="13cdc9d9-ddb5-4fa4-a97d-d965ccfc6d4b" outcome="Passed" testListId="8c84fa94-04c1-424b-9868-57a2d4851a1d" relativeResultsDirectory="d31e31fe-c0c8-47be-b173-0ac3d18a5cae" />
    <UnitTestResult executionId="a90fdf90-3b88-484a-880e-d9e630f9b533" testId="1506c9fd-d30d-707f-c5c0-ac13545005ee" testName="BehaviorTests.AsyncOperationsFinishAtAwait(shape: &quot;iterator&quot;, count: 32)" computerName="Johnnys-MacBook-Pro" duration="00:00:00.0004239" startTime="2026-09-20T14:41:02.3602120+02:00" endTime="2026-09-20T14:41:02.3602120+02:00" testType="13cdc9d9-ddb5-4fa4-a97d-d965ccfc6d4b" outcome="Passed" testListId="8c84fa94-04c1-424b-9868-57a2d4851a1d" relativeResultsDirectory="a90fdf90-3b88-484a-880e-d9e630f9b533" />
    <UnitTestResult executionId="ca7894d0-1b0f-4b67-9740-1bacd04ad75b" testId="eac78a5b-8fe7-8752-a1bc-c6c6dcebd47f" testName="Test.CollectionIterableAsyncTest.FilterAsync" computerName="Johnnys-MacBook-Pro" duration="00:00:00.0014827" startTime="2026-09-20T14:41:02.3368290+02:00" endTime="2026-09-20T14:41:02.3368290+02:00" testType="13cdc9d9-ddb5-4fa4-a97d-d965ccfc6d4b" outcome="Passed" testListId="8c84fa94-04c1-424b-9868-57a2d4851a1d" relativeResultsDirectory="ca7894d0-1b0f-4b67-9740-1bacd04ad75b" />
    <UnitTestResult executionId="9ab7c755-df5a-4bc7-906e-11f76565d7ac" testId="3630ee18-cb29-cbff-26a6-c9b4dc1b3588" testName="Test.CollectionIterableAsyncTest.ForEachAsyncIEnumerable" computerName="Johnnys-MacBook-Pro" duration="00:00:00.0017805" startTime="2026-09-20T14:41:02.3363810+02:00" endTime="2026-09-20T14:41:02.3363810+02:00" testType="13cdc9d9-ddb5-4fa4-a97d-d965ccfc6d4b" outcome="Passed" testListId="8c84fa94-04c1-424b-9868-57a2d4851a1d" relativeResultsDirectory="9ab7c755-df5a-4bc7-906e-11f76565d7ac" />
    <UnitTestResult executionId="b91a0b5a-fb79-45ff-8b54-e50c39fde78e" testId="b4a5b523-9e5c-f353-acf8-632ef71e5447" testName="Test.CollectionIterableParallelTest.SortCollectionParallelIEnumerableDescending" computerName="Johnnys-MacBook-Pro" duration="00:00:00.0002008" startTime="2026-09-20T14:41:02.3364740+02:00" endTime="2026-09-20T14:41:02.3364740+02:00" testType="13cdc9d9-ddb5-4fa4-a97d-d965ccfc6d4b" outcome="Passed" testListId="8c84fa94-04c1-424b-9868-57a2d4851a1d" relativeResultsDirectory="b91a0b5a-fb79-45ff-8b54-e50c39fde78e" />
    <UnitTestResult executionId="c4363827-7c0d-437d-ab4e-9753b555856f" testId="461a0e94-1ce6-9f59-96b7-33ada46728ac" testName="BehaviorTests.ParallelOperationsPreserveMembership(shape: &quot;iterator&quot;, count: 1000)" computerName="Johnnys-MacBook-Pro" duration="00:00:00.0058769" startTime="2026-09-20T14:41:02.3368870+02:00" endTime="2026-09-20T14:41:02.3368870+02:00" testType="13cdc9d9-ddb5-4fa4-a97d-d965ccfc6d4b" outcome="Passed" testListId="8c84fa94-04c1-424b-9868-57a2d4851a1d" relativeResultsDirectory="c4363827-7c0d-437d-ab4e-9753b555856f" />
    <UnitTestResult executionId="9053148c-55fe-4007-bae1-e0ab961396e7" testId="6115f649-ed56-e021-f01b-031ce26ab371" testName="BehaviorTests.AsyncExceptionsAndCancellationAreObservable" computerName="Johnnys-MacBook-Pro" duration="00:00:00.0105567" startTime="2026-09-20T14:41:02.3982610+02:00" endTime="2026-09-20T14:41:02.3982610+02:00" testType="13cdc9d9-ddb5-4fa4-a97d-d965ccfc6d4b" outcome="Passed" testListId="8c84fa94-04c1-424b-9868-57a2d4851a1d" relativeResultsDirectory="9053148c-55fe-4007-bae1-e0ab961396e7" />
    <UnitTestResult executionId="f15a2ffd-698a-4d5b-9f57-ed9919207181" testId="15e1f783-b91c-5b7e-8515-422d0e641df5" testName="BehaviorTests.ParallelHonorsDegreeLimitAndCancellationDuringExecution" computerName="Johnnys-MacBook-Pro" duration="00:00:00.0028890" startTime="2026-09-20T14:41:02.6180830+02:00" endTime="2026-09-20T14:41:02.6180830+02:00" testType="13cdc9d9-ddb5-4fa4-a97d-d965ccfc6d4b" outcome="Passed" testListId="8c84fa94-04c1-424b-9868-57a2d4851a1d" relativeResultsDirectory="f15a2ffd-698a-4d5b-9f57-ed9919207181" />
    <UnitTestResult executionId="73efb30c-587b-432a-8656-03e21137fecc" testId="1d1a02f3-8f2c-c8ce-bd0f-7602789deeb8" testName="BehaviorTests.BothSortsHandleOrderedAndDuplicateKeys(count: 2048)" computerName="Johnnys-MacBook-Pro" duration="00:00:00.0082054" startTime="2026-09-20T14:41:02.4367580+02:00" endTime="2026-09-20T14:41:02.4367580+02:00" testType="13cdc9d9-ddb5-4fa4-a97d-d965ccfc6d4b" outcome="Passed" testListId="8c84fa94-04c1-424b-9868-57a2d4851a1d" relativeResultsDirectory="73efb30c-587b-432a-8656-03e21137fecc" />
    <UnitTestResult executionId="41169226-20fc-492d-b15b-1095885f0288" testId="a2d36c93-a4ea-6b87-e58d-e86df7ed8e62" testName="BehaviorTests.MapInferenceWorksForArrayAndCollection" computerName="Johnnys-MacBook-Pro" duration="00:00:00.0006366" startTime="2026-09-20T14:41:02.6230040+02:00" endTime="2026-09-20T14:41:02.6230040+02:00" testType="13cdc9d9-ddb5-4fa4-a97d-d965ccfc6d4b" outcome="Passed" testListId="8c84fa94-04c1-424b-9868-57a2d4851a1d" relativeResultsDirectory="41169226-20fc-492d-b15b-1095885f0288" />
    <UnitTestResult executionId="e5a30c18-2bf9-421e-97e1-a3b7be2ab901" testId="d692e060-644b-e7e4-9374-469bccf4cdf2" testName="BehaviorTests.AsyncOperationsFinishAtAwait(shape: &quot;array&quot;, count: 1000)" computerName="Johnnys-MacBook-Pro" duration="00:00:00.0050245" startTime="2026-09-20T14:41:02.3467050+02:00" endTime="2026-09-20T14:41:02.3467050+02:00" testType="13cdc9d9-ddb5-4fa4-a97d-d965ccfc6d4b" outcome="Passed" testListId="8c84fa94-04c1-424b-9868-57a2d4851a1d" relativeResultsDirectory="e5a30c18-2bf9-421e-97e1-a3b7be2ab901" />
    <UnitTestResult executionId="b430312a-05fc-4d9e-87f1-e99bd112aefc" testId="9ecec512-7534-47bb-a555-253d4b54abc1" testName="BehaviorTests.AsyncOperationsFinishAtAwait(shape: &quot;list&quot;, count: 1)" computerName="Johnnys-MacBook-Pro" duration="00:00:00.0007574" startTime="2026-09-20T14:41:02.3476820+02:00" endTime="2026-09-20T14:41:02.3476820+02:00" testType="13cdc9d9-ddb5-4fa4-a97d-d965ccfc6d4b" outcome="Passed" testListId="8c84fa94-04c1-424b-9868-57a2d4851a1d" relativeResultsDirectory="b430312a-05fc-4d9e-87f1-e99bd112aefc" />
    <UnitTestResult executionId="a7dae444-2c35-41ac-893b-e1bebce551a3" testId="de748f2a-30ae-21c1-3931-346381649a13" testName="Test.CollectionIterableTest.SortCollectionDescending" computerName="Johnnys-MacBook-Pro" duration="00:00:00.0003703" startTime="2026-09-20T14:41:02.3358730+02:00" endTime="2026-09-20T14:41:02.3358730+02:00" testType="13cdc9d9-ddb5-4fa4-a97d-d965ccfc6d4b" outcome="Passed" testListId="8c84fa94-04c1-424b-9868-57a2d4851a1d" relativeResultsDirectory="a7dae444-2c35-41ac-893b-e1bebce551a3" />
    <UnitTestResult executionId="e8adcdfc-5505-4808-b85f-a966d285ee95" testId="82e5473b-443e-d95f-2af3-610c893cb1f5" testName="Test.CollectionIterableAsyncTest.FilterAsyncICollection" computerName="Johnnys-MacBook-Pro" duration="00:00:00.0014292" startTime="2026-09-20T14:41:02.3368710+02:00" endTime="2026-09-20T14:41:02.3368720+02:00" testType="13cdc9d9-ddb5-4fa4-a97d-d965ccfc6d4b" outcome="Passed" testListId="8c84fa94-04c1-424b-9868-57a2d4851a1d" relativeResultsDirectory="e8adcdfc-5505-4808-b85f-a966d285ee95" />
    <UnitTestResult executionId="70835c77-3496-4095-97e2-bdef923c3cda" testId="3ca1a663-9631-63a2-9322-076fd6cd1f92" testName="BehaviorTests.AsyncOperationsFinishAtAwait(shape: &quot;array&quot;, count: 1)" computerName="Johnnys-MacBook-Pro" duration="00:00:00.0005046" startTime="2026-09-20T14:41:02.3562320+02:00" endTime="2026-09-20T14:41:02.3562320+02:00" testType="13cdc9d9-ddb5-4fa4-a97d-d965ccfc6d4b" outcome="Passed" testListId="8c84fa94-04c1-424b-9868-57a2d4851a1d" relativeResultsDirectory="70835c77-3496-4095-97e2-bdef923c3cda" />
    <UnitTestResult executionId="453a3f62-73a6-4d58-a751-2e40e662ac9c" testId="1acba469-1360-4b37-a81e-7139580d586d" testName="Test.CollectionIterableParallelTest.SortCollectionParallelDescending" computerName="Johnnys-MacBook-Pro" duration="00:00:00.0136534" startTime="2026-09-20T14:41:02.3093360+02:00" endTime="2026-09-20T14:41:02.3093360+02:00" testType="13cdc9d9-ddb5-4fa4-a97d-d965ccfc6d4b" outcome="Passed" testListId="8c84fa94-04c1-424b-9868-57a2d4851a1d" relativeResultsDirectory="453a3f62-73a6-4d58-a751-2e40e662ac9c" />
    <UnitTestResult executionId="38682832-2e35-41bb-9380-a223385ec7c9" testId="c09a8426-77ff-447f-f31e-d895be906053" testName="BehaviorTests.ParallelDictionaryKeepsDuplicateKeyContractForLargerInputs" computerName="Johnnys-MacBook-Pro" duration="00:00:00.0007100" startTime="2026-09-20T14:41:02.6120670+02:00" endTime="2026-09-20T14:41:02.6120670+02:00" testType="13cdc9d9-ddb5-4fa4-a97d-d965ccfc6d4b" outcome="Passed" testListId="8c84fa94-04c1-424b-9868-57a2d4851a1d" relativeResultsDirectory="38682832-2e35-41bb-9380-a223385ec7c9" />
    <UnitTestResult executionId="3c51d12f-a395-4160-ac4a-f44083ac52db" testId="db495b7c-950a-2411-bf37-50f602864525" testName="Test.CollectionIterableAsyncTest.ConcatAsync" computerName="Johnnys-MacBook-Pro" duration="00:00:00.0051509" startTime="2026-09-20T14:41:02.3353080+02:00" endTime="2026-09-20T14:41:02.3353080+02:00" testType="13cdc9d9-ddb5-4fa4-a97d-d965ccfc6d4b" outcome="Passed" testListId="8c84fa94-04c1-424b-9868-57a2d4851a1d" relativeResultsDirectory="3c51d12f-a395-4160-ac4a-f44083ac52db" />
    <UnitTestResult executionId="b53c9904-52f5-42dc-b9a3-4a454328b9d1" testId="d51844c2-6632-dcb3-0045-27bfc4388db0" testName="Test.CollectionIterableTest.ForEachCollection" computerName="Johnnys-MacBook-Pro" duration="00:00:00.0004107" startTime="2026-09-20T14:41:02.3360040+02:00" endTime="2026-09-20T14:41:02.3360040+02:00" testType="13cdc9d9-ddb5-4fa4-a97d-d965ccfc6d4b" outcome="Passed" testListId="8c84fa94-04c1-424b-9868-57a2d4851a1d" relativeResultsDirectory="b53c9904-52f5-42dc-b9a3-4a454328b9d1" />
    <UnitTestResult executionId="dea58544-1a73-4e3b-939a-63fe6d74cf81" testId="336be225-a841-f5f6-8543-7ae0582e5902" testName="Test.CollectionIterableTest.SliceEnumerable" computerName="Johnnys-MacBook-Pro" duration="00:00:00.0001640" startTime="2026-09-20T14:41:02.3356680+02:00" endTime="2026-09-20T14:41:02.3356680+02:00" testType="13cdc9d9-ddb5-4fa4-a97d-d965ccfc6d4b" outcome="Passed" testListId="8c84fa94-04c1-424b-9868-57a2d4851a1d" relativeResultsDirectory="dea58544-1a73-4e3b-939a-63fe6d74cf81" />
    <UnitTestResult executionId="3d92698a-2e87-400a-b94a-ec84d8c3a521" testId="39dc3176-a5d3-3b03-6951-f3aa9d110405" testName="BehaviorTests.AsyncOperationsFinishAtAwait(shape: &quot;list&quot;, count: 1000)" computerName="Johnnys-MacBook-Pro" duration="00:00:00.0021085" startTime="2026-09-20T14:41:02.3595970+02:00" endTime="2026-09-20T14:41:02.3595970+02:00" testType="13cdc9d9-ddb5-4fa4-a97d-d965ccfc6d4b" outcome="Passed" testListId="8c84fa94-04c1-424b-9868-57a2d4851a1d" relativeResultsDirectory="3d92698a-2e87-400a-b94a-ec84d8c3a521" />
    <UnitTestResult executionId="26a17ba0-d3e2-4e2d-8d8c-04f037af2f1d" testId="1e1aa50f-2a24-7526-8c3d-087ea9f74355" testName="Test.CollectionIterableParallelTest.ForEachParallel" computerName="Johnnys-MacBook-Pro" duration="00:00:00.0004835" startTime="2026-09-20T14:41:02.3360250+02:00" endTime="2026-09-20T14:41:02.3360250+02:00" testType="13cdc9d9-ddb5-4fa4-a97d-d965ccfc6d4b" outcome="Passed" testListId="8c84fa94-04c1-424b-9868-57a2d4851a1d" relativeResultsDirectory="26a17ba0-d3e2-4e2d-8d8c-04f037af2f1d" />
    <UnitTestResult executionId="c2fe8566-b1c8-433a-8fd0-89c97eab2068" testId="dc4d71cc-b192-5917-1e8d-ee4fd98c5930" testName="Test.CollectionIterableTest.ToRecordEnumerable" computerName="Johnnys-MacBook-Pro" duration="00:00:00.0013990" startTime="2026-09-20T14:41:02.3092610+02:00" endTime="2026-09-20T14:41:02.3092610+02:00" testType="13cdc9d9-ddb5-4fa4-a97d-d965ccfc6d4b" outcome="Passed" testListId="8c84fa94-04c1-424b-9868-57a2d4851a1d" relativeResultsDirectory="c2fe8566-b1c8-433a-8fd0-89c97eab2068" />
    <UnitTestResult executionId="6f61506b-a76a-4176-8e54-11af57de8dfc" testId="a610c374-9f87-75ec-a19b-7743e3131f45" testName="BehaviorTests.RecordRejectsDuplicatesAndCallbacksRunOnce" computerName="Johnnys-MacBook-Pro" duration="00:00:00.0004622" startTime="2026-09-20T14:41:02.6147500+02:00" endTime="2026-09-20T14:41:02.6147500+02:00" testType="13cdc9d9-ddb5-4fa4-a97d-d965ccfc6d4b" outcome="Passed" testListId="8c84fa94-04c1-424b-9868-57a2d4851a1d" relativeResultsDirectory="6f61506b-a76a-4176-8e54-11af57de8dfc" />
    <UnitTestResult executionId="f4dc755d-6a34-43a4-b258-f7e0e3d1c64b" testId="4a383bd6-5d76-dabb-5df3-4dbe3023a656" testName="BehaviorTests.SequentialOperationsMatchReference(shape: &quot;iterator&quot;, count: 0)" computerName="Johnnys-MacBook-Pro" duration="00:00:00.0000779" startTime="2026-09-20T14:41:02.3873170+02:00" endTime="2026-09-20T14:41:02.3873170+02:00" testType="13cdc9d9-ddb5-4fa4-a97d-d965ccfc6d4b" outcome="Passed" testListId="8c84fa94-04c1-424b-9868-57a2d4851a1d" relativeResultsDirectory="f4dc755d-6a34-43a4-b258-f7e0e3d1c64b" />
    <UnitTestResult executionId="a986e99a-5bb8-4dc5-bc34-b5ea51eb47db" testId="5c2d404a-00d1-3694-4f2f-46a6b8dc1b57" testName="Test.CollectionIterableTest.FilterCollection" computerName="Johnnys-MacBook-Pro" duration="00:00:00.0001598" startTime="2026-09-20T14:41:02.3351770+02:00" endTime="2026-09-20T14:41:02.3351770+02:00" testType="13cdc9d9-ddb5-4fa4-a97d-d965ccfc6d4b" outcome="Passed" testListId="8c84fa94-04c1-424b-9868-57a2d4851a1d" relativeResultsDirectory="a986e99a-5bb8-4dc5-bc34-b5ea51eb47db" />
    <UnitTestResult executionId="4fbd9899-e6ec-46a0-8846-ce8e5a73cc8c" testId="6ca11de3-02c9-2639-3153-e4fdbca04544" testName="Test.CollectionIterableAsyncTest.FilterParallelAsync" computerName="Johnnys-MacBook-Pro" duration="00:00:00.0016590" startTime="2026-09-20T14:41:02.3357090+02:00" endTime="2026-09-20T14:41:02.3357100+02:00" testType="13cdc9d9-ddb5-4fa4-a97d-d965ccfc6d4b" outcome="Passed" testListId="8c84fa94-04c1-424b-9868-57a2d4851a1d" relativeResultsDirectory="4fbd9899-e6ec-46a0-8846-ce8e5a73cc8c" />
    <UnitTestResult executionId="fbb15bb1-a76c-465d-8e12-91d8c0d283c3" testId="64914c10-6625-af28-8d8a-9e55bcbb424c" testName="Test.CollectionIterableParallelTest.ToDictionaryParallel" computerName="Johnnys-MacBook-Pro" duration="00:00:00.0010811" startTime="2026-09-20T14:41:02.3359820+02:00" endTime="2026-09-20T14:41:02.3359820+02:00" testType="13cdc9d9-ddb5-4fa4-a97d-d965ccfc6d4b" outcome="Passed" testListId="8c84fa94-04c1-424b-9868-57a2d4851a1d" relativeResultsDirectory="fbb15bb1-a76c-465d-8e12-91d8c0d283c3" />
    <UnitTestResult executionId="fc3b0a06-2e28-40e3-a3e7-bc1ad730af26" testId="a04f290c-67e9-15e5-dc8c-f766987b0e7e" testName="Test.CollectionIterableParallelTest.ForEachParallelIEnumerable" computerName="Johnnys-MacBook-Pro" duration="00:00:00.0008242" startTime="2026-09-20T14:41:02.3356250+02:00" endTime="2026-09-20T14:41:02.3356250+02:00" testType="13cdc9d9-ddb5-4fa4-a97d-d965ccfc6d4b" outcome="Passed" testListId="8c84fa94-04c1-424b-9868-57a2d4851a1d" relativeResultsDirectory="fc3b0a06-2e28-40e3-a3e7-bc1ad730af26" />
    <UnitTestResult executionId="ddabaff4-534f-45a4-bfa8-db08eaf83946" testId="d5d72f3e-46a3-06ae-e44a-6411aa75b31e" testName="Test.CollectionIterableParallelTest.ToDictionaryParallelIEnumerable" computerName="Johnnys-MacBook-Pro" duration="00:00:00.0034433" startTime="2026-09-20T14:41:02.3352620+02:00" endTime="2026-09-20T14:41:02.3352620+02:00" testType="13cdc9d9-ddb5-4fa4-a97d-d965ccfc6d4b" outcome="Passed" testListId="8c84fa94-04c1-424b-9868-57a2d4851a1d" relativeResultsDirectory="ddabaff4-534f-45a4-bfa8-db08eaf83946" />
    <UnitTestResult executionId="cefc2613-89ca-4601-a933-bdb4de7f6938" testId="90a46e78-b21c-e036-c874-dc7ede0ca5fd" testName="BehaviorTests.SequentialOperationsMatchReference(shape: &quot;iterator&quot;, count: 1)" computerName="Johnnys-MacBook-Pro" duration="00:00:00.0000703" startTime="2026-09-20T14:41:02.3811660+02:00" endTime="2026-09-20T14:41:02.3811660+02:00" testType="13cdc9d9-ddb5-4fa4-a97d-d965ccfc6d4b" outcome="Passed" testListId="8c84fa94-04c1-424b-9868-57a2d4851a1d" relativeResultsDirectory="cefc2613-89ca-4601-a933-bdb4de7f6938" />
    <UnitTestResult executionId="4c685559-b4b5-45ab-a2b3-03f45b0cc844" testId="7cba0af7-ba70-3d52-4f92-890ddbf5429f" testName="Test.CollectionIterableParallelTest.SortCollectionParallelIEnumerableAscending" computerName="Johnnys-MacBook-Pro" duration="00:00:00.0002499" startTime="2026-09-20T14:41:02.3355790+02:00" endTime="2026-09-20T14:41:02.3355790+02:00" testType="13cdc9d9-ddb5-4fa4-a97d-d965ccfc6d4b" outcome="Passed" testListId="8c84fa94-04c1-424b-9868-57a2d4851a1d" relativeResultsDirectory="4c685559-b4b5-45ab-a2b3-03f45b0cc844" />
    <UnitTestResult executionId="9ab7a131-b5ee-4dee-ac3e-18bc7cd046b1" testId="d9f469a1-f624-c004-b17d-818c2269ff06" testName="Test.CollectionIterableTest.Map" computerName="Johnnys-MacBook-Pro" duration="00:00:00.0002663" startTime="2026-09-20T14:41:02.3341840+02:00" endTime="2026-09-20T14:41:02.3341840+02:00" testType="13cdc9d9-ddb5-4fa4-a97d-d965ccfc6d4b" outcome="Passed" testListId="8c84fa94-04c1-424b-9868-57a2d4851a1d" relativeResultsDirectory="9ab7a131-b5ee-4dee-ac3e-18bc7cd046b1" />
    <UnitTestResult executionId="6420e304-32c9-48c9-b816-d463a1720fdb" testId="19a331a2-a6ff-681b-2a88-24b42c1dcbce" testName="BehaviorTests.AsyncOperationsFinishAtAwait(shape: &quot;array&quot;, count: 0)" computerName="Johnnys-MacBook-Pro" duration="00:00:00.0005992" startTime="2026-09-20T14:41:02.3545950+02:00" endTime="2026-09-20T14:41:02.3545950+02:00" testType="13cdc9d9-ddb5-4fa4-a97d-d965ccfc6d4b" outcome="Passed" testListId="8c84fa94-04c1-424b-9868-57a2d4851a1d" relativeResultsDirectory="6420e304-32c9-48c9-b816-d463a1720fdb" />
    <UnitTestResult executionId="84cabe6e-b3df-4680-85b9-7c882a8a6e78" testId="7080445b-9b75-180b-964b-e7277299103b" testName="BehaviorTests.ParallelOperationsPreserveMembership(shape: &quot;list&quot;, count: 1)" computerName="Johnnys-MacBook-Pro" duration="00:00:00.0004855" startTime="2026-09-20T14:41:02.3370390+02:00" endTime="2026-09-20T14:41:02.3370390+02:00" testType="13cdc9d9-ddb5-4fa4-a97d-d965ccfc6d4b" outcome="Passed" testListId="8c84fa94-04c1-424b-9868-57a2d4851a1d" relativeResultsDirectory="84cabe6e-b3df-4680-85b9-7c882a8a6e78" />
    <UnitTestResult executionId="da5a8326-9609-4c5e-bc5e-1a26508e7965" testId="63038738-2c9b-33a0-f777-21bcac93f079" testName="Test.CollectionIterableTest.ToRecord" computerName="Johnnys-MacBook-Pro" duration="00:00:00.0002260" startTime="2026-09-20T14:41:02.3356460+02:00" endTime="2026-09-20T14:41:02.3356460+02:00" testType="13cdc9d9-ddb5-4fa4-a97d-d965ccfc6d4b" outcome="Passed" testListId="8c84fa94-04c1-424b-9868-57a2d4851a1d" relativeResultsDirectory="da5a8326-9609-4c5e-bc5e-1a26508e7965" />
    <UnitTestResult executionId="22b4896b-3d8f-4eec-9c39-2e3951ccc58e" testId="9e34faa7-9f8d-05a0-791c-30381ab3fb0c" testName="BehaviorTests.SequentialOperationsMatchReference(shape: &quot;list&quot;, count: 1)" computerName="Johnnys-MacBook-Pro" duration="00:00:00.0000355" startTime="2026-09-20T14:41:02.3872690+02:00" endTime="2026-09-20T14:41:02.3872690+02:00" testType="13cdc9d9-ddb5-4fa4-a97d-d965ccfc6d4b" outcome="Passed" testListId="8c84fa94-04c1-424b-9868-57a2d4851a1d" relativeResultsDirectory="22b4896b-3d8f-4eec-9c39-2e3951ccc58e" />
    <UnitTestResult executionId="64689d87-6915-49e8-a9b0-081a6ea17965" testId="bac1b5ad-fb22-e3ba-129e-e1d1ef6b65df" testName="Test.CollectionIterableParallelTest.FilterParallelICollection" computerName="Johnnys-MacBook-Pro" duration="00:00:00.0001901" startTime="2026-09-20T14:41:02.3363560+02:00" endTime="2026-09-20T14:41:02.3363560+02:00" testType="13cdc9d9-ddb5-4fa4-a97d-d965ccfc6d4b" outcome="Passed" testListId="8c84fa94-04c1-424b-9868-57a2d4851a1d" relativeResultsDirectory="64689d87-6915-49e8-a9b0-081a6ea17965" />
    <UnitTestResult executionId="9c72f663-70e3-4ea4-a7e6-44e204d69ad3" testId="433a116f-43fe-85ef-c96e-938cb4bdf2b7" testName="Test.CollectionIterableParallelTest.ForEachParallelICollection" computerName="Johnnys-MacBook-Pro" duration="00:00:00.0003345" startTime="2026-09-20T14:41:02.3365250+02:00" endTime="2026-09-20T14:41:02.3365250+02:00" testType="13cdc9d9-ddb5-4fa4-a97d-d965ccfc6d4b" outcome="Passed" testListId="8c84fa94-04c1-424b-9868-57a2d4851a1d" relativeResultsDirectory="9c72f663-70e3-4ea4-a7e6-44e204d69ad3" />
    <UnitTestResult executionId="39142e89-1153-44db-8c8d-bafa39f78a2e" testId="32eb8e5b-0c4a-0404-56a6-0a4033f1f519" testName="Test.CollectionIterableTest.Filter" computerName="Johnnys-MacBook-Pro" duration="00:00:00.0002432" startTime="2026-09-20T14:41:02.3352170+02:00" endTime="2026-09-20T14:41:02.3352170+02:00" testType="13cdc9d9-ddb5-4fa4-a97d-d965ccfc6d4b" outcome="Passed" testListId="8c84fa94-04c1-424b-9868-57a2d4851a1d" relativeResultsDirectory="39142e89-1153-44db-8c8d-bafa39f78a2e" />
    <UnitTestResult executionId="129398b2-14ee-43af-8e32-6d71fd983dfb" testId="d3f5331d-4164-de88-b6d6-1ab1d5894410" testName="Test.CollectionIterableParallelTest.ForEachParallelWhenCancelled" computerName="Johnnys-MacBook-Pro" duration="00:00:00.0004683" startTime="2026-09-20T14:41:02.3364040+02:00" endTime="2026-09-20T14:41:02.3364040+02:00" testType="13cdc9d9-ddb5-4fa4-a97d-d965ccfc6d4b" outcome="Passed" testListId="8c84fa94-04c1-424b-9868-57a2d4851a1d" relativeResultsDirectory="129398b2-14ee-43af-8e32-6d71fd983dfb" />
    <UnitTestResult executionId="8e9675aa-9851-4f21-94a1-6e94ee3cfcdd" testId="50cad885-d269-e24f-1f35-a450a6fa29e4" testName="BehaviorTests.ParallelOperationsPreserveMembership(shape: &quot;list&quot;, count: 32)" computerName="Johnnys-MacBook-Pro" duration="00:00:00.0004244" startTime="2026-09-20T14:41:02.3413140+02:00" endTime="2026-09-20T14:41:02.3413140+02:00" testType="13cdc9d9-ddb5-4fa4-a97d-d965ccfc6d4b" outcome="Passed" testListId="8c84fa94-04c1-424b-9868-57a2d4851a1d" relativeResultsDirectory="8e9675aa-9851-4f21-94a1-6e94ee3cfcdd" />
    <UnitTestResult executionId="92b71279-f8a9-4ebf-ba91-62e71e0e477b" testId="e2c1855e-5036-f3f1-db57-251a2bb2ec05" testName="BehaviorTests.SliceEnumeratesOnceOnlyThroughEndAndDisposes" computerName="Johnnys-MacBook-Pro" duration="00:00:00.0012237" startTime="2026-09-20T14:41:02.3995500+02:00" endTime="2026-09-20T14:41:02.3995500+02:00" testType="13cdc9d9-ddb5-4fa4-a97d-d965ccfc6d4b" outcome="Passed" testListId="8c84fa94-04c1-424b-9868-57a2d4851a1d" relativeResultsDirectory="92b71279-f8a9-4ebf-ba91-62e71e0e477b" />
    <UnitTestResult executionId="7bedf769-5343-4a5a-bbb9-6aee1e33e7f1" testId="0c8fd6c5-bd7d-0162-8855-ded0fc443b1d" testName="BehaviorTests.ParallelOperationsPreserveMembership(shape: &quot;array&quot;, count: 1)" computerName="Johnnys-MacBook-Pro" duration="00:00:00.0005069" startTime="2026-09-20T14:41:02.3370730+02:00" endTime="2026-09-20T14:41:02.3370730+02:00" testType="13cdc9d9-ddb5-4fa4-a97d-d965ccfc6d4b" outcome="Passed" testListId="8c84fa94-04c1-424b-9868-57a2d4851a1d" relativeResultsDirectory="7bedf769-5343-4a5a-bbb9-6aee1e33e7f1" />
    <UnitTestResult executionId="abcdad8a-f5fb-4b14-ad52-cd8693ec7b1a" testId="0eba5a24-84cb-4042-9666-dfb2e01fae19" testName="Test.CollectionIterableAsyncTest.ForEachAsync" computerName="Johnnys-MacBook-Pro" duration="00:00:00.0015376" startTime="2026-09-20T14:41:02.3342090+02:00" endTime="2026-09-20T14:41:02.3342090+02:00" testType="13cdc9d9-ddb5-4fa4-a97d-d965ccfc6d4b" outcome="Passed" testListId="8c84fa94-04c1-424b-9868-57a2d4851a1d" relativeResultsDirectory="abcdad8a-f5fb-4b14-ad52-cd8693ec7b1a" />
    <UnitTestResult executionId="77566067-0f14-4b5b-960c-a079dcef61ae" testId="10c05642-0d2e-92a3-d6a4-725f1fc285c4" testName="Test.CollectionIterableTest.ForEachEnumerable" computerName="Johnnys-MacBook-Pro" duration="00:00:00.0008919" startTime="2026-09-20T14:41:02.3339380+02:00" endTime="2026-09-20T14:41:02.3339380+02:00" testType="13cdc9d9-ddb5-4fa4-a97d-d965ccfc6d4b" outcome="Passed" testListId="8c84fa94-04c1-424b-9868-57a2d4851a1d" relativeResultsDirectory="77566067-0f14-4b5b-960c-a079dcef61ae" />
    <UnitTestResult executionId="7b96c9fd-7b17-4832-95af-8dedf8ace5e0" testId="a8689b89-91d2-aa36-69da-b336f2a96078" testName="Test.CollectionIterableTest.ForEach" computerName="Johnnys-MacBook-Pro" duration="00:00:00.0002025" startTime="2026-09-20T14:41:02.3359200+02:00" endTime="2026-09-20T14:41:02.3359200+02:00" testType="13cdc9d9-ddb5-4fa4-a97d-d965ccfc6d4b" outcome="Passed" testListId="8c84fa94-04c1-424b-9868-57a2d4851a1d" relativeResultsDirectory="7b96c9fd-7b17-4832-95af-8dedf8ace5e0" />
    <UnitTestResult executionId="b2ddb265-b4a1-449c-971d-69fe0ec2d439" testId="eeb46e38-d618-6025-e481-e76078b42bb3" testName="BehaviorTests.ParallelOperationsPreserveMembership(shape: &quot;iterator&quot;, count: 1)" computerName="Johnnys-MacBook-Pro" duration="00:00:00.0004860" startTime="2026-09-20T14:41:02.3373350+02:00" endTime="2026-09-20T14:41:02.3373350+02:00" testType="13cdc9d9-ddb5-4fa4-a97d-d965ccfc6d4b" outcome="Passed" testListId="8c84fa94-04c1-424b-9868-57a2d4851a1d" relativeResultsDirectory="b2ddb265-b4a1-449c-971d-69fe0ec2d439" />
    <UnitTestResult executionId="ea1e2e89-9810-487b-9a29-512869035be6" testId="89412c8d-8cab-7bd0-bdf1-2799d79c2025" testName="Test.CollectionIterableAsyncTest.FilterParallelAsyncICollection" computerName="Johnnys-MacBook-Pro" duration="00:00:00.0012987" startTime="2026-09-20T14:41:02.3368510+02:00" endTime="2026-09-20T14:41:02.3368510+02:00" testType="13cdc9d9-ddb5-4fa4-a97d-d965ccfc6d4b" outcome="Passed" testListId="8c84fa94-04c1-424b-9868-57a2d4851a1d" relativeResultsDirectory="ea1e2e89-9810-487b-9a29-512869035be6" />
    <UnitTestResult executionId="a379a1b0-96a5-4443-9666-be5938b43bb0" testId="7f9701f3-573c-8caf-491c-8ba8aef7cd59" testName="BehaviorTests.AsyncOperationsFinishAtAwait(shape: &quot;list&quot;, count: 0)" computerName="Johnnys-MacBook-Pro" duration="00:00:00.0002986" startTime="2026-09-20T14:41:02.3607530+02:00" endTime="2026-09-20T14:41:02.3607530+02:00" testType="13cdc9d9-ddb5-4fa4-a97d-d965ccfc6d4b" outcome="Passed" testListId="8c84fa94-04c1-424b-9868-57a2d4851a1d" relativeResultsDirectory="a379a1b0-96a5-4443-9666-be5938b43bb0" />
    <UnitTestResult executionId="5aea2edb-a69a-47c7-87c3-e49076dda666" testId="601f1de8-1ff7-04bd-76f4-1ed65b91197d" testName="Test.CollectionIterableAsyncTest.FilterParallelAsyncIEnumerable" computerName="Johnnys-MacBook-Pro" duration="00:00:00.0013672" startTime="2026-09-20T14:41:02.3367270+02:00" endTime="2026-09-20T14:41:02.3367270+02:00" testType="13cdc9d9-ddb5-4fa4-a97d-d965ccfc6d4b" outcome="Passed" testListId="8c84fa94-04c1-424b-9868-57a2d4851a1d" relativeResultsDirectory="5aea2edb-a69a-47c7-87c3-e49076dda666" />
    <UnitTestResult executionId="b137e1ae-47f3-4309-9296-e1f9daaad54a" testId="aeb2c5b5-8ac4-cfbf-62ff-9dd05374bdaf" testName="BehaviorTests.SequentialOperationsMatchReference(shape: &quot;list&quot;, count: 1000)" computerName="Johnnys-MacBook-Pro" duration="00:00:00.0059594" startTime="2026-09-20T14:41:02.3869340+02:00" endTime="2026-09-20T14:41:02.3869340+02:00" testType="13cdc9d9-ddb5-4fa4-a97d-d965ccfc6d4b" outcome="Passed" testListId="8c84fa94-04c1-424b-9868-57a2d4851a1d" relativeResultsDirectory="b137e1ae-47f3-4309-9296-e1f9daaad54a" />
    <UnitTestResult executionId="ae0fa109-95db-4d1f-8324-503c2a18c2a4" testId="7b0905b7-2a5e-f3f6-74a7-8589f3fdc596" testName="Test.CollectionIterableAsyncTest.FilterAsyncIEnumerable" computerName="Johnnys-MacBook-Pro" duration="00:00:00.0022899" startTime="2026-09-20T14:41:02.3340670+02:00" endTime="2026-09-20T14:41:02.3340670+02:00" testType="13cdc9d9-ddb5-4fa4-a97d-d965ccfc6d4b" outcome="Passed" testListId="8c84fa94-04c1-424b-9868-57a2d4851a1d" relativeResultsDirectory="ae0fa109-95db-4d1f-8324-503c2a18c2a4" />
    <UnitTestResult executionId="4ce7c7b6-b3a1-4411-b4de-204ba8c93331" testId="d6bd93a6-5192-e5db-46e5-f82aef5d6693" testName="BehaviorTests.SequentialOperationsMatchReference(shape: &quot;array&quot;, count: 0)" computerName="Johnnys-MacBook-Pro" duration="00:00:00.0044372" startTime="2026-09-20T14:41:02.3659060+02:00" endTime="2026-09-20T14:41:02.3659060+02:00" testType="13cdc9d9-ddb5-4fa4-a97d-d965ccfc6d4b" outcome="Passed" testListId="8c84fa94-04c1-424b-9868-57a2d4851a1d" relativeResultsDirectory="4ce7c7b6-b3a1-4411-b4de-204ba8c93331" />
    <UnitTestResult executionId="a4a1f57a-b938-494d-9334-4063126c4a19" testId="9a0b8d6f-da7e-126f-7cc1-64bdaf244d09" testName="Test.CollectionIterableTest.ConcatEnumerable" computerName="Johnnys-MacBook-Pro" duration="00:00:00.0083774" startTime="2026-09-20T14:41:02.3062160+02:00" endTime="2026-09-20T14:41:02.3062280+02:00" testType="13cdc9d9-ddb5-4fa4-a97d-d965ccfc6d4b" outcome="Passed" testListId="8c84fa94-04c1-424b-9868-57a2d4851a1d" relativeResultsDirectory="a4a1f57a-b938-494d-9334-4063126c4a19" />
    <UnitTestResult executionId="c4ccb0ab-6902-4672-9fcb-f2d10f36b841" testId="798defdc-d99d-2fac-d532-3568b67354d9" testName="Test.CollectionIterableParallelTest.FilterParallel" computerName="Johnnys-MacBook-Pro" duration="00:00:00.0002609" startTime="2026-09-20T14:41:02.3364260+02:00" endTime="2026-09-20T14:41:02.3364260+02:00" testType="13cdc9d9-ddb5-4fa4-a97d-d965ccfc6d4b" outcome="Passed" testListId="8c84fa94-04c1-424b-9868-57a2d4851a1d" relativeResultsDirectory="c4ccb0ab-6902-4672-9fcb-f2d10f36b841" />
    <UnitTestResult executionId="6d637ce0-490c-4822-b025-c6e708d8235d" testId="7f4d901d-8204-70b1-b495-65b992ce5130" testName="BehaviorTests.SequentialOperationsMatchReference(shape: &quot;array&quot;, count: 1000)" computerName="Johnnys-MacBook-Pro" duration="00:00:00.0056280" startTime="2026-09-20T14:41:02.3801780+02:00" endTime="2026-09-20T14:41:02.3801790+02:00" testType="13cdc9d9-ddb5-4fa4-a97d-d965ccfc6d4b" outcome="Passed" testListId="8c84fa94-04c1-424b-9868-57a2d4851a1d" relativeResultsDirectory="6d637ce0-490c-4822-b025-c6e708d8235d" />
    <UnitTestResult executionId="0ac87731-c06c-4c9e-95b1-55c1126ed1da" testId="d68a6387-0e24-737e-5915-673c9a2d5c59" testName="BehaviorTests.SequentialOperationsMatchReference(shape: &quot;iterator&quot;, count: 1000)" computerName="Johnnys-MacBook-Pro" duration="00:00:00.0076171" startTime="2026-09-20T14:41:02.3736120+02:00" endTime="2026-09-20T14:41:02.3736120+02:00" testType="13cdc9d9-ddb5-4fa4-a97d-d965ccfc6d4b" outcome="Passed" testListId="8c84fa94-04c1-424b-9868-57a2d4851a1d" relativeResultsDirectory="0ac87731-c06c-4c9e-95b1-55c1126ed1da" />
    <UnitTestResult executionId="252d5c42-3389-4d9e-aa64-e735de5602d3" testId="847b3b43-69b8-5908-2424-5296a2dd569a" testName="Test.CollectionIterableParallelTest.FilterParallelIEnumerable" computerName="Johnnys-MacBook-Pro" duration="00:00:00.0002645" startTime="2026-09-20T14:41:02.3356890+02:00" endTime="2026-09-20T14:41:02.3356890+02:00" testType="13cdc9d9-ddb5-4fa4-a97d-d965ccfc6d4b" outcome="Passed" testListId="8c84fa94-04c1-424b-9868-57a2d4851a1d" relativeResultsDirectory="252d5c42-3389-4d9e-aa64-e735de5602d3" />
    <UnitTestResult executionId="c53d7958-781d-46e8-b270-c3d8e34f9602" testId="b96bfae6-4535-f629-4a6f-251ec649c264" testName="Test.CollectionIterableTest.ToRecordCollection" computerName="Johnnys-MacBook-Pro" duration="00:00:00.0002502" startTime="2026-09-20T14:41:02.3359410+02:00" endTime="2026-09-20T14:41:02.3359410+02:00" testType="13cdc9d9-ddb5-4fa4-a97d-d965ccfc6d4b" outcome="Passed" testListId="8c84fa94-04c1-424b-9868-57a2d4851a1d" relativeResultsDirectory="c53d7958-781d-46e8-b270-c3d8e34f9602" />
    <UnitTestResult executionId="5b431674-782b-43b0-8f8a-07b26e81397d" testId="d534f18b-441b-c78e-d608-4dad93b5acd1" testName="BehaviorTests.SequentialOperationsMatchReference(shape: &quot;list&quot;, count: 32)" computerName="Johnnys-MacBook-Pro" duration="00:00:00.0001890" startTime="2026-09-20T14:41:02.3871960+02:00" endTime="2026-09-20T14:41:02.3871960+02:00" testType="13cdc9d9-ddb5-4fa4-a97d-d965ccfc6d4b" outcome="Passed" testListId="8c84fa94-04c1-424b-9868-57a2d4851a1d" relativeResultsDirectory="5b431674-782b-43b0-8f8a-07b26e81397d" />
    <UnitTestResult executionId="b656f282-935e-49cf-83d0-a86e3a5fabfd" testId="388942b0-9251-77f9-66bb-31d94382b46a" testName="Test.CollectionIterableTest.MapCollection" computerName="Johnnys-MacBook-Pro" duration="00:00:00.0006455" startTime="2026-09-20T14:41:02.3340930+02:00" endTime="2026-09-20T14:41:02.3340930+02:00" testType="13cdc9d9-ddb5-4fa4-a97d-d965ccfc6d4b" outcome="Passed" testListId="8c84fa94-04c1-424b-9868-57a2d4851a1d" relativeResultsDirectory="b656f282-935e-49cf-83d0-a86e3a5fabfd" />
    <UnitTestResult executionId="7d02768a-9cb4-4a14-a6b5-a25593456757" testId="e5c5c89a-75a1-5fbe-ae00-31daa1d0643b" testName="BehaviorTests.BothSortsHandleOrderedAndDuplicateKeys(count: 0)" computerName="Johnnys-MacBook-Pro" duration="00:00:00.0034257" startTime="2026-09-20T14:41:02.4030020+02:00" endTime="2026-09-20T14:41:02.4030020+02:00" testType="13cdc9d9-ddb5-4fa4-a97d-d965ccfc6d4b" outcome="Passed" testListId="8c84fa94-04c1-424b-9868-57a2d4851a1d" relativeResultsDirectory="7d02768a-9cb4-4a14-a6b5-a25593456757" />
    <UnitTestResult executionId="2176c288-5398-4b81-a384-505ce08a2024" testId="1c6819ef-2b9d-31de-eae6-91ba5aced3e2" testName="BehaviorTests.SequentialOperationsMatchReference(shape: &quot;iterator&quot;, count: 32)" computerName="Johnnys-MacBook-Pro" duration="00:00:00.0004059" startTime="2026-09-20T14:41:02.3806440+02:00" endTime="2026-09-20T14:41:02.3806440+02:00" testType="13cdc9d9-ddb5-4fa4-a97d-d965ccfc6d4b" outcome="Passed" testListId="8c84fa94-04c1-424b-9868-57a2d4851a1d" relativeResultsDirectory="2176c288-5398-4b81-a384-505ce08a2024" />
    <UnitTestResult executionId="166d05e7-a083-4a3b-82d5-5bb712589d45" testId="769280fc-113e-a96d-920a-8e574fcaeb2c" testName="BehaviorTests.ParallelDoesNotMutateOptionsAndPropagatesCallbackErrors" computerName="Johnnys-MacBook-Pro" duration="00:00:00.0039780" startTime="2026-09-20T14:41:02.6223380+02:00" endTime="2026-09-20T14:41:02.6223380+02:00" testType="13cdc9d9-ddb5-4fa4-a97d-d965ccfc6d4b" outcome="Passed" testListId="8c84fa94-04c1-424b-9868-57a2d4851a1d" relativeResultsDirectory="166d05e7-a083-4a3b-82d5-5bb712589d45" />
    <UnitTestResult executionId="09605eb9-0f19-4d3e-bbc9-95b067a5dfb3" testId="2ddad672-5f26-ac6f-d96c-5394d290fea0" testName="BehaviorTests.SortsStringKeysInBothDirections" computerName="Johnnys-MacBook-Pro" duration="00:00:00.0016472" startTime="2026-09-20T14:41:02.6113630+02:00" endTime="2026-09-20T14:41:02.6113630+02:00" testType="13cdc9d9-ddb5-4fa4-a97d-d965ccfc6d4b" outcome="Passed" testListId="8c84fa94-04c1-424b-9868-57a2d4851a1d" relativeResultsDirectory="09605eb9-0f19-4d3e-bbc9-95b067a5dfb3" />
    <UnitTestResult executionId="c825c735-43a3-4e23-af22-c717d4bc5fcb" testId="af425b93-b025-f073-1a5d-74dba367dec9" testName="Test.CollectionIterableAsyncTest.ConcatAsyncICollection" computerName="Johnnys-MacBook-Pro" duration="00:00:00.0012521" startTime="2026-09-20T14:41:02.3367880+02:00" endTime="2026-09-20T14:41:02.3367880+02:00" testType="13cdc9d9-ddb5-4fa4-a97d-d965ccfc6d4b" outcome="Passed" testListId="8c84fa94-04c1-424b-9868-57a2d4851a1d" relativeResultsDirectory="c825c735-43a3-4e23-af22-c717d4bc5fcb" />
    <UnitTestResult executionId="a0e93d05-170c-4fd8-b8f1-169474bb7cc2" testId="c519ca39-85ea-71ce-c155-6e2416756398" testName="Test.CollectionIterableTest.SliceCollection" computerName="Johnnys-MacBook-Pro" duration="00:00:00.0046399" startTime="2026-09-20T14:41:02.3352840+02:00" endTime="2026-09-20T14:41:02.3352840+02:00" testType="13cdc9d9-ddb5-4fa4-a97d-d965ccfc6d4b" outcome="Passed" testListId="8c84fa94-04c1-424b-9868-57a2d4851a1d" relativeResultsDirectory="a0e93d05-170c-4fd8-b8f1-169474bb7cc2" />
    <UnitTestResult executionId="dd1160ce-24ba-450f-b170-8271f6266132" testId="af83f971-bf53-48ea-cf89-2910c14eea30" testName="BehaviorTests.AsyncOperationsFinishAtAwait(shape: &quot;iterator&quot;, count: 0)" computerName="Johnnys-MacBook-Pro" duration="00:00:00.0002509" startTime="2026-09-20T14:41:02.3572780+02:00" endTime="2026-09-20T14:41:02.3572780+02:00" testType="13cdc9d9-ddb5-4fa4-a97d-d965ccfc6d4b" outcome="Passed" testListId="8c84fa94-04c1-424b-9868-57a2d4851a1d" relativeResultsDirectory="dd1160ce-24ba-450f-b170-8271f6266132" />
    <UnitTestResult executionId="8c1d71ca-1262-41ff-be54-33e2d3b09ebf" testId="14160670-1272-8381-ad25-bd6df2258713" testName="BehaviorTests.AsyncOperationsFinishAtAwait(shape: &quot;list&quot;, count: 32)" computerName="Johnnys-MacBook-Pro" duration="00:00:00.0005788" startTime="2026-09-20T14:41:02.3554650+02:00" endTime="2026-09-20T14:41:02.3554650+02:00" testType="13cdc9d9-ddb5-4fa4-a97d-d965ccfc6d4b" outcome="Passed" testListId="8c84fa94-04c1-424b-9868-57a2d4851a1d" relativeResultsDirectory="8c1d71ca-1262-41ff-be54-33e2d3b09ebf" />
    <UnitTestResult executionId="3b7db165-beb9-4da5-a79e-941ca8b060a3" testId="473e5f08-c12e-f60c-3c01-eb8300fa0d12" testName="BehaviorTests.AsyncOperationsFinishAtAwait(shape: &quot;array&quot;, count: 32)" computerName="Johnnys-MacBook-Pro" duration="00:00:00.0004279" startTime="2026-09-20T14:41:02.3614010+02:00" endTime="2026-09-20T14:41:02.3614010+02:00" testType="13cdc9d9-ddb5-4fa4-a97d-d965ccfc6d4b" outcome="Passed" testListId="8c84fa94-04c1-424b-9868-57a2d4851a1d" relativeResultsDirectory="3b7db165-beb9-4da5-a79e-941ca8b060a3" />
    <UnitTestResult executionId="f8743f1e-83e7-483e-b4b0-1f7111cc1ae5" testId="5ebdc504-bf7a-44bc-2e0a-2147bf31ef98" testName="BehaviorTests.BothSortsHandleOrderedAndDuplicateKeys(count: 5000)" computerName="Johnnys-MacBook-Pro" duration="00:00:00.0237368" startTime="2026-09-20T14:41:02.4284750+02:00" endTime="2026-09-20T14:41:02.4284750+02:00" testType="13cdc9d9-ddb5-4fa4-a97d-d965ccfc6d4b" outcome="Passed" testListId="8c84fa94-04c1-424b-9868-57a2d4851a1d" relativeResultsDirectory="f8743f1e-83e7-483e-b4b0-1f7111cc1ae5" />
    <UnitTestResult executionId="33943bc6-3fac-446c-99ef-bb2df1b802ee" testId="c63294a8-69c1-ffcf-e6cb-2f75a22b4186" testName="Test.CollectionIterableTest.SortCollectionAscending" computerName="Johnnys-MacBook-Pro" duration="00:00:00.0003834" startTime="2026-09-20T14:41:02.3341620+02:00" endTime="2026-09-20T14:41:02.3341620+02:00" testType="13cdc9d9-ddb5-4fa4-a97d-d965ccfc6d4b" outcome="Passed" testListId="8c84fa94-04c1-424b-9868-57a2d4851a1d" relativeResultsDirectory="33943bc6-3fac-446c-99ef-bb2df1b802ee" />
    <UnitTestResult executionId="85539cf6-835c-4cac-aab4-6c144294f0b4" testId="4696a9b9-a8c5-332d-d43f-d22f8b236523" testName="Test.CollectionIterableTest.Slice" computerName="Johnnys-MacBook-Pro" duration="00:00:00.0001180" startTime="2026-09-20T14:41:02.3359610+02:00" endTime="2026-09-20T14:41:02.3359610+02:00" testType="13cdc9d9-ddb5-4fa4-a97d-d965ccfc6d4b" outcome="Passed" testListId="8c84fa94-04c1-424b-9868-57a2d4851a1d" relativeResultsDirectory="85539cf6-835c-4cac-aab4-6c144294f0b4" />
    <UnitTestResult executionId="ca50234b-54ff-4076-9b0c-91aaa224b149" testId="1237d985-9ccb-7c7f-ea19-c85f48981d51" testName="BehaviorTests.BothSortsHandleOrderedAndDuplicateKeys(count: 1)" computerName="Johnnys-MacBook-Pro" duration="00:00:00.0015525" startTime="2026-09-20T14:41:02.4046790+02:00" endTime="2026-09-20T14:41:02.4046790+02:00" testType="13cdc9d9-ddb5-4fa4-a97d-d965ccfc6d4b" outcome="Passed" testListId="8c84fa94-04c1-424b-9868-57a2d4851a1d" relativeResultsDirectory="ca50234b-54ff-4076-9b0c-91aaa224b149" />
    <UnitTestResult executionId="4146f647-2499-492f-ad95-667df72bf577" testId="ee7dcacf-32c1-0ca8-9888-90517ab2fa55" testName="BehaviorTests.ParallelOperationsPreserveMembership(shape: &quot;iterator&quot;, count: 32)" computerName="Johnnys-MacBook-Pro" duration="00:00:00.0006219" startTime="2026-09-20T14:41:02.3370570+02:00" endTime="2026-09-20T14:41:02.3370570+02:00" testType="13cdc9d9-ddb5-4fa4-a97d-d965ccfc6d4b" outcome="Passed" testListId="8c84fa94-04c1-424b-9868-57a2d4851a1d" relativeResultsDirectory="4146f647-2499-492f-ad95-667df72bf577" />
    <UnitTestResult executionId="9d482073-6012-472c-a8a3-70a03aa1d74e" testId="4d05be38-9243-1d31-7400-741e5655cfb7" testName="Test.CollectionIterableAsyncTest.ConcatAsyncIEnumerable" computerName="Johnnys-MacBook-Pro" duration="00:00:00.0071143" startTime="2026-09-20T14:41:02.3089910+02:00" endTime="2026-09-20T14:41:02.3089910+02:00" testType="13cdc9d9-ddb5-4fa4-a97d-d965ccfc6d4b" outcome="Passed" testListId="8c84fa94-04c1-424b-9868-57a2d4851a1d" relativeResultsDirectory="9d482073-6012-472c-a8a3-70a03aa1d74e" />
    <UnitTestResult executionId="f21288ea-9c15-42bb-b362-3d42278f75de" testId="49d00f7f-bac5-0f84-243b-c18c80e5982c" testName="BehaviorTests.ParallelOperationsPreserveMembership(shape: &quot;list&quot;, count: 1000)" computerName="Johnnys-MacBook-Pro" duration="00:00:00.0024407" startTime="2026-09-20T14:41:02.3400390+02:00" endTime="2026-09-20T14:41:02.3400390+02:00" testType="13cdc9d9-ddb5-4fa4-a97d-d965ccfc6d4b" outcome="Passed" testListId="8c84fa94-04c1-424b-9868-57a2d4851a1d" relativeResultsDirectory="f21288ea-9c15-42bb-b362-3d42278f75de" />
    <UnitTestResult executionId="2b0a5237-cf34-46b6-8bd0-891e7e4df9fe" testId="632ada4b-1ac5-73f3-54f7-871228d68291" testName="BehaviorTests.BothSortsHandleOrderedAndDuplicateKeys(count: 50000)" computerName="Johnnys-MacBook-Pro" duration="00:00:00.1691313" startTime="2026-09-20T14:41:02.6061710+02:00" endTime="2026-09-20T14:41:02.6061710+02:00" testType="13cdc9d9-ddb5-4fa4-a97d-d965ccfc6d4b" outcome="Passed" testListId="8c84fa94-04c1-424b-9868-57a2d4851a1d" relativeResultsDirectory="2b0a5237-cf34-46b6-8bd0-891e7e4df9fe" />
    <UnitTestResult executionId="11651a37-7067-4fd3-a532-ff8d0c9e54cb" testId="d16a8acc-254b-7dca-738b-07958409e7d9" testName="BehaviorTests.ParallelOperationsPreserveMembership(shape: &quot;array&quot;, count: 32)" computerName="Johnnys-MacBook-Pro" duration="00:00:00.0010164" startTime="2026-09-20T14:41:02.3368110+02:00" endTime="2026-09-20T14:41:02.3368110+02:00" testType="13cdc9d9-ddb5-4fa4-a97d-d965ccfc6d4b" outcome="Passed" testListId="8c84fa94-04c1-424b-9868-57a2d4851a1d" relativeResultsDirectory="11651a37-7067-4fd3-a532-ff8d0c9e54cb" />
    <UnitTestResult executionId="70a44c9b-211f-46fc-9e47-7ccb57d51ef1" testId="8dd63cfe-3b21-6c74-e6d7-bbadf6dda5d2" testName="Test.CollectionIterableTest.ReduceEnumerable" computerName="Johnnys-MacBook-Pro" duration="00:00:00.0006981" startTime="2026-09-20T14:41:02.3091690+02:00" endTime="2026-09-20T14:41:02.3091690+02:00" testType="13cdc9d9-ddb5-4fa4-a97d-d965ccfc6d4b" outcome="Passed" testListId="8c84fa94-04c1-424b-9868-57a2d4851a1d" relativeResultsDirectory="70a44c9b-211f-46fc-9e47-7ccb57d51ef1" />
    <UnitTestResult executionId="cf03f224-bc1d-41f4-b94d-3eec13211861" testId="65ddab89-99c7-da66-cb07-cc88b5c12143" testName="Test.CollectionIterableTest.MapEnumerable" computerName="Johnnys-MacBook-Pro" duration="00:00:00.0003290" startTime="2026-09-20T14:41:02.3363420+02:00" endTime="2026-09-20T14:41:02.3363430+02:00" testType="13cdc9d9-ddb5-4fa4-a97d-d965ccfc6d4b" outcome="Passed" testListId="8c84fa94-04c1-424b-9868-57a2d4851a1d" relativeResultsDirectory="cf03f224-bc1d-41f4-b94d-3eec13211861" />
    <UnitTestResult executionId="596eb1b4-f5e7-440b-9ace-5b8d72188395" testId="a72524f3-ba13-5632-ba84-5385bb52e92f" testName="BehaviorTests.BothSortsHandleOrderedAndDuplicateKeys(count: 32)" computerName="Johnnys-MacBook-Pro" duration="00:00:00.0001669" startTime="2026-09-20T14:41:02.4369360+02:00" endTime="2026-09-20T14:41:02.4369360+02:00" testType="13cdc9d9-ddb5-4fa4-a97d-d965ccfc6d4b" outcome="Passed" testListId="8c84fa94-04c1-424b-9868-57a2d4851a1d" relativeResultsDirectory="596eb1b4-f5e7-440b-9ace-5b8d72188395" />
    <UnitTestResult executionId="ac48eea1-15de-4287-85bb-49947834ed40" testId="f2223e4b-4f78-7bca-e10e-140d3abe7452" testName="BehaviorTests.ParallelOperationsPreserveMembership(shape: &quot;array&quot;, count: 1000)" computerName="Johnnys-MacBook-Pro" duration="00:00:00.0292142" startTime="2026-09-20T14:41:02.3367530+02:00" endTime="2026-09-20T14:41:02.3367530+02:00" testType="13cdc9d9-ddb5-4fa4-a97d-d965ccfc6d4b" outcome="Passed" testListId="8c84fa94-04c1-424b-9868-57a2d4851a1d" relativeResultsDirectory="ac48eea1-15de-4287-85bb-49947834ed40" />
    <UnitTestResult executionId="09d1bcba-af51-4ce6-8bb2-69ae642fd319" testId="f665950b-ed03-d9d0-a0fe-37c5e75d6d9c" testName="Test.CollectionIterableTest.FilterEnumerable" computerName="Johnnys-MacBook-Pro" duration="00:00:00.0009507" startTime="2026-09-20T14:41:02.3093070+02:00" endTime="2026-09-20T14:41:02.3093070+02:00" testType="13cdc9d9-ddb5-4fa4-a97d-d965ccfc6d4b" outcome="Passed" testListId="8c84fa94-04c1-424b-9868-57a2d4851a1d" relativeResultsDirectory="09d1bcba-af51-4ce6-8bb2-69ae642fd319" />
    <UnitTestResult executionId="17a7198e-9054-4ab2-aed4-63964572e2ed" testId="6fc74593-bdbf-39bb-18f6-ef0fe172c80e" testName="BehaviorTests.CancellationDuringFinalCallbackCancelsTask" computerName="Johnnys-MacBook-Pro" duration="00:00:00.0019070" startTime="2026-09-20T14:41:02.6143230+02:00" endTime="2026-09-20T14:41:02.6143230+02:00" testType="13cdc9d9-ddb5-4fa4-a97d-d965ccfc6d4b" outcome="Passed" testListId="8c84fa94-04c1-424b-9868-57a2d4851a1d" relativeResultsDirectory="17a7198e-9054-4ab2-aed4-63964572e2ed" />
    <UnitTestResult executionId="5dbe3d42-5369-4819-a487-7a71c83f9b5e" testId="a290bedb-520d-fc53-af65-fe28b60117c2" testName="Test.CollectionIterableTest.ReduceCollection" computerName="Johnnys-MacBook-Pro" duration="00:00:00.0001782" startTime="2026-09-20T14:41:02.3352410+02:00" endTime="2026-09-20T14:41:02.3352410+02:00" testType="13cdc9d9-ddb5-4fa4-a97d-d965ccfc6d4b" outcome="Passed" testListId="8c84fa94-04c1-424b-9868-57a2d4851a1d" relativeResultsDirectory="5dbe3d42-5369-4819-a487-7a71c83f9b5e" />
    <UnitTestResult executionId="9a1d6cdf-fc9d-4489-bf0f-103a53a8360b" testId="827acfff-ce41-7cf3-031b-7e9ab60cc54a" testName="BehaviorTests.SequentialOperationsMatchReference(shape: &quot;list&quot;, count: 0)" computerName="Johnnys-MacBook-Pro" duration="00:00:00.0004321" startTime="2026-09-20T14:41:02.3745060+02:00" endTime="2026-09-20T14:41:02.3745070+02:00" testType="13cdc9d9-ddb5-4fa4-a97d-d965ccfc6d4b" outcome="Passed" testListId="8c84fa94-04c1-424b-9868-57a2d4851a1d" relativeResultsDirectory="9a1d6cdf-fc9d-4489-bf0f-103a53a8360b" />
  </Results>
  <TestDefinitions>
    <UnitTest name="Test.CollectionIterableTest.Filter" storage="/users/johnny/documents/github/personal/collection-iterable-methods/performance/tests/bin/release/net8.0/tests.dll" id="32eb8e5b-0c4a-0404-56a6-0a4033f1f519">
      <Execution id="39142e89-1153-44db-8c8d-bafa39f78a2e" />
      <TestMethod codeBase="/Users/johnny/Documents/github/personal/collection-iterable-methods/Performance/Tests/bin/Release/net8.0/Tests.dll" adapterTypeName="executor://xunit/VsTestRunner2/netcoreapp" className="Test.CollectionIterableTest" name="Filter" />
    </UnitTest>
    <UnitTest name="BehaviorTests.AsyncOperationsFinishAtAwait(shape: &quot;list&quot;, count: 1)" storage="/users/johnny/documents/github/personal/collection-iterable-methods/performance/tests/bin/release/net8.0/tests.dll" id="9ecec512-7534-47bb-a555-253d4b54abc1">
      <Execution id="b430312a-05fc-4d9e-87f1-e99bd112aefc" />
      <TestMethod codeBase="/Users/johnny/Documents/github/personal/collection-iterable-methods/Performance/Tests/bin/Release/net8.0/Tests.dll" adapterTypeName="executor://xunit/VsTestRunner2/netcoreapp" className="BehaviorTests" name="AsyncOperationsFinishAtAwait" />
    </UnitTest>
    <UnitTest name="Test.CollectionIterableTest.Reduce" storage="/users/johnny/documents/github/personal/collection-iterable-methods/performance/tests/bin/release/net8.0/tests.dll" id="c9b54675-5ad8-1bfb-3f8a-66aa8903952a">
      <Execution id="33c2f394-57cc-48a0-9b4c-b88fdfdced55" />
      <TestMethod codeBase="/Users/johnny/Documents/github/personal/collection-iterable-methods/Performance/Tests/bin/Release/net8.0/Tests.dll" adapterTypeName="executor://xunit/VsTestRunner2/netcoreapp" className="Test.CollectionIterableTest" name="Reduce" />
    </UnitTest>
    <UnitTest name="BehaviorTests.AsyncOperationsFinishAtAwait(shape: &quot;array&quot;, count: 32)" storage="/users/johnny/documents/github/personal/collection-iterable-methods/performance/tests/bin/release/net8.0/tests.dll" id="473e5f08-c12e-f60c-3c01-eb8300fa0d12">
      <Execution id="3b7db165-beb9-4da5-a79e-941ca8b060a3" />
      <TestMethod codeBase="/Users/johnny/Documents/github/personal/collection-iterable-methods/Performance/Tests/bin/Release/net8.0/Tests.dll" adapterTypeName="executor://xunit/VsTestRunner2/netcoreapp" className="BehaviorTests" name="AsyncOperationsFinishAtAwait" />
    </UnitTest>
    <UnitTest name="Test.CollectionIterableParallelTest.ForEachParallelIEnumerable" storage="/users/johnny/documents/github/personal/collection-iterable-methods/performance/tests/bin/release/net8.0/tests.dll" id="a04f290c-67e9-15e5-dc8c-f766987b0e7e">
      <Execution id="fc3b0a06-2e28-40e3-a3e7-bc1ad730af26" />
      <TestMethod codeBase="/Users/johnny/Documents/github/personal/collection-iterable-methods/Performance/Tests/bin/Release/net8.0/Tests.dll" adapterTypeName="executor://xunit/VsTestRunner2/netcoreapp" className="Test.CollectionIterableParallelTest" name="ForEachParallelIEnumerable" />
    </UnitTest>
    <UnitTest name="BehaviorTests.BothSortsHandleOrderedAndDuplicateKeys(count: 2048)" storage="/users/johnny/documents/github/personal/collection-iterable-methods/performance/tests/bin/release/net8.0/tests.dll" id="1d1a02f3-8f2c-c8ce-bd0f-7602789deeb8">
      <Execution id="73efb30c-587b-432a-8656-03e21137fecc" />
      <TestMethod codeBase="/Users/johnny/Documents/github/personal/collection-iterable-methods/Performance/Tests/bin/Release/net8.0/Tests.dll" adapterTypeName="executor://xunit/VsTestRunner2/netcoreapp" className="BehaviorTests" name="BothSortsHandleOrderedAndDuplicateKeys" />
    </UnitTest>
    <UnitTest name="Test.CollectionIterableTest.Map" storage="/users/johnny/documents/github/personal/collection-iterable-methods/performance/tests/bin/release/net8.0/tests.dll" id="d9f469a1-f624-c004-b17d-818c2269ff06">
      <Execution id="9ab7a131-b5ee-4dee-ac3e-18bc7cd046b1" />
      <TestMethod codeBase="/Users/johnny/Documents/github/personal/collection-iterable-methods/Performance/Tests/bin/Release/net8.0/Tests.dll" adapterTypeName="executor://xunit/VsTestRunner2/netcoreapp" className="Test.CollectionIterableTest" name="Map" />
    </UnitTest>
    <UnitTest name="BehaviorTests.ParallelOperationsPreserveMembership(shape: &quot;list&quot;, count: 1000)" storage="/users/johnny/documents/github/personal/collection-iterable-methods/performance/tests/bin/release/net8.0/tests.dll" id="49d00f7f-bac5-0f84-243b-c18c80e5982c">
      <Execution id="f21288ea-9c15-42bb-b362-3d42278f75de" />
      <TestMethod codeBase="/Users/johnny/Documents/github/personal/collection-iterable-methods/Performance/Tests/bin/Release/net8.0/Tests.dll" adapterTypeName="executor://xunit/VsTestRunner2/netcoreapp" className="BehaviorTests" name="ParallelOperationsPreserveMembership" />
    </UnitTest>
    <UnitTest name="BehaviorTests.AsyncOperationsFinishAtAwait(shape: &quot;array&quot;, count: 0)" storage="/users/johnny/documents/github/personal/collection-iterable-methods/performance/tests/bin/release/net8.0/tests.dll" id="19a331a2-a6ff-681b-2a88-24b42c1dcbce">
      <Execution id="6420e304-32c9-48c9-b816-d463a1720fdb" />
      <TestMethod codeBase="/Users/johnny/Documents/github/personal/collection-iterable-methods/Performance/Tests/bin/Release/net8.0/Tests.dll" adapterTypeName="executor://xunit/VsTestRunner2/netcoreapp" className="BehaviorTests" name="AsyncOperationsFinishAtAwait" />
    </UnitTest>
    <UnitTest name="BehaviorTests.AsyncOperationsFinishAtAwait(shape: &quot;iterator&quot;, count: 1000)" storage="/users/johnny/documents/github/personal/collection-iterable-methods/performance/tests/bin/release/net8.0/tests.dll" id="ff9a75db-c85b-029f-4dea-8535625544a0">
      <Execution id="b50d4201-783f-4818-a573-a8a246472960" />
      <TestMethod codeBase="/Users/johnny/Documents/github/personal/collection-iterable-methods/Performance/Tests/bin/Release/net8.0/Tests.dll" adapterTypeName="executor://xunit/VsTestRunner2/netcoreapp" className="BehaviorTests" name="AsyncOperationsFinishAtAwait" />
    </UnitTest>
    <UnitTest name="Test.CollectionIterableTest.ConcatCollection" storage="/users/johnny/documents/github/personal/collection-iterable-methods/performance/tests/bin/release/net8.0/tests.dll" id="c5d01b0a-5938-a6c4-e1b2-0d784c29ff45">
      <Execution id="c3be95f3-b472-4d81-9f31-069a84bcb28c" />
      <TestMethod codeBase="/Users/johnny/Documents/github/personal/collection-iterable-methods/Performance/Tests/bin/Release/net8.0/Tests.dll" adapterTypeName="executor://xunit/VsTestRunner2/netcoreapp" className="Test.CollectionIterableTest" name="ConcatCollection" />
    </UnitTest>
    <UnitTest name="Test.CollectionIterableTest.ToRecordStringAndNumbers" storage="/users/johnny/documents/github/personal/collection-iterable-methods/performance/tests/bin/release/net8.0/tests.dll" id="67c16d20-fc9e-cd4b-3386-54ce406d5c2e">
      <Execution id="d31e31fe-c0c8-47be-b173-0ac3d18a5cae" />
      <TestMethod codeBase="/Users/johnny/Documents/github/personal/collection-iterable-methods/Performance/Tests/bin/Release/net8.0/Tests.dll" adapterTypeName="executor://xunit/VsTestRunner2/netcoreapp" className="Test.CollectionIterableTest" name="ToRecordStringAndNumbers" />
    </UnitTest>
    <UnitTest name="Test.CollectionIterableTest.SortCollectionAscending" storage="/users/johnny/documents/github/personal/collection-iterable-methods/performance/tests/bin/release/net8.0/tests.dll" id="c63294a8-69c1-ffcf-e6cb-2f75a22b4186">
      <Execution id="33943bc6-3fac-446c-99ef-bb2df1b802ee" />
      <TestMethod codeBase="/Users/johnny/Documents/github/personal/collection-iterable-methods/Performance/Tests/bin/Release/net8.0/Tests.dll" adapterTypeName="executor://xunit/VsTestRunner2/netcoreapp" className="Test.CollectionIterableTest" name="SortCollectionAscending" />
    </UnitTest>
    <UnitTest name="BehaviorTests.ParallelOperationsPreserveMembership(shape: &quot;iterator&quot;, count: 1)" storage="/users/johnny/documents/github/personal/collection-iterable-methods/performance/tests/bin/release/net8.0/tests.dll" id="eeb46e38-d618-6025-e481-e76078b42bb3">
      <Execution id="b2ddb265-b4a1-449c-971d-69fe0ec2d439" />
      <TestMethod codeBase="/Users/johnny/Documents/github/personal/collection-iterable-methods/Performance/Tests/bin/Release/net8.0/Tests.dll" adapterTypeName="executor://xunit/VsTestRunner2/netcoreapp" className="BehaviorTests" name="ParallelOperationsPreserveMembership" />
    </UnitTest>
    <UnitTest name="BehaviorTests.SequentialOperationsMatchReference(shape: &quot;list&quot;, count: 1)" storage="/users/johnny/documents/github/personal/collection-iterable-methods/performance/tests/bin/release/net8.0/tests.dll" id="9e34faa7-9f8d-05a0-791c-30381ab3fb0c">
      <Execution id="22b4896b-3d8f-4eec-9c39-2e3951ccc58e" />
      <TestMethod codeBase="/Users/johnny/Documents/github/personal/collection-iterable-methods/Performance/Tests/bin/Release/net8.0/Tests.dll" adapterTypeName="executor://xunit/VsTestRunner2/netcoreapp" className="BehaviorTests" name="SequentialOperationsMatchReference" />
    </UnitTest>
    <UnitTest name="BehaviorTests.ParallelOperationsPreserveMembership(shape: &quot;iterator&quot;, count: 32)" storage="/users/johnny/documents/github/personal/collection-iterable-methods/performance/tests/bin/release/net8.0/tests.dll" id="ee7dcacf-32c1-0ca8-9888-90517ab2fa55">
      <Execution id="4146f647-2499-492f-ad95-667df72bf577" />
      <TestMethod codeBase="/Users/johnny/Documents/github/personal/collection-iterable-methods/Performance/Tests/bin/Release/net8.0/Tests.dll" adapterTypeName="executor://xunit/VsTestRunner2/netcoreapp" className="BehaviorTests" name="ParallelOperationsPreserveMembership" />
    </UnitTest>
    <UnitTest name="Test.CollectionIterableTest.SliceCollection" storage="/users/johnny/documents/github/personal/collection-iterable-methods/performance/tests/bin/release/net8.0/tests.dll" id="c519ca39-85ea-71ce-c155-6e2416756398">
      <Execution id="a0e93d05-170c-4fd8-b8f1-169474bb7cc2" />
      <TestMethod codeBase="/Users/johnny/Documents/github/personal/collection-iterable-methods/Performance/Tests/bin/Release/net8.0/Tests.dll" adapterTypeName="executor://xunit/VsTestRunner2/netcoreapp" className="Test.CollectionIterableTest" name="SliceCollection" />
    </UnitTest>
    <UnitTest name="Test.CollectionIterableParallelTest.SortCollectionParallelDescending" storage="/users/johnny/documents/github/personal/collection-iterable-methods/performance/tests/bin/release/net8.0/tests.dll" id="1acba469-1360-4b37-a81e-7139580d586d">
      <Execution id="453a3f62-73a6-4d58-a751-2e40e662ac9c" />
      <TestMethod codeBase="/Users/johnny/Documents/github/personal/collection-iterable-methods/Performance/Tests/bin/Release/net8.0/Tests.dll" adapterTypeName="executor://xunit/VsTestRunner2/netcoreapp" className="Test.CollectionIterableParallelTest" name="SortCollectionParallelDescending" />
    </UnitTest>
    <UnitTest name="Test.CollectionIterableTest.SortCollectionDescending" storage="/users/johnny/documents/github/personal/collection-iterable-methods/performance/tests/bin/release/net8.0/tests.dll" id="de748f2a-30ae-21c1-3931-346381649a13">
      <Execution id="a7dae444-2c35-41ac-893b-e1bebce551a3" />
      <TestMethod codeBase="/Users/johnny/Documents/github/personal/collection-iterable-methods/Performance/Tests/bin/Release/net8.0/Tests.dll" adapterTypeName="executor://xunit/VsTestRunner2/netcoreapp" className="Test.CollectionIterableTest" name="SortCollectionDescending" />
    </UnitTest>
    <UnitTest name="Test.CollectionIterableTest.ForEachCollection" storage="/users/johnny/documents/github/personal/collection-iterable-methods/performance/tests/bin/release/net8.0/tests.dll" id="d51844c2-6632-dcb3-0045-27bfc4388db0">
      <Execution id="b53c9904-52f5-42dc-b9a3-4a454328b9d1" />
      <TestMethod codeBase="/Users/johnny/Documents/github/personal/collection-iterable-methods/Performance/Tests/bin/Release/net8.0/Tests.dll" adapterTypeName="executor://xunit/VsTestRunner2/netcoreapp" className="Test.CollectionIterableTest" name="ForEachCollection" />
    </UnitTest>
    <UnitTest name="BehaviorTests.BothSortsHandleOrderedAndDuplicateKeys(count: 32)" storage="/users/johnny/documents/github/personal/collection-iterable-methods/performance/tests/bin/release/net8.0/tests.dll" id="a72524f3-ba13-5632-ba84-5385bb52e92f">
      <Execution id="596eb1b4-f5e7-440b-9ace-5b8d72188395" />
      <TestMethod codeBase="/Users/johnny/Documents/github/personal/collection-iterable-methods/Performance/Tests/bin/Release/net8.0/Tests.dll" adapterTypeName="executor://xunit/VsTestRunner2/netcoreapp" className="BehaviorTests" name="BothSortsHandleOrderedAndDuplicateKeys" />
    </UnitTest>
    <UnitTest name="Test.CollectionIterableParallelTest.FilterParallelWhenCancelled" storage="/users/johnny/documents/github/personal/collection-iterable-methods/performance/tests/bin/release/net8.0/tests.dll" id="38207d83-f77c-3e53-2a82-cc7302347856">
      <Execution id="014b090a-967e-4d53-bfd7-a87e694f24ce" />
      <TestMethod codeBase="/Users/johnny/Documents/github/personal/collection-iterable-methods/Performance/Tests/bin/Release/net8.0/Tests.dll" adapterTypeName="executor://xunit/VsTestRunner2/netcoreapp" className="Test.CollectionIterableParallelTest" name="FilterParallelWhenCancelled" />
    </UnitTest>
    <UnitTest name="BehaviorTests.ParallelOperationsPreserveMembership(shape: &quot;list&quot;, count: 32)" storage="/users/johnny/documents/github/personal/collection-iterable-methods/performance/tests/bin/release/net8.0/tests.dll" id="50cad885-d269-e24f-1f35-a450a6fa29e4">
      <Execution id="8e9675aa-9851-4f21-94a1-6e94ee3cfcdd" />
      <TestMethod codeBase="/Users/johnny/Documents/github/personal/collection-iterable-methods/Performance/Tests/bin/Release/net8.0/Tests.dll" adapterTypeName="executor://xunit/VsTestRunner2/netcoreapp" className="BehaviorTests" name="ParallelOperationsPreserveMembership" />
    </UnitTest>
    <UnitTest name="BehaviorTests.AsyncOperationsFinishAtAwait(shape: &quot;array&quot;, count: 1000)" storage="/users/johnny/documents/github/personal/collection-iterable-methods/performance/tests/bin/release/net8.0/tests.dll" id="d692e060-644b-e7e4-9374-469bccf4cdf2">
      <Execution id="e5a30c18-2bf9-421e-97e1-a3b7be2ab901" />
      <TestMethod codeBase="/Users/johnny/Documents/github/personal/collection-iterable-methods/Performance/Tests/bin/Release/net8.0/Tests.dll" adapterTypeName="executor://xunit/VsTestRunner2/netcoreapp" className="BehaviorTests" name="AsyncOperationsFinishAtAwait" />
    </UnitTest>
    <UnitTest name="BehaviorTests.AsyncOperationsFinishAtAwait(shape: &quot;list&quot;, count: 32)" storage="/users/johnny/documents/github/personal/collection-iterable-methods/performance/tests/bin/release/net8.0/tests.dll" id="14160670-1272-8381-ad25-bd6df2258713">
      <Execution id="8c1d71ca-1262-41ff-be54-33e2d3b09ebf" />
      <TestMethod codeBase="/Users/johnny/Documents/github/personal/collection-iterable-methods/Performance/Tests/bin/Release/net8.0/Tests.dll" adapterTypeName="executor://xunit/VsTestRunner2/netcoreapp" className="BehaviorTests" name="AsyncOperationsFinishAtAwait" />
    </UnitTest>
    <UnitTest name="Test.CollectionIterableAsyncTest.FilterParallelAsyncICollection" storage="/users/johnny/documents/github/personal/collection-iterable-methods/performance/tests/bin/release/net8.0/tests.dll" id="89412c8d-8cab-7bd0-bdf1-2799d79c2025">
      <Execution id="ea1e2e89-9810-487b-9a29-512869035be6" />
      <TestMethod codeBase="/Users/johnny/Documents/github/personal/collection-iterable-methods/Performance/Tests/bin/Release/net8.0/Tests.dll" adapterTypeName="executor://xunit/VsTestRunner2/netcoreapp" className="Test.CollectionIterableAsyncTest" name="FilterParallelAsyncICollection" />
    </UnitTest>
    <UnitTest name="BehaviorTests.ParallelOperationsPreserveMembership(shape: &quot;array&quot;, count: 0)" storage="/users/johnny/documents/github/personal/collection-iterable-methods/performance/tests/bin/release/net8.0/tests.dll" id="54e640ee-3b05-6eed-7eba-c70724cfd828">
      <Execution id="75a1aa4c-f722-4bdc-b707-b5bbf05fda9d" />
      <TestMethod codeBase="/Users/johnny/Documents/github/personal/collection-iterable-methods/Performance/Tests/bin/Release/net8.0/Tests.dll" adapterTypeName="executor://xunit/VsTestRunner2/netcoreapp" className="BehaviorTests" name="ParallelOperationsPreserveMembership" />
    </UnitTest>
    <UnitTest name="BehaviorTests.BothSortsHandleOrderedAndDuplicateKeys(count: 1)" storage="/users/johnny/documents/github/personal/collection-iterable-methods/performance/tests/bin/release/net8.0/tests.dll" id="1237d985-9ccb-7c7f-ea19-c85f48981d51">
      <Execution id="ca50234b-54ff-4076-9b0c-91aaa224b149" />
      <TestMethod codeBase="/Users/johnny/Documents/github/personal/collection-iterable-methods/Performance/Tests/bin/Release/net8.0/Tests.dll" adapterTypeName="executor://xunit/VsTestRunner2/netcoreapp" className="BehaviorTests" name="BothSortsHandleOrderedAndDuplicateKeys" />
    </UnitTest>
    <UnitTest name="Test.CollectionIterableTest.ForEachEnumerable" storage="/users/johnny/documents/github/personal/collection-iterable-methods/performance/tests/bin/release/net8.0/tests.dll" id="10c05642-0d2e-92a3-d6a4-725f1fc285c4">
      <Execution id="77566067-0f14-4b5b-960c-a079dcef61ae" />
      <TestMethod codeBase="/Users/johnny/Documents/github/personal/collection-iterable-methods/Performance/Tests/bin/Release/net8.0/Tests.dll" adapterTypeName="executor://xunit/VsTestRunner2/netcoreapp" className="Test.CollectionIterableTest" name="ForEachEnumerable" />
    </UnitTest>
    <UnitTest name="BehaviorTests.SequentialOperationsMatchReference(shape: &quot;iterator&quot;, count: 1000)" storage="/users/johnny/documents/github/personal/collection-iterable-methods/performance/tests/bin/release/net8.0/tests.dll" id="d68a6387-0e24-737e-5915-673c9a2d5c59">
      <Execution id="0ac87731-c06c-4c9e-95b1-55c1126ed1da" />
      <TestMethod codeBase="/Users/johnny/Documents/github/personal/collection-iterable-methods/Performance/Tests/bin/Release/net8.0/Tests.dll" adapterTypeName="executor://xunit/VsTestRunner2/netcoreapp" className="BehaviorTests" name="SequentialOperationsMatchReference" />
    </UnitTest>
    <UnitTest name="BehaviorTests.SortsStringKeysInBothDirections" storage="/users/johnny/documents/github/personal/collection-iterable-methods/performance/tests/bin/release/net8.0/tests.dll" id="2ddad672-5f26-ac6f-d96c-5394d290fea0">
      <Execution id="09605eb9-0f19-4d3e-bbc9-95b067a5dfb3" />
      <TestMethod codeBase="/Users/johnny/Documents/github/personal/collection-iterable-methods/Performance/Tests/bin/Release/net8.0/Tests.dll" adapterTypeName="executor://xunit/VsTestRunner2/netcoreapp" className="BehaviorTests" name="SortsStringKeysInBothDirections" />
    </UnitTest>
    <UnitTest name="Test.CollectionIterableParallelTest.ToDictionaryParallel" storage="/users/johnny/documents/github/personal/collection-iterable-methods/performance/tests/bin/release/net8.0/tests.dll" id="64914c10-6625-af28-8d8a-9e55bcbb424c">
      <Execution id="fbb15bb1-a76c-465d-8e12-91d8c0d283c3" />
      <TestMethod codeBase="/Users/johnny/Documents/github/personal/collection-iterable-methods/Performance/Tests/bin/Release/net8.0/Tests.dll" adapterTypeName="executor://xunit/VsTestRunner2/netcoreapp" className="Test.CollectionIterableParallelTest" name="ToDictionaryParallel" />
    </UnitTest>
    <UnitTest name="Test.CollectionIterableParallelTest.FilterParallel" storage="/users/johnny/documents/github/personal/collection-iterable-methods/performance/tests/bin/release/net8.0/tests.dll" id="798defdc-d99d-2fac-d532-3568b67354d9">
      <Execution id="c4ccb0ab-6902-4672-9fcb-f2d10f36b841" />
      <TestMethod codeBase="/Users/johnny/Documents/github/personal/collection-iterable-methods/Performance/Tests/bin/Release/net8.0/Tests.dll" adapterTypeName="executor://xunit/VsTestRunner2/netcoreapp" className="Test.CollectionIterableParallelTest" name="FilterParallel" />
    </UnitTest>
    <UnitTest name="Test.CollectionIterableParallelTest.SortCollectionParallelAscending" storage="/users/johnny/documents/github/personal/collection-iterable-methods/performance/tests/bin/release/net8.0/tests.dll" id="b5d53198-321c-1220-93a1-158a73e2deff">
      <Execution id="ff58c79b-1589-481b-811b-da68d3b17e1c" />
      <TestMethod codeBase="/Users/johnny/Documents/github/personal/collection-iterable-methods/Performance/Tests/bin/Release/net8.0/Tests.dll" adapterTypeName="executor://xunit/VsTestRunner2/netcoreapp" className="Test.CollectionIterableParallelTest" name="SortCollectionParallelAscending" />
    </UnitTest>
    <UnitTest name="BehaviorTests.SliceEnumeratesOnceOnlyThroughEndAndDisposes" storage="/users/johnny/documents/github/personal/collection-iterable-methods/performance/tests/bin/release/net8.0/tests.dll" id="e2c1855e-5036-f3f1-db57-251a2bb2ec05">
      <Execution id="92b71279-f8a9-4ebf-ba91-62e71e0e477b" />
      <TestMethod codeBase="/Users/johnny/Documents/github/personal/collection-iterable-methods/Performance/Tests/bin/Release/net8.0/Tests.dll" adapterTypeName="executor://xunit/VsTestRunner2/netcoreapp" className="BehaviorTests" name="SliceEnumeratesOnceOnlyThroughEndAndDisposes" />
    </UnitTest>
    <UnitTest name="Test.CollectionIterableAsyncTest.FilterParallelAsyncIEnumerable" storage="/users/johnny/documents/github/personal/collection-iterable-methods/performance/tests/bin/release/net8.0/tests.dll" id="601f1de8-1ff7-04bd-76f4-1ed65b91197d">
      <Execution id="5aea2edb-a69a-47c7-87c3-e49076dda666" />
      <TestMethod codeBase="/Users/johnny/Documents/github/personal/collection-iterable-methods/Performance/Tests/bin/Release/net8.0/Tests.dll" adapterTypeName="executor://xunit/VsTestRunner2/netcoreapp" className="Test.CollectionIterableAsyncTest" name="FilterParallelAsyncIEnumerable" />
    </UnitTest>
    <UnitTest name="Test.CollectionIterableParallelTest.SortCollectionParallelIEnumerableDescending" storage="/users/johnny/documents/github/personal/collection-iterable-methods/performance/tests/bin/release/net8.0/tests.dll" id="b4a5b523-9e5c-f353-acf8-632ef71e5447">
      <Execution id="b91a0b5a-fb79-45ff-8b54-e50c39fde78e" />
      <TestMethod codeBase="/Users/johnny/Documents/github/personal/collection-iterable-methods/Performance/Tests/bin/Release/net8.0/Tests.dll" adapterTypeName="executor://xunit/VsTestRunner2/netcoreapp" className="Test.CollectionIterableParallelTest" name="SortCollectionParallelIEnumerableDescending" />
    </UnitTest>
    <UnitTest name="BehaviorTests.SequentialOperationsMatchReference(shape: &quot;iterator&quot;, count: 32)" storage="/users/johnny/documents/github/personal/collection-iterable-methods/performance/tests/bin/release/net8.0/tests.dll" id="1c6819ef-2b9d-31de-eae6-91ba5aced3e2">
      <Execution id="2176c288-5398-4b81-a384-505ce08a2024" />
      <TestMethod codeBase="/Users/johnny/Documents/github/personal/collection-iterable-methods/Performance/Tests/bin/Release/net8.0/Tests.dll" adapterTypeName="executor://xunit/VsTestRunner2/netcoreapp" className="BehaviorTests" name="SequentialOperationsMatchReference" />
    </UnitTest>
    <UnitTest name="BehaviorTests.MapInferenceWorksForArrayAndCollection" storage="/users/johnny/documents/github/personal/collection-iterable-methods/performance/tests/bin/release/net8.0/tests.dll" id="a2d36c93-a4ea-6b87-e58d-e86df7ed8e62">
      <Execution id="41169226-20fc-492d-b15b-1095885f0288" />
      <TestMethod codeBase="/Users/johnny/Documents/github/personal/collection-iterable-methods/Performance/Tests/bin/Release/net8.0/Tests.dll" adapterTypeName="executor://xunit/VsTestRunner2/netcoreapp" className="BehaviorTests" name="MapInferenceWorksForArrayAndCollection" />
    </UnitTest>
    <UnitTest name="BehaviorTests.AsyncOperationsFinishAtAwait(shape: &quot;array&quot;, count: 1)" storage="/users/johnny/documents/github/personal/collection-iterable-methods/performance/tests/bin/release/net8.0/tests.dll" id="3ca1a663-9631-63a2-9322-076fd6cd1f92">
      <Execution id="70835c77-3496-4095-97e2-bdef923c3cda" />
      <TestMethod codeBase="/Users/johnny/Documents/github/personal/collection-iterable-methods/Performance/Tests/bin/Release/net8.0/Tests.dll" adapterTypeName="executor://xunit/VsTestRunner2/netcoreapp" className="BehaviorTests" name="AsyncOperationsFinishAtAwait" />
    </UnitTest>
[...]
    </UnitTest>
    <UnitTest name="Test.CollectionIterableTest.ToRecordEnumerable" storage="/users/johnny/documents/github/personal/collection-iterable-methods/performance/tests/bin/release/net8.0/tests.dll" id="dc4d71cc-b192-5917-1e8d-ee4fd98c5930">
      <Execution id="c2fe8566-b1c8-433a-8fd0-89c97eab2068" />
      <TestMethod codeBase="/Users/johnny/Documents/github/personal/collection-iterable-methods/Performance/Tests/bin/Release/net8.0/Tests.dll" adapterTypeName="executor://xunit/VsTestRunner2/netcoreapp" className="Test.CollectionIterableTest" name="ToRecordEnumerable" />
    </UnitTest>
    <UnitTest name="BehaviorTests.SequentialOperationsMatchReference(shape: &quot;iterator&quot;, count: 0)" storage="/users/johnny/documents/github/personal/collection-iterable-methods/performance/tests/bin/release/net8.0/tests.dll" id="4a383bd6-5d76-dabb-5df3-4dbe3023a656">
      <Execution id="f4dc755d-6a34-43a4-b258-f7e0e3d1c64b" />
      <TestMethod codeBase="/Users/johnny/Documents/github/personal/collection-iterable-methods/Performance/Tests/bin/Release/net8.0/Tests.dll" adapterTypeName="executor://xunit/VsTestRunner2/netcoreapp" className="BehaviorTests" name="SequentialOperationsMatchReference" />
    </UnitTest>
    <UnitTest name="Test.CollectionIterableTest.ReduceEnumerable" storage="/users/johnny/documents/github/personal/collection-iterable-methods/performance/tests/bin/release/net8.0/tests.dll" id="8dd63cfe-3b21-6c74-e6d7-bbadf6dda5d2">
      <Execution id="70a44c9b-211f-46fc-9e47-7ccb57d51ef1" />
      <TestMethod codeBase="/Users/johnny/Documents/github/personal/collection-iterable-methods/Performance/Tests/bin/Release/net8.0/Tests.dll" adapterTypeName="executor://xunit/VsTestRunner2/netcoreapp" className="Test.CollectionIterableTest" name="ReduceEnumerable" />
    </UnitTest>
  </TestDefinitions>
  <TestEntries>
    <TestEntry testId="eb399cc0-5e44-ad7b-a61f-99f02cfee20d" executionId="f9990b2b-6d98-48b5-8a30-55940b5c0231" testListId="8c84fa94-04c1-424b-9868-57a2d4851a1d" />
    <TestEntry testId="891decea-b534-8a43-a60b-ad70264205c2" executionId="b288e0ea-e568-44e3-b7d9-58497ab2ef4f" testListId="8c84fa94-04c1-424b-9868-57a2d4851a1d" />
    <TestEntry testId="51b948b1-4c6d-5ece-3f77-1ea81ea322b6" executionId="692c3bd4-19ff-411a-8312-da2e2c5fedb9" testListId="8c84fa94-04c1-424b-9868-57a2d4851a1d" />
    <TestEntry testId="c5d01b0a-5938-a6c4-e1b2-0d784c29ff45" executionId="c3be95f3-b472-4d81-9f31-069a84bcb28c" testListId="8c84fa94-04c1-424b-9868-57a2d4851a1d" />
    <TestEntry testId="b5d53198-321c-1220-93a1-158a73e2deff" executionId="ff58c79b-1589-481b-811b-da68d3b17e1c" testListId="8c84fa94-04c1-424b-9868-57a2d4851a1d" />
    <TestEntry testId="1d2757f3-51fa-2f82-50f8-d81595e85e32" executionId="feddec38-1868-4312-8446-ceffe8b35eb5" testListId="8c84fa94-04c1-424b-9868-57a2d4851a1d" />
    <TestEntry testId="50c590f1-0ab3-c531-0d50-6fffff7eaedd" executionId="b6ff4320-2bfe-4346-a490-0934fedf46de" testListId="8c84fa94-04c1-424b-9868-57a2d4851a1d" />
    <TestEntry testId="1f6f5437-a1e0-6863-1215-e35aa544dd7a" executionId="69e63ac5-7c82-4bce-8d56-53fa3f644098" testListId="8c84fa94-04c1-424b-9868-57a2d4851a1d" />
    <TestEntry testId="38207d83-f77c-3e53-2a82-cc7302347856" executionId="014b090a-967e-4d53-bfd7-a87e694f24ce" testListId="8c84fa94-04c1-424b-9868-57a2d4851a1d" />
    <TestEntry testId="c9b54675-5ad8-1bfb-3f8a-66aa8903952a" executionId="33c2f394-57cc-48a0-9b4c-b88fdfdced55" testListId="8c84fa94-04c1-424b-9868-57a2d4851a1d" />
    <TestEntry testId="941956aa-0016-a7c1-1a4a-0d2c8a7ecbb0" executionId="7958c0af-a5f8-42d1-81d9-2e3dbb89a59c" testListId="8c84fa94-04c1-424b-9868-57a2d4851a1d" />
    <TestEntry testId="ff9a75db-c85b-029f-4dea-8535625544a0" executionId="b50d4201-783f-4818-a573-a8a246472960" testListId="8c84fa94-04c1-424b-9868-57a2d4851a1d" />
    <TestEntry testId="94b36a89-7797-253d-a55f-7e4c1089d187" executionId="abec99e1-a7d5-4ac6-a5bc-a62893704f03" testListId="8c84fa94-04c1-424b-9868-57a2d4851a1d" />
    <TestEntry testId="41123350-ef1d-8452-b33b-49ec907e37ac" executionId="b8a0b94d-1134-4ac9-a8eb-d37448551e90" testListId="8c84fa94-04c1-424b-9868-57a2d4851a1d" />
    <TestEntry testId="bbbdba5c-6873-31f9-0574-80feb27bacbe" executionId="1d6ff729-f7e0-4f4b-9260-fc160388d737" testListId="8c84fa94-04c1-424b-9868-57a2d4851a1d" />
    <TestEntry testId="54e640ee-3b05-6eed-7eba-c70724cfd828" executionId="75a1aa4c-f722-4bdc-b707-b5bbf05fda9d" testListId="8c84fa94-04c1-424b-9868-57a2d4851a1d" />
    <TestEntry testId="67c16d20-fc9e-cd4b-3386-54ce406d5c2e" executionId="d31e31fe-c0c8-47be-b173-0ac3d18a5cae" testListId="8c84fa94-04c1-424b-9868-57a2d4851a1d" />
    <TestEntry testId="1506c9fd-d30d-707f-c5c0-ac13545005ee" executionId="a90fdf90-3b88-484a-880e-d9e630f9b533" testListId="8c84fa94-04c1-424b-9868-57a2d4851a1d" />
    <TestEntry testId="eac78a5b-8fe7-8752-a1bc-c6c6dcebd47f" executionId="ca7894d0-1b0f-4b67-9740-1bacd04ad75b" testListId="8c84fa94-04c1-424b-9868-57a2d4851a1d" />
    <TestEntry testId="3630ee18-cb29-cbff-26a6-c9b4dc1b3588" executionId="9ab7c755-df5a-4bc7-906e-11f76565d7ac" testListId="8c84fa94-04c1-424b-9868-57a2d4851a1d" />
    <TestEntry testId="b4a5b523-9e5c-f353-acf8-632ef71e5447" executionId="b91a0b5a-fb79-45ff-8b54-e50c39fde78e" testListId="8c84fa94-04c1-424b-9868-57a2d4851a1d" />
    <TestEntry testId="461a0e94-1ce6-9f59-96b7-33ada46728ac" executionId="c4363827-7c0d-437d-ab4e-9753b555856f" testListId="8c84fa94-04c1-424b-9868-57a2d4851a1d" />
    <TestEntry testId="6115f649-ed56-e021-f01b-031ce26ab371" executionId="9053148c-55fe-4007-bae1-e0ab961396e7" testListId="8c84fa94-04c1-424b-9868-57a2d4851a1d" />
    <TestEntry testId="15e1f783-b91c-5b7e-8515-422d0e641df5" executionId="f15a2ffd-698a-4d5b-9f57-ed9919207181" testListId="8c84fa94-04c1-424b-9868-57a2d4851a1d" />
    <TestEntry testId="1d1a02f3-8f2c-c8ce-bd0f-7602789deeb8" executionId="73efb30c-587b-432a-8656-03e21137fecc" testListId="8c84fa94-04c1-424b-9868-57a2d4851a1d" />
    <TestEntry testId="a2d36c93-a4ea-6b87-e58d-e86df7ed8e62" executionId="41169226-20fc-492d-b15b-1095885f0288" testListId="8c84fa94-04c1-424b-9868-57a2d4851a1d" />
    <TestEntry testId="d692e060-644b-e7e4-9374-469bccf4cdf2" executionId="e5a30c18-2bf9-421e-97e1-a3b7be2ab901" testListId="8c84fa94-04c1-424b-9868-57a2d4851a1d" />
    <TestEntry testId="9ecec512-7534-47bb-a555-253d4b54abc1" executionId="b430312a-05fc-4d9e-87f1-e99bd112aefc" testListId="8c84fa94-04c1-424b-9868-57a2d4851a1d" />
    <TestEntry testId="de748f2a-30ae-21c1-3931-346381649a13" executionId="a7dae444-2c35-41ac-893b-e1bebce551a3" testListId="8c84fa94-04c1-424b-9868-57a2d4851a1d" />
    <TestEntry testId="82e5473b-443e-d95f-2af3-610c893cb1f5" executionId="e8adcdfc-5505-4808-b85f-a966d285ee95" testListId="8c84fa94-04c1-424b-9868-57a2d4851a1d" />
    <TestEntry testId="3ca1a663-9631-63a2-9322-076fd6cd1f92" executionId="70835c77-3496-4095-97e2-bdef923c3cda" testListId="8c84fa94-04c1-424b-9868-57a2d4851a1d" />
    <TestEntry testId="1acba469-1360-4b37-a81e-7139580d586d" executionId="453a3f62-73a6-4d58-a751-2e40e662ac9c" testListId="8c84fa94-04c1-424b-9868-57a2d4851a1d" />
    <TestEntry testId="c09a8426-77ff-447f-f31e-d895be906053" executionId="38682832-2e35-41bb-9380-a223385ec7c9" testListId="8c84fa94-04c1-424b-9868-57a2d4851a1d" />
    <TestEntry testId="db495b7c-950a-2411-bf37-50f602864525" executionId="3c51d12f-a395-4160-ac4a-f44083ac52db" testListId="8c84fa94-04c1-424b-9868-57a2d4851a1d" />
    <TestEntry testId="d51844c2-6632-dcb3-0045-27bfc4388db0" executionId="b53c9904-52f5-42dc-b9a3-4a454328b9d1" testListId="8c84fa94-04c1-424b-9868-57a2d4851a1d" />
    <TestEntry testId="336be225-a841-f5f6-8543-7ae0582e5902" executionId="dea58544-1a73-4e3b-939a-63fe6d74cf81" testListId="8c84fa94-04c1-424b-9868-57a2d4851a1d" />
    <TestEntry testId="39dc3176-a5d3-3b03-6951-f3aa9d110405" executionId="3d92698a-2e87-400a-b94a-ec84d8c3a521" testListId="8c84fa94-04c1-424b-9868-57a2d4851a1d" />
    <TestEntry testId="1e1aa50f-2a24-7526-8c3d-087ea9f74355" executionId="26a17ba0-d3e2-4e2d-8d8c-04f037af2f1d" testListId="8c84fa94-04c1-424b-9868-57a2d4851a1d" />
    <TestEntry testId="dc4d71cc-b192-5917-1e8d-ee4fd98c5930" executionId="c2fe8566-b1c8-433a-8fd0-89c97eab2068" testListId="8c84fa94-04c1-424b-9868-57a2d4851a1d" />
    <TestEntry testId="a610c374-9f87-75ec-a19b-7743e3131f45" executionId="6f61506b-a76a-4176-8e54-11af57de8dfc" testListId="8c84fa94-04c1-424b-9868-57a2d4851a1d" />
    <TestEntry testId="4a383bd6-5d76-dabb-5df3-4dbe3023a656" executionId="f4dc755d-6a34-43a4-b258-f7e0e3d1c64b" testListId="8c84fa94-04c1-424b-9868-57a2d4851a1d" />
    <TestEntry testId="5c2d404a-00d1-3694-4f2f-46a6b8dc1b57" executionId="a986e99a-5bb8-4dc5-bc34-b5ea51eb47db" testListId="8c84fa94-04c1-424b-9868-57a2d4851a1d" />
    <TestEntry testId="6ca11de3-02c9-2639-3153-e4fdbca04544" executionId="4fbd9899-e6ec-46a0-8846-ce8e5a73cc8c" testListId="8c84fa94-04c1-424b-9868-57a2d4851a1d" />
    <TestEntry testId="64914c10-6625-af28-8d8a-9e55bcbb424c" executionId="fbb15bb1-a76c-465d-8e12-91d8c0d283c3" testListId="8c84fa94-04c1-424b-9868-57a2d4851a1d" />
    <TestEntry testId="a04f290c-67e9-15e5-dc8c-f766987b0e7e" executionId="fc3b0a06-2e28-40e3-a3e7-bc1ad730af26" testListId="8c84fa94-04c1-424b-9868-57a2d4851a1d" />
    <TestEntry testId="d5d72f3e-46a3-06ae-e44a-6411aa75b31e" executionId="ddabaff4-534f-45a4-bfa8-db08eaf83946" testListId="8c84fa94-04c1-424b-9868-57a2d4851a1d" />
    <TestEntry testId="90a46e78-b21c-e036-c874-dc7ede0ca5fd" executionId="cefc2613-89ca-4601-a933-bdb4de7f6938" testListId="8c84fa94-04c1-424b-9868-57a2d4851a1d" />
    <TestEntry testId="7cba0af7-ba70-3d52-4f92-890ddbf5429f" executionId="4c685559-b4b5-45ab-a2b3-03f45b0cc844" testListId="8c84fa94-04c1-424b-9868-57a2d4851a1d" />
    <TestEntry testId="d9f469a1-f624-c004-b17d-818c2269ff06" executionId="9ab7a131-b5ee-4dee-ac3e-18bc7cd046b1" testListId="8c84fa94-04c1-424b-9868-57a2d4851a1d" />
    <TestEntry testId="19a331a2-a6ff-681b-2a88-24b42c1dcbce" executionId="6420e304-32c9-48c9-b816-d463a1720fdb" testListId="8c84fa94-04c1-424b-9868-57a2d4851a1d" />
    <TestEntry testId="7080445b-9b75-180b-964b-e7277299103b" executionId="84cabe6e-b3df-4680-85b9-7c882a8a6e78" testListId="8c84fa94-04c1-424b-9868-57a2d4851a1d" />
    <TestEntry testId="63038738-2c9b-33a0-f777-21bcac93f079" executionId="da5a8326-9609-4c5e-bc5e-1a26508e7965" testListId="8c84fa94-04c1-424b-9868-57a2d4851a1d" />
    <TestEntry testId="9e34faa7-9f8d-05a0-791c-30381ab3fb0c" executionId="22b4896b-3d8f-4eec-9c39-2e3951ccc58e" testListId="8c84fa94-04c1-424b-9868-57a2d4851a1d" />
    <TestEntry testId="bac1b5ad-fb22-e3ba-129e-e1d1ef6b65df" executionId="64689d87-6915-49e8-a9b0-081a6ea17965" testListId="8c84fa94-04c1-424b-9868-57a2d4851a1d" />
    <TestEntry testId="433a116f-43fe-85ef-c96e-938cb4bdf2b7" executionId="9c72f663-70e3-4ea4-a7e6-44e204d69ad3" testListId="8c84fa94-04c1-424b-9868-57a2d4851a1d" />
    <TestEntry testId="32eb8e5b-0c4a-0404-56a6-0a4033f1f519" executionId="39142e89-1153-44db-8c8d-bafa39f78a2e" testListId="8c84fa94-04c1-424b-9868-57a2d4851a1d" />
    <TestEntry testId="d3f5331d-4164-de88-b6d6-1ab1d5894410" executionId="129398b2-14ee-43af-8e32-6d71fd983dfb" testListId="8c84fa94-04c1-424b-9868-57a2d4851a1d" />
    <TestEntry testId="50cad885-d269-e24f-1f35-a450a6fa29e4" executionId="8e9675aa-9851-4f21-94a1-6e94ee3cfcdd" testListId="8c84fa94-04c1-424b-9868-57a2d4851a1d" />
    <TestEntry testId="e2c1855e-5036-f3f1-db57-251a2bb2ec05" executionId="92b71279-f8a9-4ebf-ba91-62e71e0e477b" testListId="8c84fa94-04c1-424b-9868-57a2d4851a1d" />
    <TestEntry testId="0c8fd6c5-bd7d-0162-8855-ded0fc443b1d" executionId="7bedf769-5343-4a5a-bbb9-6aee1e33e7f1" testListId="8c84fa94-04c1-424b-9868-57a2d4851a1d" />
    <TestEntry testId="0eba5a24-84cb-4042-9666-dfb2e01fae19" executionId="abcdad8a-f5fb-4b14-ad52-cd8693ec7b1a" testListId="8c84fa94-04c1-424b-9868-57a2d4851a1d" />
    <TestEntry testId="10c05642-0d2e-92a3-d6a4-725f1fc285c4" executionId="77566067-0f14-4b5b-960c-a079dcef61ae" testListId="8c84fa94-04c1-424b-9868-57a2d4851a1d" />
    <TestEntry testId="a8689b89-91d2-aa36-69da-b336f2a96078" executionId="7b96c9fd-7b17-4832-95af-8dedf8ace5e0" testListId="8c84fa94-04c1-424b-9868-57a2d4851a1d" />
    <TestEntry testId="eeb46e38-d618-6025-e481-e76078b42bb3" executionId="b2ddb265-b4a1-449c-971d-69fe0ec2d439" testListId="8c84fa94-04c1-424b-9868-57a2d4851a1d" />
    <TestEntry testId="89412c8d-8cab-7bd0-bdf1-2799d79c2025" executionId="ea1e2e89-9810-487b-9a29-512869035be6" testListId="8c84fa94-04c1-424b-9868-57a2d4851a1d" />
    <TestEntry testId="7f9701f3-573c-8caf-491c-8ba8aef7cd59" executionId="a379a1b0-96a5-4443-9666-be5938b43bb0" testListId="8c84fa94-04c1-424b-9868-57a2d4851a1d" />
    <TestEntry testId="601f1de8-1ff7-04bd-76f4-1ed65b91197d" executionId="5aea2edb-a69a-47c7-87c3-e49076dda666" testListId="8c84fa94-04c1-424b-9868-57a2d4851a1d" />
    <TestEntry testId="aeb2c5b5-8ac4-cfbf-62ff-9dd05374bdaf" executionId="b137e1ae-47f3-4309-9296-e1f9daaad54a" testListId="8c84fa94-04c1-424b-9868-57a2d4851a1d" />
    <TestEntry testId="7b0905b7-2a5e-f3f6-74a7-8589f3fdc596" executionId="ae0fa109-95db-4d1f-8324-503c2a18c2a4" testListId="8c84fa94-04c1-424b-9868-57a2d4851a1d" />
    <TestEntry testId="d6bd93a6-5192-e5db-46e5-f82aef5d6693" executionId="4ce7c7b6-b3a1-4411-b4de-204ba8c93331" testListId="8c84fa94-04c1-424b-9868-57a2d4851a1d" />
    <TestEntry testId="9a0b8d6f-da7e-126f-7cc1-64bdaf244d09" executionId="a4a1f57a-b938-494d-9334-4063126c4a19" testListId="8c84fa94-04c1-424b-9868-57a2d4851a1d" />
    <TestEntry testId="798defdc-d99d-2fac-d532-3568b67354d9" executionId="c4ccb0ab-6902-4672-9fcb-f2d10f36b841" testListId="8c84fa94-04c1-424b-9868-57a2d4851a1d" />
    <TestEntry testId="7f4d901d-8204-70b1-b495-65b992ce5130" executionId="6d637ce0-490c-4822-b025-c6e708d8235d" testListId="8c84fa94-04c1-424b-9868-57a2d4851a1d" />
    <TestEntry testId="d68a6387-0e24-737e-5915-673c9a2d5c59" executionId="0ac87731-c06c-4c9e-95b1-55c1126ed1da" testListId="8c84fa94-04c1-424b-9868-57a2d4851a1d" />
    <TestEntry testId="847b3b43-69b8-5908-2424-5296a2dd569a" executionId="252d5c42-3389-4d9e-aa64-e735de5602d3" testListId="8c84fa94-04c1-424b-9868-57a2d4851a1d" />
    <TestEntry testId="b96bfae6-4535-f629-4a6f-251ec649c264" executionId="c53d7958-781d-46e8-b270-c3d8e34f9602" testListId="8c84fa94-04c1-424b-9868-57a2d4851a1d" />
    <TestEntry testId="d534f18b-441b-c78e-d608-4dad93b5acd1" executionId="5b431674-782b-43b0-8f8a-07b26e81397d" testListId="8c84fa94-04c1-424b-9868-57a2d4851a1d" />
    <TestEntry testId="388942b0-9251-77f9-66bb-31d94382b46a" executionId="b656f282-935e-49cf-83d0-a86e3a5fabfd" testListId="8c84fa94-04c1-424b-9868-57a2d4851a1d" />
    <TestEntry testId="e5c5c89a-75a1-5fbe-ae00-31daa1d0643b" executionId="7d02768a-9cb4-4a14-a6b5-a25593456757" testListId="8c84fa94-04c1-424b-9868-57a2d4851a1d" />
    <TestEntry testId="1c6819ef-2b9d-31de-eae6-91ba5aced3e2" executionId="2176c288-5398-4b81-a384-505ce08a2024" testListId="8c84fa94-04c1-424b-9868-57a2d4851a1d" />
    <TestEntry testId="769280fc-113e-a96d-920a-8e574fcaeb2c" executionId="166d05e7-a083-4a3b-82d5-5bb712589d45" testListId="8c84fa94-04c1-424b-9868-57a2d4851a1d" />
    <TestEntry testId="2ddad672-5f26-ac6f-d96c-5394d290fea0" executionId="09605eb9-0f19-4d3e-bbc9-95b067a5dfb3" testListId="8c84fa94-04c1-424b-9868-57a2d4851a1d" />
    <TestEntry testId="af425b93-b025-f073-1a5d-74dba367dec9" executionId="c825c735-43a3-4e23-af22-c717d4bc5fcb" testListId="8c84fa94-04c1-424b-9868-57a2d4851a1d" />
    <TestEntry testId="c519ca39-85ea-71ce-c155-6e2416756398" executionId="a0e93d05-170c-4fd8-b8f1-169474bb7cc2" testListId="8c84fa94-04c1-424b-9868-57a2d4851a1d" />
    <TestEntry testId="af83f971-bf53-48ea-cf89-2910c14eea30" executionId="dd1160ce-24ba-450f-b170-8271f6266132" testListId="8c84fa94-04c1-424b-9868-57a2d4851a1d" />
    <TestEntry testId="14160670-1272-8381-ad25-bd6df2258713" executionId="8c1d71ca-1262-41ff-be54-33e2d3b09ebf" testListId="8c84fa94-04c1-424b-9868-57a2d4851a1d" />
    <TestEntry testId="473e5f08-c12e-f60c-3c01-eb8300fa0d12" executionId="3b7db165-beb9-4da5-a79e-941ca8b060a3" testListId="8c84fa94-04c1-424b-9868-57a2d4851a1d" />
    <TestEntry testId="5ebdc504-bf7a-44bc-2e0a-2147bf31ef98" executionId="f8743f1e-83e7-483e-b4b0-1f7111cc1ae5" testListId="8c84fa94-04c1-424b-9868-57a2d4851a1d" />
    <TestEntry testId="c63294a8-69c1-ffcf-e6cb-2f75a22b4186" executionId="33943bc6-3fac-446c-99ef-bb2df1b802ee" testListId="8c84fa94-04c1-424b-9868-57a2d4851a1d" />
    <TestEntry testId="4696a9b9-a8c5-332d-d43f-d22f8b236523" executionId="85539cf6-835c-4cac-aab4-6c144294f0b4" testListId="8c84fa94-04c1-424b-9868-57a2d4851a1d" />
    <TestEntry testId="1237d985-9ccb-7c7f-ea19-c85f48981d51" executionId="ca50234b-54ff-4076-9b0c-91aaa224b149" testListId="8c84fa94-04c1-424b-9868-57a2d4851a1d" />
    <TestEntry testId="ee7dcacf-32c1-0ca8-9888-90517ab2fa55" executionId="4146f647-2499-492f-ad95-667df72bf577" testListId="8c84fa94-04c1-424b-9868-57a2d4851a1d" />
    <TestEntry testId="4d05be38-9243-1d31-7400-741e5655cfb7" executionId="9d482073-6012-472c-a8a3-70a03aa1d74e" testListId="8c84fa94-04c1-424b-9868-57a2d4851a1d" />
    <TestEntry testId="49d00f7f-bac5-0f84-243b-c18c80e5982c" executionId="f21288ea-9c15-42bb-b362-3d42278f75de" testListId="8c84fa94-04c1-424b-9868-57a2d4851a1d" />
    <TestEntry testId="632ada4b-1ac5-73f3-54f7-871228d68291" executionId="2b0a5237-cf34-46b6-8bd0-891e7e4df9fe" testListId="8c84fa94-04c1-424b-9868-57a2d4851a1d" />
    <TestEntry testId="d16a8acc-254b-7dca-738b-07958409e7d9" executionId="11651a37-7067-4fd3-a532-ff8d0c9e54cb" testListId="8c84fa94-04c1-424b-9868-57a2d4851a1d" />
    <TestEntry testId="8dd63cfe-3b21-6c74-e6d7-bbadf6dda5d2" executionId="70a44c9b-211f-46fc-9e47-7ccb57d51ef1" testListId="8c84fa94-04c1-424b-9868-57a2d4851a1d" />
    <TestEntry testId="65ddab89-99c7-da66-cb07-cc88b5c12143" executionId="cf03f224-bc1d-41f4-b94d-3eec13211861" testListId="8c84fa94-04c1-424b-9868-57a2d4851a1d" />
    <TestEntry testId="a72524f3-ba13-5632-ba84-5385bb52e92f" executionId="596eb1b4-f5e7-440b-9ace-5b8d72188395" testListId="8c84fa94-04c1-424b-9868-57a2d4851a1d" />
    <TestEntry testId="f2223e4b-4f78-7bca-e10e-140d3abe7452" executionId="ac48eea1-15de-4287-85bb-49947834ed40" testListId="8c84fa94-04c1-424b-9868-57a2d4851a1d" />
    <TestEntry testId="f665950b-ed03-d9d0-a0fe-37c5e75d6d9c" executionId="09d1bcba-af51-4ce6-8bb2-69ae642fd319" testListId="8c84fa94-04c1-424b-9868-57a2d4851a1d" />
    <TestEntry testId="6fc74593-bdbf-39bb-18f6-ef0fe172c80e" executionId="17a7198e-9054-4ab2-aed4-63964572e2ed" testListId="8c84fa94-04c1-424b-9868-57a2d4851a1d" />
    <TestEntry testId="a290bedb-520d-fc53-af65-fe28b60117c2" executionId="5dbe3d42-5369-4819-a487-7a71c83f9b5e" testListId="8c84fa94-04c1-424b-9868-57a2d4851a1d" />
    <TestEntry testId="827acfff-ce41-7cf3-031b-7e9ab60cc54a" executionId="9a1d6cdf-fc9d-4489-bf0f-103a53a8360b" testListId="8c84fa94-04c1-424b-9868-57a2d4851a1d" />
  </TestEntries>
  <TestLists>
    <TestList name="Results Not in a List" id="8c84fa94-04c1-424b-9868-57a2d4851a1d" />
    <TestList name="All Loaded Results" id="19431567-8539-422a-85d7-44ee4e166bda" />
  </TestLists>
  <ResultSummary outcome="Completed">
    <Counters total="104" executed="104" passed="104" failed="0" error="0" timeout="0" aborted="0" inconclusive="0" passedButRunAborted="0" notRunnable="0" notExecuted="0" disconnected="0" warning="0" completed="0" inProgress="0" pending="0" />
    <Output>
      <StdOut>[xUnit.net 00:00:00.00] xUnit.net VSTest Adapter v2.8.2+699d445a1a (64-bit .NET 8.0.31)
[xUnit.net 00:00:00.05]   Discovering: Tests
[xUnit.net 00:00:00.09]   Discovered:  Tests
[xUnit.net 00:00:00.09]   Starting:    Tests
[xUnit.net 00:00:00.44]   Finished:    Tests
</StdOut>
    </Output>
  </ResultSummary>
</TestRun>