<?xml version="1.0" encoding="utf-8"?>
<TestRun id="7d3b2c6f-94ce-45ce-a473-00bd8818c9c0" name="@Johnnys-MacBook-Pro 2026-09-20 14:19:47" xmlns="http://microsoft.com/schemas/VisualStudio/TeamTest/2010">
  <Times creation="2026-09-20T14:19:47.3997430+02:00" queuing="2026-09-20T14:19:47.3997430+02:00" start="2026-09-20T14:19:46.9762200+02:00" finish="2026-09-20T14:19:47.6666170+02:00" />
  <TestSettings name="default" id="f8ae4239-90eb-415b-a89b-291aca2b0d6c">
    <Deployment runDeploymentRoot="_Johnnys-MacBook-Pro_2026-09-20_14_19_47" />
  </TestSettings>
  <Results>
    <UnitTestResult executionId="9fb5d1f0-682a-4e87-8391-7246d6f18160" testId="19a331a2-a6ff-681b-2a88-24b42c1dcbce" testName="BehaviorTests.AsyncOperationsFinishAtAwait(shape: &quot;array&quot;, count: 0)" computerName="Johnnys-MacBook-Pro" duration="00:00:00.0004467" startTime="2026-09-20T14:19:47.3939440+02:00" endTime="2026-09-20T14:19:47.3939440+02:00" testType="13cdc9d9-ddb5-4fa4-a97d-d965ccfc6d4b" outcome="Passed" testListId="8c84fa94-04c1-424b-9868-57a2d4851a1d" relativeResultsDirectory="9fb5d1f0-682a-4e87-8391-7246d6f18160" />
    <UnitTestResult executionId="bcac624c-2136-4546-a4ea-db87bd817286" testId="c519ca39-85ea-71ce-c155-6e2416756398" testName="Test.CollectionIterableTest.SliceCollection" computerName="Johnnys-MacBook-Pro" duration="00:00:00.0045890" startTime="2026-09-20T14:19:47.3768110+02:00" endTime="2026-09-20T14:19:47.3768110+02:00" testType="13cdc9d9-ddb5-4fa4-a97d-d965ccfc6d4b" outcome="Passed" testListId="8c84fa94-04c1-424b-9868-57a2d4851a1d" relativeResultsDirectory="bcac624c-2136-4546-a4ea-db87bd817286" />
    <UnitTestResult executionId="a2e8abcb-ac48-4f6b-b3b6-8d0a684ce169" testId="49d00f7f-bac5-0f84-243b-c18c80e5982c" testName="BehaviorTests.ParallelOperationsPreserveMembership(shape: &quot;list&quot;, count: 1000)" computerName="Johnnys-MacBook-Pro" duration="00:00:00.0016323" startTime="2026-09-20T14:19:47.3807450+02:00" endTime="2026-09-20T14:19:47.3807450+02:00" testType="13cdc9d9-ddb5-4fa4-a97d-d965ccfc6d4b" outcome="Passed" testListId="8c84fa94-04c1-424b-9868-57a2d4851a1d" relativeResultsDirectory="a2e8abcb-ac48-4f6b-b3b6-8d0a684ce169" />
    <UnitTestResult executionId="44f33019-ef08-4171-ad7c-b359117b151c" testId="eb399cc0-5e44-ad7b-a61f-99f02cfee20d" testName="BehaviorTests.ParallelHonorsEitherCancellationSource(secondary: False)" computerName="Johnnys-MacBook-Pro" duration="00:00:00.0021807" startTime="2026-09-20T14:19:47.6191450+02:00" endTime="2026-09-20T14:19:47.6191450+02:00" testType="13cdc9d9-ddb5-4fa4-a97d-d965ccfc6d4b" outcome="Passed" testListId="8c84fa94-04c1-424b-9868-57a2d4851a1d" relativeResultsDirectory="44f33019-ef08-4171-ad7c-b359117b151c" />
    <UnitTestResult executionId="a11bd716-3acd-4099-ba7f-4f699837153a" testId="d5d72f3e-46a3-06ae-e44a-6411aa75b31e" testName="Test.CollectionIterableParallelTest.ToDictionaryParallelIEnumerable" computerName="Johnnys-MacBook-Pro" duration="00:00:00.0029460" startTime="2026-09-20T14:19:47.3766730+02:00" endTime="2026-09-20T14:19:47.3766730+02:00" testType="13cdc9d9-ddb5-4fa4-a97d-d965ccfc6d4b" outcome="Passed" testListId="8c84fa94-04c1-424b-9868-57a2d4851a1d" relativeResultsDirectory="a11bd716-3acd-4099-ba7f-4f699837153a" />
    <UnitTestResult executionId="508db714-2881-464c-b905-3c6fe6bab8c2" testId="51b948b1-4c6d-5ece-3f77-1ea81ea322b6" testName="BehaviorTests.SequentialOperationsMatchReference(shape: &quot;array&quot;, count: 32)" computerName="Johnnys-MacBook-Pro" duration="00:00:00.0001751" startTime="2026-09-20T14:19:47.4155080+02:00" endTime="2026-09-20T14:19:47.4155080+02:00" testType="13cdc9d9-ddb5-4fa4-a97d-d965ccfc6d4b" outcome="Passed" testListId="8c84fa94-04c1-424b-9868-57a2d4851a1d" relativeResultsDirectory="508db714-2881-464c-b905-3c6fe6bab8c2" />
    <UnitTestResult executionId="7596574a-6dfa-4934-94f4-4896d75fc0ae" testId="a290bedb-520d-fc53-af65-fe28b60117c2" testName="Test.CollectionIterableTest.ReduceCollection" computerName="Johnnys-MacBook-Pro" duration="00:00:00.0001125" startTime="2026-09-20T14:19:47.3767260+02:00" endTime="2026-09-20T14:19:47.3767260+02:00" testType="13cdc9d9-ddb5-4fa4-a97d-d965ccfc6d4b" outcome="Passed" testListId="8c84fa94-04c1-424b-9868-57a2d4851a1d" relativeResultsDirectory="7596574a-6dfa-4934-94f4-4896d75fc0ae" />
    <UnitTestResult executionId="406a9d9a-0472-469b-bf39-2f569f105eb3" testId="941956aa-0016-a7c1-1a4a-0d2c8a7ecbb0" testName="Test.CollectionIterableTest.Concat" computerName="Johnnys-MacBook-Pro" duration="00:00:00.0001897" startTime="2026-09-20T14:19:47.3758820+02:00" endTime="2026-09-20T14:19:47.3758820+02:00" testType="13cdc9d9-ddb5-4fa4-a97d-d965ccfc6d4b" outcome="Passed" testListId="8c84fa94-04c1-424b-9868-57a2d4851a1d" relativeResultsDirectory="406a9d9a-0472-469b-bf39-2f569f105eb3" />
    <UnitTestResult executionId="04529d61-27c2-45b9-9368-2a63f6f930fc" testId="4d05be38-9243-1d31-7400-741e5655cfb7" testName="Test.CollectionIterableAsyncTest.ConcatAsyncIEnumerable" computerName="Johnnys-MacBook-Pro" duration="00:00:00.0045862" startTime="2026-09-20T14:19:47.3556780+02:00" endTime="2026-09-20T14:19:47.3556780+02:00" testType="13cdc9d9-ddb5-4fa4-a97d-d965ccfc6d4b" outcome="Passed" testListId="8c84fa94-04c1-424b-9868-57a2d4851a1d" relativeResultsDirectory="04529d61-27c2-45b9-9368-2a63f6f930fc" />
    <UnitTestResult executionId="21120c49-956b-4f00-8038-1b6295a32a03" testId="b96bfae6-4535-f629-4a6f-251ec649c264" testName="Test.CollectionIterableTest.ToRecordCollection" computerName="Johnnys-MacBook-Pro" duration="00:00:00.0003028" startTime="2026-09-20T14:19:47.3773210+02:00" endTime="2026-09-20T14:19:47.3773210+02:00" testType="13cdc9d9-ddb5-4fa4-a97d-d965ccfc6d4b" outcome="Passed" testListId="8c84fa94-04c1-424b-9868-57a2d4851a1d" relativeResultsDirectory="21120c49-956b-4f00-8038-1b6295a32a03" />
    <UnitTestResult executionId="cf09b715-233a-43f2-a96c-5443f93f36df" testId="39dc3176-a5d3-3b03-6951-f3aa9d110405" testName="BehaviorTests.AsyncOperationsFinishAtAwait(shape: &quot;list&quot;, count: 1000)" computerName="Johnnys-MacBook-Pro" duration="00:00:00.0017402" startTime="2026-09-20T14:19:47.3978310+02:00" endTime="2026-09-20T14:19:47.3978310+02:00" testType="13cdc9d9-ddb5-4fa4-a97d-d965ccfc6d4b" outcome="Passed" testListId="8c84fa94-04c1-424b-9868-57a2d4851a1d" relativeResultsDirectory="cf09b715-233a-43f2-a96c-5443f93f36df" />
    <UnitTestResult executionId="b56bfe08-de30-42e7-98e6-bc665c94fb93" testId="1c6819ef-2b9d-31de-eae6-91ba5aced3e2" testName="BehaviorTests.SequentialOperationsMatchReference(shape: &quot;iterator&quot;, count: 32)" computerName="Johnnys-MacBook-Pro" duration="00:00:00.0002446" startTime="2026-09-20T14:19:47.4153220+02:00" endTime="2026-09-20T14:19:47.4153220+02:00" testType="13cdc9d9-ddb5-4fa4-a97d-d965ccfc6d4b" outcome="Passed" testListId="8c84fa94-04c1-424b-9868-57a2d4851a1d" relativeResultsDirectory="b56bfe08-de30-42e7-98e6-bc665c94fb93" />
    <UnitTestResult executionId="64648a41-7f57-4dc7-a82f-8a6977c727eb" testId="d51844c2-6632-dcb3-0045-27bfc4388db0" testName="Test.CollectionIterableTest.ForEachCollection" computerName="Johnnys-MacBook-Pro" duration="00:00:00.0002097" startTime="2026-09-20T14:19:47.3773890+02:00" endTime="2026-09-20T14:19:47.3773890+02:00" testType="13cdc9d9-ddb5-4fa4-a97d-d965ccfc6d4b" outcome="Passed" testListId="8c84fa94-04c1-424b-9868-57a2d4851a1d" relativeResultsDirectory="64648a41-7f57-4dc7-a82f-8a6977c727eb" />
    <UnitTestResult executionId="7cf7899d-3bd7-46ac-b784-7afe35e6352b" testId="d534f18b-441b-c78e-d608-4dad93b5acd1" testName="BehaviorTests.SequentialOperationsMatchReference(shape: &quot;list&quot;, count: 32)" computerName="Johnnys-MacBook-Pro" duration="00:00:00.0001993" startTime="2026-09-20T14:19:47.4210190+02:00" endTime="2026-09-20T14:19:47.4210190+02:00" testType="13cdc9d9-ddb5-4fa4-a97d-d965ccfc6d4b" outcome="Passed" testListId="8c84fa94-04c1-424b-9868-57a2d4851a1d" relativeResultsDirectory="7cf7899d-3bd7-46ac-b784-7afe35e6352b" />
    <UnitTestResult executionId="e9b2d3d7-ff66-41a5-b30d-920ad2fc482b" testId="461a0e94-1ce6-9f59-96b7-33ada46728ac" testName="BehaviorTests.ParallelOperationsPreserveMembership(shape: &quot;iterator&quot;, count: 1000)" computerName="Johnnys-MacBook-Pro" duration="00:00:00.0051979" startTime="2026-09-20T14:19:47.3780730+02:00" endTime="2026-09-20T14:19:47.3780730+02:00" testType="13cdc9d9-ddb5-4fa4-a97d-d965ccfc6d4b" outcome="Passed" testListId="8c84fa94-04c1-424b-9868-57a2d4851a1d" relativeResultsDirectory="e9b2d3d7-ff66-41a5-b30d-920ad2fc482b" />
    <UnitTestResult executionId="e8af1d3f-c1a9-4d20-8d1c-2e228eede2c7" testId="d9f469a1-f624-c004-b17d-818c2269ff06" testName="Test.CollectionIterableTest.Map" computerName="Johnnys-MacBook-Pro" duration="00:00:00.0002985" startTime="2026-09-20T14:19:47.3759290+02:00" endTime="2026-09-20T14:19:47.3759290+02:00" testType="13cdc9d9-ddb5-4fa4-a97d-d965ccfc6d4b" outcome="Passed" testListId="8c84fa94-04c1-424b-9868-57a2d4851a1d" relativeResultsDirectory="e8af1d3f-c1a9-4d20-8d1c-2e228eede2c7" />
    <UnitTestResult executionId="d6ddbc94-b2f9-4167-b7a1-dfa6f5850ee9" testId="847b3b43-69b8-5908-2424-5296a2dd569a" testName="Test.CollectionIterableParallelTest.FilterParallelIEnumerable" computerName="Johnnys-MacBook-Pro" duration="00:00:00.0001890" startTime="2026-09-20T14:19:47.3770830+02:00" endTime="2026-09-20T14:19:47.3770830+02:00" testType="13cdc9d9-ddb5-4fa4-a97d-d965ccfc6d4b" outcome="Passed" testListId="8c84fa94-04c1-424b-9868-57a2d4851a1d" relativeResultsDirectory="d6ddbc94-b2f9-4167-b7a1-dfa6f5850ee9" />
    <UnitTestResult executionId="b4ec120d-db9f-4bc2-a42f-afdb339f5b3c" testId="388942b0-9251-77f9-66bb-31d94382b46a" testName="Test.CollectionIterableTest.MapCollection" computerName="Johnnys-MacBook-Pro" duration="00:00:00.0007767" startTime="2026-09-20T14:19:47.3758170+02:00" endTime="2026-09-20T14:19:47.3758170+02:00" testType="13cdc9d9-ddb5-4fa4-a97d-d965ccfc6d4b" outcome="Passed" testListId="8c84fa94-04c1-424b-9868-57a2d4851a1d" relativeResultsDirectory="b4ec120d-db9f-4bc2-a42f-afdb339f5b3c" />
    <UnitTestResult executionId="0f370f29-715a-453b-b6ae-96ca7c1ca702" testId="827acfff-ce41-7cf3-031b-7e9ab60cc54a" testName="BehaviorTests.SequentialOperationsMatchReference(shape: &quot;list&quot;, count: 0)" computerName="Johnnys-MacBook-Pro" duration="00:00:00.0001626" startTime="2026-09-20T14:19:47.4102940+02:00" endTime="2026-09-20T14:19:47.4102940+02:00" testType="13cdc9d9-ddb5-4fa4-a97d-d965ccfc6d4b" outcome="Passed" testListId="8c84fa94-04c1-424b-9868-57a2d4851a1d" relativeResultsDirectory="0f370f29-715a-453b-b6ae-96ca7c1ca702" />
    <UnitTestResult executionId="ec7b2382-fbf7-4149-ba70-15e7f71ecf82" testId="473e5f08-c12e-f60c-3c01-eb8300fa0d12" testName="BehaviorTests.AsyncOperationsFinishAtAwait(shape: &quot;array&quot;, count: 32)" computerName="Johnnys-MacBook-Pro" duration="00:00:00.0003998" startTime="2026-09-20T14:19:47.3994120+02:00" endTime="2026-09-20T14:19:47.3994120+02:00" testType="13cdc9d9-ddb5-4fa4-a97d-d965ccfc6d4b" outcome="Passed" testListId="8c84fa94-04c1-424b-9868-57a2d4851a1d" relativeResultsDirectory="ec7b2382-fbf7-4149-ba70-15e7f71ecf82" />
    <UnitTestResult executionId="d89265de-7d3b-4af6-8719-f7c6efeb1ce4" testId="c09a8426-77ff-447f-f31e-d895be906053" testName="BehaviorTests.ParallelDictionaryKeepsDuplicateKeyContractForLargerInputs" computerName="Johnnys-MacBook-Pro" duration="00:00:00.0005566" startTime="2026-09-20T14:19:47.6214120+02:00" endTime="2026-09-20T14:19:47.6214120+02:00" testType="13cdc9d9-ddb5-4fa4-a97d-d965ccfc6d4b" outcome="Passed" testListId="8c84fa94-04c1-424b-9868-57a2d4851a1d" relativeResultsDirectory="d89265de-7d3b-4af6-8719-f7c6efeb1ce4" />
    <UnitTestResult executionId="a06ff181-b486-4d0c-9103-5cf7ed9ac23a" testId="6ca11de3-02c9-2639-3153-e4fdbca04544" testName="Test.CollectionIterableAsyncTest.FilterParallelAsync" computerName="Johnnys-MacBook-Pro" duration="00:00:00.0012623" startTime="2026-09-20T14:19:47.3775850+02:00" endTime="2026-09-20T14:19:47.3775850+02:00" testType="13cdc9d9-ddb5-4fa4-a97d-d965ccfc6d4b" outcome="Passed" testListId="8c84fa94-04c1-424b-9868-57a2d4851a1d" relativeResultsDirectory="a06ff181-b486-4d0c-9103-5cf7ed9ac23a" />
    <UnitTestResult executionId="eaa49dd3-7324-44e2-b135-b4e6e0792c78" testId="90a46e78-b21c-e036-c874-dc7ede0ca5fd" testName="BehaviorTests.SequentialOperationsMatchReference(shape: &quot;iterator&quot;, count: 1)" computerName="Johnnys-MacBook-Pro" duration="00:00:00.0000385" startTime="2026-09-20T14:19:47.4155320+02:00" endTime="2026-09-20T14:19:47.4155320+02:00" testType="13cdc9d9-ddb5-4fa4-a97d-d965ccfc6d4b" outcome="Passed" testListId="8c84fa94-04c1-424b-9868-57a2d4851a1d" relativeResultsDirectory="eaa49dd3-7324-44e2-b135-b4e6e0792c78" />
    <UnitTestResult executionId="11352de5-c631-4fba-a16a-3e9377d91b20" testId="769280fc-113e-a96d-920a-8e574fcaeb2c" testName="BehaviorTests.ParallelDoesNotMutateOptionsAndPropagatesCallbackErrors" computerName="Johnnys-MacBook-Pro" duration="00:00:00.0028986" startTime="2026-09-20T14:19:47.6297200+02:00" endTime="2026-09-20T14:19:47.6297200+02:00" testType="13cdc9d9-ddb5-4fa4-a97d-d965ccfc6d4b" outcome="Passed" testListId="8c84fa94-04c1-424b-9868-57a2d4851a1d" relativeResultsDirectory="11352de5-c631-4fba-a16a-3e9377d91b20" />
    <UnitTestResult executionId="0efb6fb7-d6ee-452b-96ad-0fe026b71496" testId="eeb46e38-d618-6025-e481-e76078b42bb3" testName="BehaviorTests.ParallelOperationsPreserveMembership(shape: &quot;iterator&quot;, count: 1)" computerName="Johnnys-MacBook-Pro" duration="00:00:00.0003407" startTime="2026-09-20T14:19:47.3789450+02:00" endTime="2026-09-20T14:19:47.3789450+02:00" testType="13cdc9d9-ddb5-4fa4-a97d-d965ccfc6d4b" outcome="Passed" testListId="8c84fa94-04c1-424b-9868-57a2d4851a1d" relativeResultsDirectory="0efb6fb7-d6ee-452b-96ad-0fe026b71496" />
    <UnitTestResult executionId="0b7df0f6-6c97-4385-bbc9-71576353aee0" testId="db495b7c-950a-2411-bf37-50f602864525" testName="Test.CollectionIterableAsyncTest.ConcatAsync" computerName="Johnnys-MacBook-Pro" duration="00:00:00.0012280" startTime="2026-09-20T14:19:47.3771050+02:00" endTime="2026-09-20T14:19:47.3771050+02:00" testType="13cdc9d9-ddb5-4fa4-a97d-d965ccfc6d4b" outcome="Passed" testListId="8c84fa94-04c1-424b-9868-57a2d4851a1d" relativeResultsDirectory="0b7df0f6-6c97-4385-bbc9-71576353aee0" />
    <UnitTestResult executionId="e7128514-bef8-465e-9169-b3e8c63dd98a" testId="6fc74593-bdbf-39bb-18f6-ef0fe172c80e" testName="BehaviorTests.CancellationDuringFinalCallbackCancelsTask" computerName="Johnnys-MacBook-Pro" duration="00:00:00.0017969" startTime="2026-09-20T14:19:47.6234100+02:00" endTime="2026-09-20T14:19:47.6234100+02:00" testType="13cdc9d9-ddb5-4fa4-a97d-d965ccfc6d4b" outcome="Passed" testListId="8c84fa94-04c1-424b-9868-57a2d4851a1d" relativeResultsDirectory="e7128514-bef8-465e-9169-b3e8c63dd98a" />
    <UnitTestResult executionId="8f8ebda9-9cd3-4b3a-9682-9c7f603d1610" testId="891decea-b534-8a43-a60b-ad70264205c2" testName="BehaviorTests.ParallelHonorsEitherCancellationSource(secondary: True)" computerName="Johnnys-MacBook-Pro" duration="00:00:00.0002640" startTime="2026-09-20T14:19:47.6194760+02:00" endTime="2026-09-20T14:19:47.6194760+02:00" testType="13cdc9d9-ddb5-4fa4-a97d-d965ccfc6d4b" outcome="Passed" testListId="8c84fa94-04c1-424b-9868-57a2d4851a1d" relativeResultsDirectory="8f8ebda9-9cd3-4b3a-9682-9c7f603d1610" />
    <UnitTestResult executionId="a9658ecc-bd32-444f-9b8d-e179ad548a21" testId="1d1a02f3-8f2c-c8ce-bd0f-7602789deeb8" testName="BehaviorTests.BothSortsHandleOrderedAndDuplicateKeys(count: 2048)" computerName="Johnnys-MacBook-Pro" duration="00:00:00.0118599" startTime="2026-09-20T14:19:47.4686490+02:00" endTime="2026-09-20T14:19:47.4686490+02:00" testType="13cdc9d9-ddb5-4fa4-a97d-d965ccfc6d4b" outcome="Passed" testListId="8c84fa94-04c1-424b-9868-57a2d4851a1d" relativeResultsDirectory="a9658ecc-bd32-444f-9b8d-e179ad548a21" />
    <UnitTestResult executionId="a4aee494-24b4-453a-9e56-ad42b0a39f61" testId="50c590f1-0ab3-c531-0d50-6fffff7eaedd" testName="BehaviorTests.ParallelOperationsPreserveMembership(shape: &quot;iterator&quot;, count: 0)" computerName="Johnnys-MacBook-Pro" duration="00:00:00.0004329" startTime="2026-09-20T14:19:47.3784590+02:00" endTime="2026-09-20T14:19:47.3784590+02:00" testType="13cdc9d9-ddb5-4fa4-a97d-d965ccfc6d4b" outcome="Passed" testListId="8c84fa94-04c1-424b-9868-57a2d4851a1d" relativeResultsDirectory="a4aee494-24b4-453a-9e56-ad42b0a39f61" />
    <UnitTestResult executionId="cd49c8c6-ac3f-49d4-a3b1-9aff55c99ede" testId="433a116f-43fe-85ef-c96e-938cb4bdf2b7" testName="Test.CollectionIterableParallelTest.ForEachParallelICollection" computerName="Johnnys-MacBook-Pro" duration="00:00:00.0001831" startTime="2026-09-20T14:19:47.3777450+02:00" endTime="2026-09-20T14:19:47.3777450+02:00" testType="13cdc9d9-ddb5-4fa4-a97d-d965ccfc6d4b" outcome="Passed" testListId="8c84fa94-04c1-424b-9868-57a2d4851a1d" relativeResultsDirectory="cd49c8c6-ac3f-49d4-a3b1-9aff55c99ede" />
    <UnitTestResult executionId="da220f05-9d48-4ffc-b790-dfcb6822ebdf" testId="a610c374-9f87-75ec-a19b-7743e3131f45" testName="BehaviorTests.RecordRejectsDuplicatesAndCallbacksRunOnce" computerName="Johnnys-MacBook-Pro" duration="00:00:00.0002931" startTime="2026-09-20T14:19:47.6237580+02:00" endTime="2026-09-20T14:19:47.6237580+02:00" testType="13cdc9d9-ddb5-4fa4-a97d-d965ccfc6d4b" outcome="Passed" testListId="8c84fa94-04c1-424b-9868-57a2d4851a1d" relativeResultsDirectory="da220f05-9d48-4ffc-b790-dfcb6822ebdf" />
    <UnitTestResult executionId="4471704d-dd07-4f00-a658-2a9657e951bf" testId="64914c10-6625-af28-8d8a-9e55bcbb424c" testName="Test.CollectionIterableParallelTest.ToDictionaryParallel" computerName="Johnnys-MacBook-Pro" duration="00:00:00.0006782" startTime="2026-09-20T14:19:47.3773000+02:00" endTime="2026-09-20T14:19:47.3773000+02:00" testType="13cdc9d9-ddb5-4fa4-a97d-d965ccfc6d4b" outcome="Passed" testListId="8c84fa94-04c1-424b-9868-57a2d4851a1d" relativeResultsDirectory="4471704d-dd07-4f00-a658-2a9657e951bf" />
    <UnitTestResult executionId="2078b1d9-7f51-4da5-8337-d600a4b5e56f" testId="a2d36c93-a4ea-6b87-e58d-e86df7ed8e62" testName="BehaviorTests.MapInferenceWorksForArrayAndCollection" computerName="Johnnys-MacBook-Pro" duration="00:00:00.0004445" startTime="2026-09-20T14:19:47.6302430+02:00" endTime="2026-09-20T14:19:47.6302430+02:00" testType="13cdc9d9-ddb5-4fa4-a97d-d965ccfc6d4b" outcome="Passed" testListId="8c84fa94-04c1-424b-9868-57a2d4851a1d" relativeResultsDirectory="2078b1d9-7f51-4da5-8337-d600a4b5e56f" />
    <UnitTestResult executionId="7a88d13c-7af1-4db6-b649-4935259058f0" testId="8dd63cfe-3b21-6c74-e6d7-bbadf6dda5d2" testName="Test.CollectionIterableTest.ReduceEnumerable" computerName="Johnnys-MacBook-Pro" duration="00:00:00.0003914" startTime="2026-09-20T14:19:47.3558370+02:00" endTime="2026-09-20T14:19:47.3558370+02:00" testType="13cdc9d9-ddb5-4fa4-a97d-d965ccfc6d4b" outcome="Passed" testListId="8c84fa94-04c1-424b-9868-57a2d4851a1d" relativeResultsDirectory="7a88d13c-7af1-4db6-b649-4935259058f0" />
    <UnitTestResult executionId="ab20c507-9bc8-4c3d-b39c-fc64403a26ea" testId="a72524f3-ba13-5632-ba84-5385bb52e92f" testName="BehaviorTests.BothSortsHandleOrderedAndDuplicateKeys(count: 32)" computerName="Johnnys-MacBook-Pro" duration="00:00:00.0001613" startTime="2026-09-20T14:19:47.4688720+02:00" endTime="2026-09-20T14:19:47.4688720+02:00" testType="13cdc9d9-ddb5-4fa4-a97d-d965ccfc6d4b" outcome="Passed" testListId="8c84fa94-04c1-424b-9868-57a2d4851a1d" relativeResultsDirectory="ab20c507-9bc8-4c3d-b39c-fc64403a26ea" />
    <UnitTestResult executionId="b98e92fc-e7b6-4f53-a07a-a7072bc0f842" testId="336be225-a841-f5f6-8543-7ae0582e5902" testName="Test.CollectionIterableTest.SliceEnumerable" computerName="Johnnys-MacBook-Pro" duration="00:00:00.0001096" startTime="2026-09-20T14:19:47.3770620+02:00" endTime="2026-09-20T14:19:47.3770620+02:00" testType="13cdc9d9-ddb5-4fa4-a97d-d965ccfc6d4b" outcome="Passed" testListId="8c84fa94-04c1-424b-9868-57a2d4851a1d" relativeResultsDirectory="b98e92fc-e7b6-4f53-a07a-a7072bc0f842" />
    <UnitTestResult executionId="50c76e08-7698-440d-9329-0103d97ad8e7" testId="7f9701f3-573c-8caf-491c-8ba8aef7cd59" testName="BehaviorTests.AsyncOperationsFinishAtAwait(shape: &quot;list&quot;, count: 0)" computerName="Johnnys-MacBook-Pro" duration="00:00:00.0002991" startTime="2026-09-20T14:19:47.3988410+02:00" endTime="2026-09-20T14:19:47.3988410+02:00" testType="13cdc9d9-ddb5-4fa4-a97d-d965ccfc6d4b" outcome="Passed" testListId="8c84fa94-04c1-424b-9868-57a2d4851a1d" relativeResultsDirectory="50c76e08-7698-440d-9329-0103d97ad8e7" />
    <UnitTestResult executionId="09ac790e-9649-4757-85b6-912dae5b4854" testId="f2223e4b-4f78-7bca-e10e-140d3abe7452" testName="BehaviorTests.ParallelOperationsPreserveMembership(shape: &quot;array&quot;, count: 1000)" computerName="Johnnys-MacBook-Pro" duration="00:00:00.0231948" startTime="2026-09-20T14:19:47.3777810+02:00" endTime="2026-09-20T14:19:47.3777810+02:00" testType="13cdc9d9-ddb5-4fa4-a97d-d965ccfc6d4b" outcome="Passed" testListId="8c84fa94-04c1-424b-9868-57a2d4851a1d" relativeResultsDirectory="09ac790e-9649-4757-85b6-912dae5b4854" />
    <UnitTestResult executionId="55b4502e-ec69-4ddb-b5a3-fd8521cb7935" testId="798defdc-d99d-2fac-d532-3568b67354d9" testName="Test.CollectionIterableParallelTest.FilterParallel" computerName="Johnnys-MacBook-Pro" duration="00:00:00.0008750" startTime="2026-09-20T14:19:47.3776610+02:00" endTime="2026-09-20T14:19:47.3776610+02:00" testType="13cdc9d9-ddb5-4fa4-a97d-d965ccfc6d4b" outcome="Passed" testListId="8c84fa94-04c1-424b-9868-57a2d4851a1d" relativeResultsDirectory="55b4502e-ec69-4ddb-b5a3-fd8521cb7935" />
    <UnitTestResult executionId="36e868de-09ae-4725-ab0d-af350e8c72a3" testId="63038738-2c9b-33a0-f777-21bcac93f079" testName="Test.CollectionIterableTest.ToRecord" computerName="Johnnys-MacBook-Pro" duration="00:00:00.0001864" startTime="2026-09-20T14:19:47.3770420+02:00" endTime="2026-09-20T14:19:47.3770420+02:00" testType="13cdc9d9-ddb5-4fa4-a97d-d965ccfc6d4b" outcome="Passed" testListId="8c84fa94-04c1-424b-9868-57a2d4851a1d" relativeResultsDirectory="36e868de-09ae-4725-ab0d-af350e8c72a3" />
    <UnitTestResult executionId="4356d9bd-f743-4629-aefc-a4a08190cb6a" testId="d692e060-644b-e7e4-9374-469bccf4cdf2" testName="BehaviorTests.AsyncOperationsFinishAtAwait(shape: &quot;array&quot;, count: 1000)" computerName="Johnnys-MacBook-Pro" duration="00:00:00.0048048" startTime="2026-09-20T14:19:47.3870530+02:00" endTime="2026-09-20T14:19:47.3870530+02:00" testType="13cdc9d9-ddb5-4fa4-a97d-d965ccfc6d4b" outcome="Passed" testListId="8c84fa94-04c1-424b-9868-57a2d4851a1d" relativeResultsDirectory="4356d9bd-f743-4629-aefc-a4a08190cb6a" />
    <UnitTestResult executionId="ca7dbd8f-8e71-4123-b5d7-b1998ee4716c" testId="3ca1a663-9631-63a2-9322-076fd6cd1f92" testName="BehaviorTests.AsyncOperationsFinishAtAwait(shape: &quot;array&quot;, count: 1)" computerName="Johnnys-MacBook-Pro" duration="00:00:00.0003229" startTime="2026-09-20T14:19:47.3950070+02:00" endTime="2026-09-20T14:19:47.3950070+02:00" testType="13cdc9d9-ddb5-4fa4-a97d-d965ccfc6d4b" outcome="Passed" testListId="8c84fa94-04c1-424b-9868-57a2d4851a1d" relativeResultsDirectory="ca7dbd8f-8e71-4123-b5d7-b1998ee4716c" />
    <UnitTestResult executionId="8dc345b5-a7b2-4d17-aa6e-c6c634bc903a" testId="94b36a89-7797-253d-a55f-7e4c1089d187" testName="BehaviorTests.LazyOperationsRemainLazyAndReplayable" computerName="Johnnys-MacBook-Pro" duration="00:00:00.0003106" startTime="2026-09-20T14:19:47.6240630+02:00" endTime="2026-09-20T14:19:47.6240630+02:00" testType="13cdc9d9-ddb5-4fa4-a97d-d965ccfc6d4b" outcome="Passed" testListId="8c84fa94-04c1-424b-9868-57a2d4851a1d" relativeResultsDirectory="8dc345b5-a7b2-4d17-aa6e-c6c634bc903a" />
    <UnitTestResult executionId="be575d97-ae82-4de7-8fb1-22cdf9f93bb6" testId="89412c8d-8cab-7bd0-bdf1-2799d79c2025" testName="Test.CollectionIterableAsyncTest.FilterParallelAsyncICollection" computerName="Johnnys-MacBook-Pro" duration="00:00:00.0009677" startTime="2026-09-20T14:19:47.3780380+02:00" endTime="2026-09-20T14:19:47.3780380+02:00" testType="13cdc9d9-ddb5-4fa4-a97d-d965ccfc6d4b" outcome="Passed" testListId="8c84fa94-04c1-424b-9868-57a2d4851a1d" relativeResultsDirectory="be575d97-ae82-4de7-8fb1-22cdf9f93bb6" />
    <UnitTestResult executionId="0b0fbed6-b5a7-446d-b0c4-12c6c138298a" testId="d3f5331d-4164-de88-b6d6-1ab1d5894410" testName="Test.CollectionIterableParallelTest.ForEachParallelWhenCancelled" computerName="Johnnys-MacBook-Pro" duration="00:00:00.0002798" startTime="2026-09-20T14:19:47.3776080+02:00" endTime="2026-09-20T14:19:47.3776080+02:00" testType="13cdc9d9-ddb5-4fa4-a97d-d965ccfc6d4b" outcome="Passed" testListId="8c84fa94-04c1-424b-9868-57a2d4851a1d" relativeResultsDirectory="0b0fbed6-b5a7-446d-b0c4-12c6c138298a" />
    <UnitTestResult executionId="a2cf321a-1fcd-402d-a073-35060b9d3979" testId="1acba469-1360-4b37-a81e-7139580d586d" testName="Test.CollectionIterableParallelTest.SortCollectionParallelDescending" computerName="Johnnys-MacBook-Pro" duration="00:00:00.0092341" startTime="2026-09-20T14:19:47.3559470+02:00" endTime="2026-09-20T14:19:47.3559470+02:00" testType="13cdc9d9-ddb5-4fa4-a97d-d965ccfc6d4b" outcome="Passed" testListId="8c84fa94-04c1-424b-9868-57a2d4851a1d" relativeResultsDirectory="a2cf321a-1fcd-402d-a073-35060b9d3979" />
    <UnitTestResult executionId="fb64943b-1433-4c6f-9802-e4e401889607" testId="de748f2a-30ae-21c1-3931-346381649a13" testName="Test.CollectionIterableTest.SortCollectionDescending" computerName="Johnnys-MacBook-Pro" duration="00:00:00.0002588" startTime="2026-09-20T14:19:47.3772550+02:00" endTime="2026-09-20T14:19:47.3772550+02:00" testType="13cdc9d9-ddb5-4fa4-a97d-d965ccfc6d4b" outcome="Passed" testListId="8c84fa94-04c1-424b-9868-57a2d4851a1d" relativeResultsDirectory="fb64943b-1433-4c6f-9802-e4e401889607" />
    <UnitTestResult executionId="dcd42a8b-3746-40a6-bd65-2b97f52592a8" testId="3630ee18-cb29-cbff-26a6-c9b4dc1b3588" testName="Test.CollectionIterableAsyncTest.ForEachAsyncIEnumerable" computerName="Johnnys-MacBook-Pro" duration="00:00:00.0012620" startTime="2026-09-20T14:19:47.3777120+02:00" endTime="2026-09-20T14:19:47.3777120+02:00" testType="13cdc9d9-ddb5-4fa4-a97d-d965ccfc6d4b" outcome="Passed" testListId="8c84fa94-04c1-424b-9868-57a2d4851a1d" relativeResultsDirectory="dcd42a8b-3746-40a6-bd65-2b97f52592a8" />
    <UnitTestResult executionId="9aa1f4e2-b094-41be-aa76-f206a403b6ee" testId="632ada4b-1ac5-73f3-54f7-871228d68291" testName="BehaviorTests.BothSortsHandleOrderedAndDuplicateKeys(count: 50000)" computerName="Johnnys-MacBook-Pro" duration="00:00:00.1479585" startTime="2026-09-20T14:19:47.6169150+02:00" endTime="2026-09-20T14:19:47.6169150+02:00" testType="13cdc9d9-ddb5-4fa4-a97d-d965ccfc6d4b" outcome="Passed" testListId="8c84fa94-04c1-424b-9868-57a2d4851a1d" relativeResultsDirectory="9aa1f4e2-b094-41be-aa76-f206a403b6ee" />
    <UnitTestResult executionId="84a79c10-9495-4ec8-a592-8cff6762b09b" testId="67c16d20-fc9e-cd4b-3386-54ce406d5c2e" testName="Test.CollectionIterableTest.ToRecordStringAndNumbers" computerName="Johnnys-MacBook-Pro" duration="00:00:00.0006221" startTime="2026-09-20T14:19:47.3769990+02:00" endTime="2026-09-20T14:19:47.3769990+02:00" testType="13cdc9d9-ddb5-4fa4-a97d-d965ccfc6d4b" outcome="Passed" testListId="8c84fa94-04c1-424b-9868-57a2d4851a1d" relativeResultsDirectory="84a79c10-9495-4ec8-a592-8cff6762b09b" />
    <UnitTestResult executionId="1944cb70-8dda-495f-81d6-daa697eeff93" testId="9e34faa7-9f8d-05a0-791c-30381ab3fb0c" testName="BehaviorTests.SequentialOperationsMatchReference(shape: &quot;list&quot;, count: 1)" computerName="Johnnys-MacBook-Pro" duration="00:00:00.0000363" startTime="2026-09-20T14:19:47.4210580+02:00" endTime="2026-09-20T14:19:47.4210580+02:00" testType="13cdc9d9-ddb5-4fa4-a97d-d965ccfc6d4b" outcome="Passed" testListId="8c84fa94-04c1-424b-9868-57a2d4851a1d" relativeResultsDirectory="1944cb70-8dda-495f-81d6-daa697eeff93" />
    <UnitTestResult executionId="3b1ae31e-e316-4c4e-8d1d-3861a748fa57" testId="4a383bd6-5d76-dabb-5df3-4dbe3023a656" testName="BehaviorTests.SequentialOperationsMatchReference(shape: &quot;iterator&quot;, count: 0)" computerName="Johnnys-MacBook-Pro" duration="00:00:00.0000349" startTime="2026-09-20T14:19:47.4211290+02:00" endTime="2026-09-20T14:19:47.4211290+02:00" testType="13cdc9d9-ddb5-4fa4-a97d-d965ccfc6d4b" outcome="Passed" testListId="8c84fa94-04c1-424b-9868-57a2d4851a1d" relativeResultsDirectory="3b1ae31e-e316-4c4e-8d1d-3861a748fa57" />
    <UnitTestResult executionId="d7c52818-6a88-4496-b27f-3c30b66b0a8a" testId="9a0b8d6f-da7e-126f-7cc1-64bdaf244d09" testName="Test.CollectionIterableTest.ConcatEnumerable" computerName="Johnnys-MacBook-Pro" duration="00:00:00.0053523" startTime="2026-09-20T14:19:47.3530320+02:00" endTime="2026-09-20T14:19:47.3530800+02:00" testType="13cdc9d9-ddb5-4fa4-a97d-d965ccfc6d4b" outcome="Passed" testListId="8c84fa94-04c1-424b-9868-57a2d4851a1d" relativeResultsDirectory="d7c52818-6a88-4496-b27f-3c30b66b0a8a" />
    <UnitTestResult executionId="b66bc5ef-68fa-4008-81ec-fc470fe233b2" testId="7b0905b7-2a5e-f3f6-74a7-8589f3fdc596" testName="Test.CollectionIterableAsyncTest.FilterAsyncIEnumerable" computerName="Johnnys-MacBook-Pro" duration="00:00:00.0020937" startTime="2026-09-20T14:19:47.3758640+02:00" endTime="2026-09-20T14:19:47.3758640+02:00" testType="13cdc9d9-ddb5-4fa4-a97d-d965ccfc6d4b" outcome="Passed" testListId="8c84fa94-04c1-424b-9868-57a2d4851a1d" relativeResultsDirectory="b66bc5ef-68fa-4008-81ec-fc470fe233b2" />
    <UnitTestResult executionId="18a4aebd-f592-4bc2-84a2-56027fbde9f2" testId="b5d53198-321c-1220-93a1-158a73e2deff" testName="Test.CollectionIterableParallelTest.SortCollectionParallelAscending" computerName="Johnnys-MacBook-Pro" duration="00:00:00.0001539" startTime="2026-09-20T14:19:47.3777040+02:00" endTime="2026-09-20T14:19:47.3777040+02:00" testType="13cdc9d9-ddb5-4fa4-a97d-d965ccfc6d4b" outcome="Passed" testListId="8c84fa94-04c1-424b-9868-57a2d4851a1d" relativeResultsDirectory="18a4aebd-f592-4bc2-84a2-56027fbde9f2" />
    <UnitTestResult executionId="e9180226-1eeb-4ec2-8f70-5d1e62bde4aa" testId="82e5473b-443e-d95f-2af3-610c893cb1f5" testName="Test.CollectionIterableAsyncTest.FilterAsyncICollection" computerName="Johnnys-MacBook-Pro" duration="00:00:00.0009545" startTime="2026-09-20T14:19:47.3780590+02:00" endTime="2026-09-20T14:19:47.3780590+02:00" testType="13cdc9d9-ddb5-4fa4-a97d-d965ccfc6d4b" outcome="Passed" testListId="8c84fa94-04c1-424b-9868-57a2d4851a1d" relativeResultsDirectory="e9180226-1eeb-4ec2-8f70-5d1e62bde4aa" />
    <UnitTestResult executionId="17a8fc5f-4239-4fbf-b6dc-56fdd22ef941" testId="1e1aa50f-2a24-7526-8c3d-087ea9f74355" testName="Test.CollectionIterableParallelTest.ForEachParallel" computerName="Johnnys-MacBook-Pro" duration="00:00:00.0002088" startTime="2026-09-20T14:19:47.3773420+02:00" endTime="2026-09-20T14:19:47.3773420+02:00" testType="13cdc9d9-ddb5-4fa4-a97d-d965ccfc6d4b" outcome="Passed" testListId="8c84fa94-04c1-424b-9868-57a2d4851a1d" relativeResultsDirectory="17a8fc5f-4239-4fbf-b6dc-56fdd22ef941" />
    <UnitTestResult executionId="b0088116-3a17-4c9a-815c-449dd2be91af" testId="a04f290c-67e9-15e5-dc8c-f766987b0e7e" testName="Test.CollectionIterableParallelTest.ForEachParallelIEnumerable" computerName="Johnnys-MacBook-Pro" duration="00:00:00.0010457" startTime="2026-09-20T14:19:47.3770210+02:00" endTime="2026-09-20T14:19:47.3770210+02:00" testType="13cdc9d9-ddb5-4fa4-a97d-d965ccfc6d4b" outcome="Passed" testListId="8c84fa94-04c1-424b-9868-57a2d4851a1d" relativeResultsDirectory="b0088116-3a17-4c9a-815c-449dd2be91af" />
    <UnitTestResult executionId="fecd7218-0c7d-4eba-84f7-b0526b18258e" testId="ee7dcacf-32c1-0ca8-9888-90517ab2fa55" testName="BehaviorTests.ParallelOperationsPreserveMembership(shape: &quot;iterator&quot;, count: 32)" computerName="Johnnys-MacBook-Pro" duration="00:00:00.0003888" startTime="2026-09-20T14:19:47.3782400+02:00" endTime="2026-09-20T14:19:47.3782400+02:00" testType="13cdc9d9-ddb5-4fa4-a97d-d965ccfc6d4b" outcome="Passed" testListId="8c84fa94-04c1-424b-9868-57a2d4851a1d" relativeResultsDirectory="fecd7218-0c7d-4eba-84f7-b0526b18258e" />
    <UnitTestResult executionId="b02e34f1-d83e-4de6-ad05-8c8df6f7df8a" testId="4696a9b9-a8c5-332d-d43f-d22f8b236523" testName="Test.CollectionIterableTest.Slice" computerName="Johnnys-MacBook-Pro" duration="00:00:00.0000915" startTime="2026-09-20T14:19:47.3773630+02:00" endTime="2026-09-20T14:19:47.3773630+02:00" testType="13cdc9d9-ddb5-4fa4-a97d-d965ccfc6d4b" outcome="Passed" testListId="8c84fa94-04c1-424b-9868-57a2d4851a1d" relativeResultsDirectory="b02e34f1-d83e-4de6-ad05-8c8df6f7df8a" />
    <UnitTestResult executionId="ff250fe9-b384-4f85-9d9f-793b4d70ccde" testId="0c8fd6c5-bd7d-0162-8855-ded0fc443b1d" testName="BehaviorTests.ParallelOperationsPreserveMembership(shape: &quot;array&quot;, count: 1)" computerName="Johnnys-MacBook-Pro" duration="00:00:00.0002801" startTime="2026-09-20T14:19:47.3782590+02:00" endTime="2026-09-20T14:19:47.3782590+02:00" testType="13cdc9d9-ddb5-4fa4-a97d-d965ccfc6d4b" outcome="Passed" testListId="8c84fa94-04c1-424b-9868-57a2d4851a1d" relativeResultsDirectory="ff250fe9-b384-4f85-9d9f-793b4d70ccde" />
    <UnitTestResult executionId="c837ab5c-94c6-4cc4-b76b-a84c9ed59f85" testId="1d2757f3-51fa-2f82-50f8-d81595e85e32" testName="BehaviorTests.ParallelOperationsPreserveMembership(shape: &quot;list&quot;, count: 0)" computerName="Johnnys-MacBook-Pro" duration="00:00:00.0005948" startTime="2026-09-20T14:19:47.3779650+02:00" endTime="2026-09-20T14:19:47.3779650+02:00" testType="13cdc9d9-ddb5-4fa4-a97d-d965ccfc6d4b" outcome="Passed" testListId="8c84fa94-04c1-424b-9868-57a2d4851a1d" relativeResultsDirectory="c837ab5c-94c6-4cc4-b76b-a84c9ed59f85" />
    <UnitTestResult executionId="9ccc2c88-6d90-48e4-b8ce-dc3636ee99ec" testId="ff9a75db-c85b-029f-4dea-8535625544a0" testName="BehaviorTests.AsyncOperationsFinishAtAwait(shape: &quot;iterator&quot;, count: 1000)" computerName="Johnnys-MacBook-Pro" duration="00:00:00.0052474" startTime="2026-09-20T14:19:47.3933120+02:00" endTime="2026-09-20T14:19:47.3933120+02:00" testType="13cdc9d9-ddb5-4fa4-a97d-d965ccfc6d4b" outcome="Passed" testListId="8c84fa94-04c1-424b-9868-57a2d4851a1d" relativeResultsDirectory="9ccc2c88-6d90-48e4-b8ce-dc3636ee99ec" />
    <UnitTestResult executionId="eacc6658-2f49-4d35-b20a-7f7d7a992092" testId="af83f971-bf53-48ea-cf89-2910c14eea30" testName="BehaviorTests.AsyncOperationsFinishAtAwait(shape: &quot;iterator&quot;, count: 0)" computerName="Johnnys-MacBook-Pro" duration="00:00:00.0002589" startTime="2026-09-20T14:19:47.3958860+02:00" endTime="2026-09-20T14:19:47.3958860+02:00" testType="13cdc9d9-ddb5-4fa4-a97d-d965ccfc6d4b" outcome="Passed" testListId="8c84fa94-04c1-424b-9868-57a2d4851a1d" relativeResultsDirectory="eacc6658-2f49-4d35-b20a-7f7d7a992092" />
    <UnitTestResult executionId="30b7849b-5ff6-4a39-b819-be7e7773cc99" testId="eac78a5b-8fe7-8752-a1bc-c6c6dcebd47f" testName="Test.CollectionIterableAsyncTest.FilterAsync" computerName="Johnnys-MacBook-Pro" duration="00:00:00.0010371" startTime="2026-09-20T14:19:47.3780180+02:00" endTime="2026-09-20T14:19:47.3780180+02:00" testType="13cdc9d9-ddb5-4fa4-a97d-d965ccfc6d4b" outcome="Passed" testListId="8c84fa94-04c1-424b-9868-57a2d4851a1d" relativeResultsDirectory="30b7849b-5ff6-4a39-b819-be7e7773cc99" />
    <UnitTestResult executionId="b2a2a6cd-c2ef-43f4-92b2-9b90955c6e3d" testId="32eb8e5b-0c4a-0404-56a6-0a4033f1f519" testName="Test.CollectionIterableTest.Filter" computerName="Johnnys-MacBook-Pro" duration="00:00:00.0002144" startTime="2026-09-20T14:19:47.3767030+02:00" endTime="2026-09-20T14:19:47.3767030+02:00" testType="13cdc9d9-ddb5-4fa4-a97d-d965ccfc6d4b" outcome="Passed" testListId="8c84fa94-04c1-424b-9868-57a2d4851a1d" relativeResultsDirectory="b2a2a6cd-c2ef-43f4-92b2-9b90955c6e3d" />
    <UnitTestResult executionId="7274a0a8-2a1c-4f83-b151-d56121280ab7" testId="e2c1855e-5036-f3f1-db57-251a2bb2ec05" testName="BehaviorTests.SliceEnumeratesOnceOnlyThroughEndAndDisposes" computerName="Johnnys-MacBook-Pro" duration="00:00:00.0010369" startTime="2026-09-20T14:19:47.4316670+02:00" endTime="2026-09-20T14:19:47.4316670+02:00" testType="13cdc9d9-ddb5-4fa4-a97d-d965ccfc6d4b" outcome="Passed" testListId="8c84fa94-04c1-424b-9868-57a2d4851a1d" relativeResultsDirectory="7274a0a8-2a1c-4f83-b151-d56121280ab7" />
    <UnitTestResult executionId="235698cf-6fee-455c-acd8-9ff19d8d508a" testId="50cad885-d269-e24f-1f35-a450a6fa29e4" testName="BehaviorTests.ParallelOperationsPreserveMembership(shape: &quot;list&quot;, count: 32)" computerName="Johnnys-MacBook-Pro" duration="00:00:00.0004765" startTime="2026-09-20T14:19:47.3819780+02:00" endTime="2026-09-20T14:19:47.3819780+02:00" testType="13cdc9d9-ddb5-4fa4-a97d-d965ccfc6d4b" outcome="Passed" testListId="8c84fa94-04c1-424b-9868-57a2d4851a1d" relativeResultsDirectory="235698cf-6fee-455c-acd8-9ff19d8d508a" />
    <UnitTestResult executionId="413c4001-b121-46dc-b863-f4a78159b4e3" testId="7cba0af7-ba70-3d52-4f92-890ddbf5429f" testName="Test.CollectionIterableParallelTest.SortCollectionParallelIEnumerableAscending" computerName="Johnnys-MacBook-Pro" duration="00:00:00.0001748" startTime="2026-09-20T14:19:47.3767890+02:00" endTime="2026-09-20T14:19:47.3767890+02:00" testType="13cdc9d9-ddb5-4fa4-a97d-d965ccfc6d4b" outcome="Passed" testListId="8c84fa94-04c1-424b-9868-57a2d4851a1d" relativeResultsDirectory="413c4001-b121-46dc-b863-f4a78159b4e3" />
    <UnitTestResult executionId="61e01c35-09bf-40ee-be75-cd8037541e44" testId="f665950b-ed03-d9d0-a0fe-37c5e75d6d9c" testName="Test.CollectionIterableTest.FilterEnumerable" computerName="Johnnys-MacBook-Pro" duration="00:00:00.0005078" startTime="2026-09-20T14:19:47.3559240+02:00" endTime="2026-09-20T14:19:47.3559240+02:00" testType="13cdc9d9-ddb5-4fa4-a97d-d965ccfc6d4b" outcome="Passed" testListId="8c84fa94-04c1-424b-9868-57a2d4851a1d" relativeResultsDirectory="61e01c35-09bf-40ee-be75-cd8037541e44" />
    <UnitTestResult executionId="7e914f6f-f99a-48e3-9e73-25f7d7f82de5" testId="1506c9fd-d30d-707f-c5c0-ac13545005ee" testName="BehaviorTests.AsyncOperationsFinishAtAwait(shape: &quot;iterator&quot;, count: 32)" computerName="Johnnys-MacBook-Pro" duration="00:00:00.0003695" startTime="2026-09-20T14:19:47.3984040+02:00" endTime="2026-09-20T14:19:47.3984040+02:00" testType="13cdc9d9-ddb5-4fa4-a97d-d965ccfc6d4b" outcome="Passed" testListId="8c84fa94-04c1-424b-9868-57a2d4851a1d" relativeResultsDirectory="7e914f6f-f99a-48e3-9e73-25f7d7f82de5" />
    <UnitTestResult executionId="563741e5-9948-4449-ad81-33590c236726" testId="601f1de8-1ff7-04bd-76f4-1ed65b91197d" testName="Test.CollectionIterableAsyncTest.FilterParallelAsyncIEnumerable" computerName="Johnnys-MacBook-Pro" duration="00:00:00.0011956" startTime="2026-09-20T14:19:47.3779420+02:00" endTime="2026-09-20T14:19:47.3779420+02:00" testType="13cdc9d9-ddb5-4fa4-a97d-d965ccfc6d4b" outcome="Passed" testListId="8c84fa94-04c1-424b-9868-57a2d4851a1d" relativeResultsDirectory="563741e5-9948-4449-ad81-33590c236726" />
    <UnitTestResult executionId="d1dd50c1-4f6f-471b-8ae3-547e96f07294" testId="6115f649-ed56-e021-f01b-031ce26ab371" testName="BehaviorTests.AsyncExceptionsAndCancellationAreObservable" computerName="Johnnys-MacBook-Pro" duration="00:00:00.0092438" startTime="2026-09-20T14:19:47.4305710+02:00" endTime="2026-09-20T14:19:47.4305710+02:00" testType="13cdc9d9-ddb5-4fa4-a97d-d965ccfc6d4b" outcome="Passed" testListId="8c84fa94-04c1-424b-9868-57a2d4851a1d" relativeResultsDirectory="d1dd50c1-4f6f-471b-8ae3-547e96f07294" />
    <UnitTestResult executionId="ef1500c3-f045-4566-8c0b-426ca5fa9533" testId="54e640ee-3b05-6eed-7eba-c70724cfd828" testName="BehaviorTests.ParallelOperationsPreserveMembership(shape: &quot;array&quot;, count: 0)" computerName="Johnnys-MacBook-Pro" duration="00:00:00.0003411" startTime="2026-09-20T14:19:47.3812840+02:00" endTime="2026-09-20T14:19:47.3812840+02:00" testType="13cdc9d9-ddb5-4fa4-a97d-d965ccfc6d4b" outcome="Passed" testListId="8c84fa94-04c1-424b-9868-57a2d4851a1d" relativeResultsDirectory="ef1500c3-f045-4566-8c0b-426ca5fa9533" />
    <UnitTestResult executionId="6f39e78a-45bf-4d8d-b76c-6a687c29f73a" testId="15e1f783-b91c-5b7e-8515-422d0e641df5" testName="BehaviorTests.ParallelHonorsDegreeLimitAndCancellationDuringExecution" computerName="Johnnys-MacBook-Pro" duration="00:00:00.0024776" startTime="2026-09-20T14:19:47.6265870+02:00" endTime="2026-09-20T14:19:47.6265870+02:00" testType="13cdc9d9-ddb5-4fa4-a97d-d965ccfc6d4b" outcome="Passed" testListId="8c84fa94-04c1-424b-9868-57a2d4851a1d" relativeResultsDirectory="6f39e78a-45bf-4d8d-b76c-6a687c29f73a" />
    <UnitTestResult executionId="f43ea746-7ad8-4d94-93f8-f83cf1f942e1" testId="d68a6387-0e24-737e-5915-673c9a2d5c59" testName="BehaviorTests.SequentialOperationsMatchReference(shape: &quot;iterator&quot;, count: 1000)" computerName="Johnnys-MacBook-Pro" duration="00:00:00.0065129" startTime="2026-09-20T14:19:47.4098430+02:00" endTime="2026-09-20T14:19:47.4098430+02:00" testType="13cdc9d9-ddb5-4fa4-a97d-d965ccfc6d4b" outcome="Passed" testListId="8c84fa94-04c1-424b-9868-57a2d4851a1d" relativeResultsDirectory="f43ea746-7ad8-4d94-93f8-f83cf1f942e1" />
    <UnitTestResult executionId="48d9c644-b315-42fb-af27-4398312de6a2" testId="2ddad672-5f26-ac6f-d96c-5394d290fea0" testName="BehaviorTests.SortsStringKeysInBothDirections" computerName="Johnnys-MacBook-Pro" duration="00:00:00.0012999" startTime="2026-09-20T14:19:47.6207760+02:00" endTime="2026-09-20T14:19:47.6207760+02:00" testType="13cdc9d9-ddb5-4fa4-a97d-d965ccfc6d4b" outcome="Passed" testListId="8c84fa94-04c1-424b-9868-57a2d4851a1d" relativeResultsDirectory="48d9c644-b315-42fb-af27-4398312de6a2" />
    <UnitTestResult executionId="448e1455-5c56-47e9-ae79-a12ff7c84120" testId="5ebdc504-bf7a-44bc-2e0a-2147bf31ef98" testName="BehaviorTests.BothSortsHandleOrderedAndDuplicateKeys(count: 5000)" computerName="Johnnys-MacBook-Pro" duration="00:00:00.0211343" startTime="2026-09-20T14:19:47.4567320+02:00" endTime="2026-09-20T14:19:47.4567320+02:00" testType="13cdc9d9-ddb5-4fa4-a97d-d965ccfc6d4b" outcome="Passed" testListId="8c84fa94-04c1-424b-9868-57a2d4851a1d" relativeResultsDirectory="448e1455-5c56-47e9-ae79-a12ff7c84120" />
    <UnitTestResult executionId="6e3716d6-178e-48bc-98b3-f931ab8edc61" testId="e5c5c89a-75a1-5fbe-ae00-31daa1d0643b" testName="BehaviorTests.BothSortsHandleOrderedAndDuplicateKeys(count: 0)" computerName="Johnnys-MacBook-Pro" duration="00:00:00.0026335" startTime="2026-09-20T14:19:47.4343740+02:00" endTime="2026-09-20T14:19:47.4343740+02:00" testType="13cdc9d9-ddb5-4fa4-a97d-d965ccfc6d4b" outcome="Passed" testListId="8c84fa94-04c1-424b-9868-57a2d4851a1d" relativeResultsDirectory="6e3716d6-178e-48bc-98b3-f931ab8edc61" />
    <UnitTestResult executionId="14331b43-7852-4a07-9272-3afc22eed816" testId="aeb2c5b5-8ac4-cfbf-62ff-9dd05374bdaf" testName="BehaviorTests.SequentialOperationsMatchReference(shape: &quot;list&quot;, count: 1000)" computerName="Johnnys-MacBook-Pro" duration="00:00:00.0052145" startTime="2026-09-20T14:19:47.4208110+02:00" endTime="2026-09-20T14:19:47.4208110+02:00" testType="13cdc9d9-ddb5-4fa4-a97d-d965ccfc6d4b" outcome="Passed" testListId="8c84fa94-04c1-424b-9868-57a2d4851a1d" relativeResultsDirectory="14331b43-7852-4a07-9272-3afc22eed816" />
    <UnitTestResult executionId="d771c087-997a-4dff-98ce-66e6e4273988" testId="c5d01b0a-5938-a6c4-e1b2-0d784c29ff45" testName="Test.CollectionIterableTest.ConcatCollection" computerName="Johnnys-MacBook-Pro" duration="00:00:00.0001661" startTime="2026-09-20T14:19:47.3769760+02:00" endTime="2026-09-20T14:19:47.3769760+02:00" testType="13cdc9d9-ddb5-4fa4-a97d-d965ccfc6d4b" outcome="Passed" testListId="8c84fa94-04c1-424b-9868-57a2d4851a1d" relativeResultsDirectory="d771c087-997a-4dff-98ce-66e6e4273988" />
    <UnitTestResult executionId="e23dd7e1-09e0-4beb-9ae0-5706ef73cbd7" testId="0eba5a24-84cb-4042-9666-dfb2e01fae19" testName="Test.CollectionIterableAsyncTest.ForEachAsync" computerName="Johnnys-MacBook-Pro" duration="00:00:00.0014512" startTime="2026-09-20T14:19:47.3767460+02:00" endTime="2026-09-20T14:19:47.3767470+02:00" testType="13cdc9d9-ddb5-4fa4-a97d-d965ccfc6d4b" outcome="Passed" testListId="8c84fa94-04c1-424b-9868-57a2d4851a1d" relativeResultsDirectory="e23dd7e1-09e0-4beb-9ae0-5706ef73cbd7" />
    <UnitTestResult executionId="450c872e-d218-4983-bc78-d24a154ed258" testId="10c05642-0d2e-92a3-d6a4-725f1fc285c4" testName="Test.CollectionIterableTest.ForEachEnumerable" computerName="Johnnys-MacBook-Pro" duration="00:00:00.0006077" startTime="2026-09-20T14:19:47.3756750+02:00" endTime="2026-09-20T14:19:47.3756750+02:00" testType="13cdc9d9-ddb5-4fa4-a97d-d965ccfc6d4b" outcome="Passed" testListId="8c84fa94-04c1-424b-9868-57a2d4851a1d" relativeResultsDirectory="450c872e-d218-4983-bc78-d24a154ed258" />
    <UnitTestResult executionId="4eeee807-2c34-4de7-8000-29002568cfc3" testId="bac1b5ad-fb22-e3ba-129e-e1d1ef6b65df" testName="Test.CollectionIterableParallelTest.FilterParallelICollection" computerName="Johnnys-MacBook-Pro" duration="00:00:00.0005132" startTime="2026-09-20T14:19:47.3774210+02:00" endTime="2026-09-20T14:19:47.3774210+02:00" testType="13cdc9d9-ddb5-4fa4-a97d-d965ccfc6d4b" outcome="Passed" testListId="8c84fa94-04c1-424b-9868-57a2d4851a1d" relativeResultsDirectory="4eeee807-2c34-4de7-8000-29002568cfc3" />
    <UnitTestResult executionId="9d2da19d-b47b-4f16-b2e3-69228449be91" testId="14160670-1272-8381-ad25-bd6df2258713" testName="BehaviorTests.AsyncOperationsFinishAtAwait(shape: &quot;list&quot;, count: 32)" computerName="Johnnys-MacBook-Pro" duration="00:00:00.0003921" startTime="2026-09-20T14:19:47.3945280+02:00" endTime="2026-09-20T14:19:47.3945280+02:00" testType="13cdc9d9-ddb5-4fa4-a97d-d965ccfc6d4b" outcome="Passed" testListId="8c84fa94-04c1-424b-9868-57a2d4851a1d" relativeResultsDirectory="9d2da19d-b47b-4f16-b2e3-69228449be91" />
    <UnitTestResult executionId="79373960-f588-4e15-b7b5-57c735b19a4e" testId="b4a5b523-9e5c-f353-acf8-632ef71e5447" testName="Test.CollectionIterableParallelTest.SortCollectionParallelIEnumerableDescending" computerName="Johnnys-MacBook-Pro" duration="00:00:00.0001304" startTime="2026-09-20T14:19:47.3776820+02:00" endTime="2026-09-20T14:19:47.3776820+02:00" testType="13cdc9d9-ddb5-4fa4-a97d-d965ccfc6d4b" outcome="Passed" testListId="8c84fa94-04c1-424b-9868-57a2d4851a1d" relativeResultsDirectory="79373960-f588-4e15-b7b5-57c735b19a4e" />
    <UnitTestResult executionId="040c0984-bbae-404a-a7d8-d2f2b4c0982b" testId="41123350-ef1d-8452-b33b-49ec907e37ac" testName="BehaviorTests.SequentialOperationsMatchReference(shape: &quot;array&quot;, count: 1)" computerName="Johnnys-MacBook-Pro" duration="00:00:00.0002582" startTime="2026-09-20T14:19:47.4101240+02:00" endTime="2026-09-20T14:19:47.4101240+02:00" testType="13cdc9d9-ddb5-4fa4-a97d-d965ccfc6d4b" outcome="Passed" testListId="8c84fa94-04c1-424b-9868-57a2d4851a1d" relativeResultsDirectory="040c0984-bbae-404a-a7d8-d2f2b4c0982b" />
    <UnitTestResult executionId="62ac6491-c26b-48b3-8b4e-82b7bbd7d33a" testId="9ecec512-7534-47bb-a555-253d4b54abc1" testName="BehaviorTests.AsyncOperationsFinishAtAwait(shape: &quot;list&quot;, count: 1)" computerName="Johnnys-MacBook-Pro" duration="00:00:00.0005479" startTime="2026-09-20T14:19:47.3878000+02:00" endTime="2026-09-20T14:19:47.3878000+02:00" testType="13cdc9d9-ddb5-4fa4-a97d-d965ccfc6d4b" outcome="Passed" testListId="8c84fa94-04c1-424b-9868-57a2d4851a1d" relativeResultsDirectory="62ac6491-c26b-48b3-8b4e-82b7bbd7d33a" />
    <UnitTestResult executionId="02e4b009-dd51-452b-adae-7ebc485dbd24" testId="38207d83-f77c-3e53-2a82-cc7302347856" testName="Test.CollectionIterableParallelTest.FilterParallelWhenCancelled" computerName="Johnnys-MacBook-Pro" duration="00:00:00.0046803" startTime="2026-09-20T14:19:47.3767620+02:00" endTime="2026-09-20T14:19:47.3767620+02:00" testType="13cdc9d9-ddb5-4fa4-a97d-d965ccfc6d4b" outcome="Passed" testListId="8c84fa94-04c1-424b-9868-57a2d4851a1d" relativeResultsDirectory="02e4b009-dd51-452b-adae-7ebc485dbd24" />
    <UnitTestResult executionId="753c0d55-195f-49a0-9900-9903be0c802b" testId="c63294a8-69c1-ffcf-e6cb-2f75a22b4186" testName="Test.CollectionIterableTest.SortCollectionAscending" computerName="Johnnys-MacBook-Pro" duration="00:00:00.0006126" startTime="2026-09-20T14:19:47.3759090+02:00" endTime="2026-09-20T14:19:47.3759090+02:00" testType="13cdc9d9-ddb5-4fa4-a97d-d965ccfc6d4b" outcome="Passed" testListId="8c84fa94-04c1-424b-9868-57a2d4851a1d" relativeResultsDirectory="753c0d55-195f-49a0-9900-9903be0c802b" />
    <UnitTestResult executionId="7d39706e-72a5-49a7-bba4-184c5cfcbd1e" testId="7f4d901d-8204-70b1-b495-65b992ce5130" testName="BehaviorTests.SequentialOperationsMatchReference(shape: &quot;array&quot;, count: 1000)" computerName="Johnnys-MacBook-Pro" duration="00:00:00.0046625" startTime="2026-09-20T14:19:47.4150210+02:00" endTime="2026-09-20T14:19:47.4150210+02:00" testType="13cdc9d9-ddb5-4fa4-a97d-d965ccfc6d4b" outcome="Passed" testListId="8c84fa94-04c1-424b-9868-57a2d4851a1d" relativeResultsDirectory="7d39706e-72a5-49a7-bba4-184c5cfcbd1e" />
    <UnitTestResult executionId="eba0dc3f-db6b-4b3e-87a8-b36376e1c494" testId="dc4d71cc-b192-5917-1e8d-ee4fd98c5930" testName="Test.CollectionIterableTest.ToRecordEnumerable" computerName="Johnnys-MacBook-Pro" duration="00:00:00.0010185" startTime="2026-09-20T14:19:47.3558830+02:00" endTime="2026-09-20T14:19:47.3558830+02:00" testType="13cdc9d9-ddb5-4fa4-a97d-d965ccfc6d4b" outcome="Passed" testListId="8c84fa94-04c1-424b-9868-57a2d4851a1d" relativeResultsDirectory="eba0dc3f-db6b-4b3e-87a8-b36376e1c494" />
    <UnitTestResult executionId="5f1d00b4-d84d-4469-9bd8-0a72746ed626" testId="5c2d404a-00d1-3694-4f2f-46a6b8dc1b57" testName="Test.CollectionIterableTest.FilterCollection" computerName="Johnnys-MacBook-Pro" duration="00:00:00.0001539" startTime="2026-09-20T14:19:47.3759540+02:00" endTime="2026-09-20T14:19:47.3759540+02:00" testType="13cdc9d9-ddb5-4fa4-a97d-d965ccfc6d4b" outcome="Passed" testListId="8c84fa94-04c1-424b-9868-57a2d4851a1d" relativeResultsDirectory="5f1d00b4-d84d-4469-9bd8-0a72746ed626" />
    <UnitTestResult executionId="954d36b5-be6c-4b09-a6c9-5c0efbfeeb77" testId="c9b54675-5ad8-1bfb-3f8a-66aa8903952a" testName="Test.CollectionIterableTest.Reduce" computerName="Johnnys-MacBook-Pro" duration="00:00:00.0001836" startTime="2026-09-20T14:19:47.3758420+02:00" endTime="2026-09-20T14:19:47.3758420+02:00" testType="13cdc9d9-ddb5-4fa4-a97d-d965ccfc6d4b" outcome="Passed" testListId="8c84fa94-04c1-424b-9868-57a2d4851a1d" relativeResultsDirectory="954d36b5-be6c-4b09-a6c9-5c0efbfeeb77" />
    <UnitTestResult executionId="99af3bb8-1954-4efb-82d7-7c8e2fb0b198" testId="bbbdba5c-6873-31f9-0574-80feb27bacbe" testName="Test.CollectionIterableAsyncTest.ForEachAsyncICollection" computerName="Johnnys-MacBook-Pro" duration="00:00:00.0011059" startTime="2026-09-20T14:19:47.3777600+02:00" endTime="2026-09-20T14:19:47.3777600+02:00" testType="13cdc9d9-ddb5-4fa4-a97d-d965ccfc6d4b" outcome="Passed" testListId="8c84fa94-04c1-424b-9868-57a2d4851a1d" relativeResultsDirectory="99af3bb8-1954-4efb-82d7-7c8e2fb0b198" />
    <UnitTestResult executionId="e18771ff-2822-49ff-bb21-01d4ba195c21" testId="a8689b89-91d2-aa36-69da-b336f2a96078" testName="Test.CollectionIterableTest.ForEach" computerName="Johnnys-MacBook-Pro" duration="00:00:00.0001954" startTime="2026-09-20T14:19:47.3772780+02:00" endTime="2026-09-20T14:19:47.3772780+02:00" testType="13cdc9d9-ddb5-4fa4-a97d-d965ccfc6d4b" outcome="Passed" testListId="8c84fa94-04c1-424b-9868-57a2d4851a1d" relativeResultsDirectory="e18771ff-2822-49ff-bb21-01d4ba195c21" />
    <UnitTestResult executionId="3fdc1725-ecc7-428e-894e-89c8852cf596" testId="1f6f5437-a1e0-6863-1215-e35aa544dd7a" testName="BehaviorTests.AsyncOperationsFinishAtAwait(shape: &quot;iterator&quot;, count: 1)" computerName="Johnnys-MacBook-Pro" duration="00:00:00.0002754" startTime="2026-09-20T14:19:47.3954540+02:00" endTime="2026-09-20T14:19:47.3954540+02:00" testType="13cdc9d9-ddb5-4fa4-a97d-d965ccfc6d4b" outcome="Passed" testListId="8c84fa94-04c1-424b-9868-57a2d4851a1d" relativeResultsDirectory="3fdc1725-ecc7-428e-894e-89c8852cf596" />
    <UnitTestResult executionId="f54b34d1-3382-4983-9e24-ae227c251731" testId="d6bd93a6-5192-e5db-46e5-f82aef5d6693" testName="BehaviorTests.SequentialOperationsMatchReference(shape: &quot;array&quot;, count: 0)" computerName="Johnnys-MacBook-Pro" duration="00:00:00.0037330" startTime="2026-09-20T14:19:47.4032570+02:00" endTime="2026-09-20T14:19:47.4032570+02:00" testType="13cdc9d9-ddb5-4fa4-a97d-d965ccfc6d4b" outcome="Passed" testListId="8c84fa94-04c1-424b-9868-57a2d4851a1d" relativeResultsDirectory="f54b34d1-3382-4983-9e24-ae227c251731" />
    <UnitTestResult executionId="5b6cd16e-e470-4109-b15e-8b7f6a771397" testId="d16a8acc-254b-7dca-738b-07958409e7d9" testName="BehaviorTests.ParallelOperationsPreserveMembership(shape: &quot;array&quot;, count: 32)" computerName="Johnnys-MacBook-Pro" duration="00:00:00.0008166" startTime="2026-09-20T14:19:47.3779820+02:00" endTime="2026-09-20T14:19:47.3779820+02:00" testType="13cdc9d9-ddb5-4fa4-a97d-d965ccfc6d4b" outcome="Passed" testListId="8c84fa94-04c1-424b-9868-57a2d4851a1d" relativeResultsDirectory="5b6cd16e-e470-4109-b15e-8b7f6a771397" />
    <UnitTestResult executionId="63e089da-0f02-422c-a439-3ba39a638e42" testId="7080445b-9b75-180b-964b-e7277299103b" testName="BehaviorTests.ParallelOperationsPreserveMembership(shape: &quot;list&quot;, count: 1)" computerName="Johnnys-MacBook-Pro" duration="00:00:00.0003368" startTime="2026-09-20T14:19:47.3780890+02:00" endTime="2026-09-20T14:19:47.3780890+02:00" testType="13cdc9d9-ddb5-4fa4-a97d-d965ccfc6d4b" outcome="Passed" testListId="8c84fa94-04c1-424b-9868-57a2d4851a1d" relativeResultsDirectory="63e089da-0f02-422c-a439-3ba39a638e42" />
    <UnitTestResult executionId="60eb4ea5-5033-449f-aa97-a91e617f37ec" testId="af425b93-b025-f073-1a5d-74dba367dec9" testName="Test.CollectionIterableAsyncTest.ConcatAsyncICollection" computerName="Johnnys-MacBook-Pro" duration="00:00:00.0010524" startTime="2026-09-20T14:19:47.3779980+02:00" endTime="2026-09-20T14:19:47.3779980+02:00" testType="13cdc9d9-ddb5-4fa4-a97d-d965ccfc6d4b" outcome="Passed" testListId="8c84fa94-04c1-424b-9868-57a2d4851a1d" relativeResultsDirectory="60eb4ea5-5033-449f-aa97-a91e617f37ec" />
    <UnitTestResult executionId="fb099327-cb62-4d86-92fe-d8723f30f91a" testId="65ddab89-99c7-da66-cb07-cc88b5c12143" testName="Test.CollectionIterableTest.MapEnumerable" computerName="Johnnys-MacBook-Pro" duration="00:00:00.0002203" startTime="2026-09-20T14:19:47.3774110+02:00" endTime="2026-09-20T14:19:47.3774110+02:00" testType="13cdc9d9-ddb5-4fa4-a97d-d965ccfc6d4b" outcome="Passed" testListId="8c84fa94-04c1-424b-9868-57a2d4851a1d" relativeResultsDirectory="fb099327-cb62-4d86-92fe-d8723f30f91a" />
    <UnitTestResult executionId="47d0b243-83f4-4775-b2cf-22fd9820c55c" testId="1237d985-9ccb-7c7f-ea19-c85f48981d51" testName="BehaviorTests.BothSortsHandleOrderedAndDuplicateKeys(count: 1)" computerName="Johnnys-MacBook-Pro" duration="00:00:00.0011253" startTime="2026-09-20T14:19:47.4355400+02:00" endTime="2026-09-20T14:19:47.4355400+02:00" testType="13cdc9d9-ddb5-4fa4-a97d-d965ccfc6d4b" outcome="Passed" testListId="8c84fa94-04c1-424b-9868-57a2d4851a1d" relativeResultsDirectory="47d0b243-83f4-4775-b2cf-22fd9820c55c" />
  </Results>
  <TestDefinitions>
    <UnitTest name="Test.CollectionIterableTest.Filter" storage="/users/johnny/documents/github/personal/collection-iterable-methods/performance/tests/bin/release/net8.0/tests.dll" id="32eb8e5b-0c4a-0404-56a6-0a4033f1f519">
      <Execution id="b2a2a6cd-c2ef-43f4-92b2-9b90955c6e3d" />
      <TestMethod codeBase="/Users/johnny/Documents/github/personal/collection-iterable-methods/Performance/Tests/bin/Release/net8.0/Tests.dll" adapterTypeName="executor://xunit/VsTestRunner2/netcoreapp" className="Test.CollectionIterableTest" name="Filter" />
    </UnitTest>
    <UnitTest name="BehaviorTests.AsyncOperationsFinishAtAwait(shape: &quot;list&quot;, count: 1)" storage="/users/johnny/documents/github/personal/collection-iterable-methods/performance/tests/bin/release/net8.0/tests.dll" id="9ecec512-7534-47bb-a555-253d4b54abc1">
      <Execution id="62ac6491-c26b-48b3-8b4e-82b7bbd7d33a" />
      <TestMethod codeBase="/Users/johnny/Documents/github/personal/collection-iterable-methods/Performance/Tests/bin/Release/net8.0/Tests.dll" adapterTypeName="executor://xunit/VsTestRunner2/netcoreapp" className="BehaviorTests" name="AsyncOperationsFinishAtAwait" />
    </UnitTest>
    <UnitTest name="Test.CollectionIterableTest.Reduce" storage="/users/johnny/documents/github/personal/collection-iterable-methods/performance/tests/bin/release/net8.0/tests.dll" id="c9b54675-5ad8-1bfb-3f8a-66aa8903952a">
      <Execution id="954d36b5-be6c-4b09-a6c9-5c0efbfeeb77" />
      <TestMethod codeBase="/Users/johnny/Documents/github/personal/collection-iterable-methods/Performance/Tests/bin/Release/net8.0/Tests.dll" adapterTypeName="executor://xunit/VsTestRunner2/netcoreapp" className="Test.CollectionIterableTest" name="Reduce" />
    </UnitTest>
    <UnitTest name="BehaviorTests.AsyncOperationsFinishAtAwait(shape: &quot;array&quot;, count: 32)" storage="/users/johnny/documents/github/personal/collection-iterable-methods/performance/tests/bin/release/net8.0/tests.dll" id="473e5f08-c12e-f60c-3c01-eb8300fa0d12">
      <Execution id="ec7b2382-fbf7-4149-ba70-15e7f71ecf82" />
      <TestMethod codeBase="/Users/johnny/Documents/github/personal/collection-iterable-methods/Performance/Tests/bin/Release/net8.0/Tests.dll" adapterTypeName="executor://xunit/VsTestRunner2/netcoreapp" className="BehaviorTests" name="AsyncOperationsFinishAtAwait" />
    </UnitTest>
    <UnitTest name="Test.CollectionIterableParallelTest.ForEachParallelIEnumerable" storage="/users/johnny/documents/github/personal/collection-iterable-methods/performance/tests/bin/release/net8.0/tests.dll" id="a04f290c-67e9-15e5-dc8c-f766987b0e7e">
      <Execution id="b0088116-3a17-4c9a-815c-449dd2be91af" />
      <TestMethod codeBase="/Users/johnny/Documents/github/personal/collection-iterable-methods/Performance/Tests/bin/Release/net8.0/Tests.dll" adapterTypeName="executor://xunit/VsTestRunner2/netcoreapp" className="Test.CollectionIterableParallelTest" name="ForEachParallelIEnumerable" />
    </UnitTest>
    <UnitTest name="BehaviorTests.BothSortsHandleOrderedAndDuplicateKeys(count: 2048)" storage="/users/johnny/documents/github/personal/collection-iterable-methods/performance/tests/bin/release/net8.0/tests.dll" id="1d1a02f3-8f2c-c8ce-bd0f-7602789deeb8">
      <Execution id="a9658ecc-bd32-444f-9b8d-e179ad548a21" />
      <TestMethod codeBase="/Users/johnny/Documents/github/personal/collection-iterable-methods/Performance/Tests/bin/Release/net8.0/Tests.dll" adapterTypeName="executor://xunit/VsTestRunner2/netcoreapp" className="BehaviorTests" name="BothSortsHandleOrderedAndDuplicateKeys" />
    </UnitTest>
    <UnitTest name="Test.CollectionIterableTest.Map" storage="/users/johnny/documents/github/personal/collection-iterable-methods/performance/tests/bin/release/net8.0/tests.dll" id="d9f469a1-f624-c004-b17d-818c2269ff06">
      <Execution id="e8af1d3f-c1a9-4d20-8d1c-2e228eede2c7" />
      <TestMethod codeBase="/Users/johnny/Documents/github/personal/collection-iterable-methods/Performance/Tests/bin/Release/net8.0/Tests.dll" adapterTypeName="executor://xunit/VsTestRunner2/netcoreapp" className="Test.CollectionIterableTest" name="Map" />
    </UnitTest>
    <UnitTest name="BehaviorTests.ParallelOperationsPreserveMembership(shape: &quot;list&quot;, count: 1000)" storage="/users/johnny/documents/github/personal/collection-iterable-methods/performance/tests/bin/release/net8.0/tests.dll" id="49d00f7f-bac5-0f84-243b-c18c80e5982c">
      <Execution id="a2e8abcb-ac48-4f6b-b3b6-8d0a684ce169" />
      <TestMethod codeBase="/Users/johnny/Documents/github/personal/collection-iterable-methods/Performance/Tests/bin/Release/net8.0/Tests.dll" adapterTypeName="executor://xunit/VsTestRunner2/netcoreapp" className="BehaviorTests" name="ParallelOperationsPreserveMembership" />
    </UnitTest>
    <UnitTest name="BehaviorTests.AsyncOperationsFinishAtAwait(shape: &quot;array&quot;, count: 0)" storage="/users/johnny/documents/github/personal/collection-iterable-methods/performance/tests/bin/release/net8.0/tests.dll" id="19a331a2-a6ff-681b-2a88-24b42c1dcbce">
      <Execution id="9fb5d1f0-682a-4e87-8391-7246d6f18160" />
      <TestMethod codeBase="/Users/johnny/Documents/github/personal/collection-iterable-methods/Performance/Tests/bin/Release/net8.0/Tests.dll" adapterTypeName="executor://xunit/VsTestRunner2/netcoreapp" className="BehaviorTests" name="AsyncOperationsFinishAtAwait" />
    </UnitTest>
    <UnitTest name="BehaviorTests.AsyncOperationsFinishAtAwait(shape: &quot;iterator&quot;, count: 1000)" storage="/users/johnny/documents/github/personal/collection-iterable-methods/performance/tests/bin/release/net8.0/tests.dll" id="ff9a75db-c85b-029f-4dea-8535625544a0">
      <Execution id="9ccc2c88-6d90-48e4-b8ce-dc3636ee99ec" />
      <TestMethod codeBase="/Users/johnny/Documents/github/personal/collection-iterable-methods/Performance/Tests/bin/Release/net8.0/Tests.dll" adapterTypeName="executor://xunit/VsTestRunner2/netcoreapp" className="BehaviorTests" name="AsyncOperationsFinishAtAwait" />
    </UnitTest>
    <UnitTest name="Test.CollectionIterableTest.ConcatCollection" storage="/users/johnny/documents/github/personal/collection-iterable-methods/performance/tests/bin/release/net8.0/tests.dll" id="c5d01b0a-5938-a6c4-e1b2-0d784c29ff45">
      <Execution id="d771c087-997a-4dff-98ce-66e6e4273988" />
      <TestMethod codeBase="/Users/johnny/Documents/github/personal/collection-iterable-methods/Performance/Tests/bin/Release/net8.0/Tests.dll" adapterTypeName="executor://xunit/VsTestRunner2/netcoreapp" className="Test.CollectionIterableTest" name="ConcatCollection" />
    </UnitTest>
    <UnitTest name="Test.CollectionIterableTest.ToRecordStringAndNumbers" storage="/users/johnny/documents/github/personal/collection-iterable-methods/performance/tests/bin/release/net8.0/tests.dll" id="67c16d20-fc9e-cd4b-3386-54ce406d5c2e">
      <Execution id="84a79c10-9495-4ec8-a592-8cff6762b09b" />
      <TestMethod codeBase="/Users/johnny/Documents/github/personal/collection-iterable-methods/Performance/Tests/bin/Release/net8.0/Tests.dll" adapterTypeName="executor://xunit/VsTestRunner2/netcoreapp" className="Test.CollectionIterableTest" name="ToRecordStringAndNumbers" />
    </UnitTest>
    <UnitTest name="Test.CollectionIterableTest.SortCollectionAscending" storage="/users/johnny/documents/github/personal/collection-iterable-methods/performance/tests/bin/release/net8.0/tests.dll" id="c63294a8-69c1-ffcf-e6cb-2f75a22b4186">
      <Execution id="753c0d55-195f-49a0-9900-9903be0c802b" />
      <TestMethod codeBase="/Users/johnny/Documents/github/personal/collection-iterable-methods/Performance/Tests/bin/Release/net8.0/Tests.dll" adapterTypeName="executor://xunit/VsTestRunner2/netcoreapp" className="Test.CollectionIterableTest" name="SortCollectionAscending" />
    </UnitTest>
    <UnitTest name="BehaviorTests.ParallelOperationsPreserveMembership(shape: &quot;iterator&quot;, count: 1)" storage="/users/johnny/documents/github/personal/collection-iterable-methods/performance/tests/bin/release/net8.0/tests.dll" id="eeb46e38-d618-6025-e481-e76078b42bb3">
      <Execution id="0efb6fb7-d6ee-452b-96ad-0fe026b71496" />
      <TestMethod codeBase="/Users/johnny/Documents/github/personal/collection-iterable-methods/Performance/Tests/bin/Release/net8.0/Tests.dll" adapterTypeName="executor://xunit/VsTestRunner2/netcoreapp" className="BehaviorTests" name="ParallelOperationsPreserveMembership" />
    </UnitTest>
    <UnitTest name="BehaviorTests.SequentialOperationsMatchReference(shape: &quot;list&quot;, count: 1)" storage="/users/johnny/documents/github/personal/collection-iterable-methods/performance/tests/bin/release/net8.0/tests.dll" id="9e34faa7-9f8d-05a0-791c-30381ab3fb0c">
      <Execution id="1944cb70-8dda-495f-81d6-daa697eeff93" />
      <TestMethod codeBase="/Users/johnny/Documents/github/personal/collection-iterable-methods/Performance/Tests/bin/Release/net8.0/Tests.dll" adapterTypeName="executor://xunit/VsTestRunner2/netcoreapp" className="BehaviorTests" name="SequentialOperationsMatchReference" />
    </UnitTest>
    <UnitTest name="BehaviorTests.ParallelOperationsPreserveMembership(shape: &quot;iterator&quot;, count: 32)" storage="/users/johnny/documents/github/personal/collection-iterable-methods/performance/tests/bin/release/net8.0/tests.dll" id="ee7dcacf-32c1-0ca8-9888-90517ab2fa55">
      <Execution id="fecd7218-0c7d-4eba-84f7-b0526b18258e" />
      <TestMethod codeBase="/Users/johnny/Documents/github/personal/collection-iterable-methods/Performance/Tests/bin/Release/net8.0/Tests.dll" adapterTypeName="executor://xunit/VsTestRunner2/netcoreapp" className="BehaviorTests" name="ParallelOperationsPreserveMembership" />
    </UnitTest>
    <UnitTest name="Test.CollectionIterableTest.SliceCollection" storage="/users/johnny/documents/github/personal/collection-iterable-methods/performance/tests/bin/release/net8.0/tests.dll" id="c519ca39-85ea-71ce-c155-6e2416756398">
      <Execution id="bcac624c-2136-4546-a4ea-db87bd817286" />
      <TestMethod codeBase="/Users/johnny/Documents/github/personal/collection-iterable-methods/Performance/Tests/bin/Release/net8.0/Tests.dll" adapterTypeName="executor://xunit/VsTestRunner2/netcoreapp" className="Test.CollectionIterableTest" name="SliceCollection" />
    </UnitTest>
    <UnitTest name="Test.CollectionIterableParallelTest.SortCollectionParallelDescending" storage="/users/johnny/documents/github/personal/collection-iterable-methods/performance/tests/bin/release/net8.0/tests.dll" id="1acba469-1360-4b37-a81e-7139580d586d">
      <Execution id="a2cf321a-1fcd-402d-a073-35060b9d3979" />
      <TestMethod codeBase="/Users/johnny/Documents/github/personal/collection-iterable-methods/Performance/Tests/bin/Release/net8.0/Tests.dll" adapterTypeName="executor://xunit/VsTestRunner2/netcoreapp" className="Test.CollectionIterableParallelTest" name="SortCollectionParallelDescending" />
    </UnitTest>
    <UnitTest name="Test.CollectionIterableTest.SortCollectionDescending" storage="/users/johnny/documents/github/personal/collection-iterable-methods/performance/tests/bin/release/net8.0/tests.dll" id="de748f2a-30ae-21c1-3931-346381649a13">
      <Execution id="fb64943b-1433-4c6f-9802-e4e401889607" />
      <TestMethod codeBase="/Users/johnny/Documents/github/personal/collection-iterable-methods/Performance/Tests/bin/Release/net8.0/Tests.dll" adapterTypeName="executor://xunit/VsTestRunner2/netcoreapp" className="Test.CollectionIterableTest" name="SortCollectionDescending" />
    </UnitTest>
    <UnitTest name="Test.CollectionIterableTest.ForEachCollection" storage="/users/johnny/documents/github/personal/collection-iterable-methods/performance/tests/bin/release/net8.0/tests.dll" id="d51844c2-6632-dcb3-0045-27bfc4388db0">
      <Execution id="64648a41-7f57-4dc7-a82f-8a6977c727eb" />
      <TestMethod codeBase="/Users/johnny/Documents/github/personal/collection-iterable-methods/Performance/Tests/bin/Release/net8.0/Tests.dll" adapterTypeName="executor://xunit/VsTestRunner2/netcoreapp" className="Test.CollectionIterableTest" name="ForEachCollection" />
    </UnitTest>
    <UnitTest name="BehaviorTests.BothSortsHandleOrderedAndDuplicateKeys(count: 32)" storage="/users/johnny/documents/github/personal/collection-iterable-methods/performance/tests/bin/release/net8.0/tests.dll" id="a72524f3-ba13-5632-ba84-5385bb52e92f">
      <Execution id="ab20c507-9bc8-4c3d-b39c-fc64403a26ea" />
      <TestMethod codeBase="/Users/johnny/Documents/github/personal/collection-iterable-methods/Performance/Tests/bin/Release/net8.0/Tests.dll" adapterTypeName="executor://xunit/VsTestRunner2/netcoreapp" className="BehaviorTests" name="BothSortsHandleOrderedAndDuplicateKeys" />
    </UnitTest>
    <UnitTest name="Test.CollectionIterableParallelTest.FilterParallelWhenCancelled" storage="/users/johnny/documents/github/personal/collection-iterable-methods/performance/tests/bin/release/net8.0/tests.dll" id="38207d83-f77c-3e53-2a82-cc7302347856">
      <Execution id="02e4b009-dd51-452b-adae-7ebc485dbd24" />
      <TestMethod codeBase="/Users/johnny/Documents/github/personal/collection-iterable-methods/Performance/Tests/bin/Release/net8.0/Tests.dll" adapterTypeName="executor://xunit/VsTestRunner2/netcoreapp" className="Test.CollectionIterableParallelTest" name="FilterParallelWhenCancelled" />
    </UnitTest>
    <UnitTest name="BehaviorTests.ParallelOperationsPreserveMembership(shape: &quot;list&quot;, count: 32)" storage="/users/johnny/documents/github/personal/collection-iterable-methods/performance/tests/bin/release/net8.0/tests.dll" id="50cad885-d269-e24f-1f35-a450a6fa29e4">
      <Execution id="235698cf-6fee-455c-acd8-9ff19d8d508a" />
      <TestMethod codeBase="/Users/johnny/Documents/github/personal/collection-iterable-methods/Performance/Tests/bin/Release/net8.0/Tests.dll" adapterTypeName="executor://xunit/VsTestRunner2/netcoreapp" className="BehaviorTests" name="ParallelOperationsPreserveMembership" />
    </UnitTest>
    <UnitTest name="BehaviorTests.AsyncOperationsFinishAtAwait(shape: &quot;array&quot;, count: 1000)" storage="/users/johnny/documents/github/personal/collection-iterable-methods/performance/tests/bin/release/net8.0/tests.dll" id="d692e060-644b-e7e4-9374-469bccf4cdf2">
      <Execution id="4356d9bd-f743-4629-aefc-a4a08190cb6a" />
      <TestMethod codeBase="/Users/johnny/Documents/github/personal/collection-iterable-methods/Performance/Tests/bin/Release/net8.0/Tests.dll" adapterTypeName="executor://xunit/VsTestRunner2/netcoreapp" className="BehaviorTests" name="AsyncOperationsFinishAtAwait" />
    </UnitTest>
    <UnitTest name="BehaviorTests.AsyncOperationsFinishAtAwait(shape: &quot;list&quot;, count: 32)" storage="/users/johnny/documents/github/personal/collection-iterable-methods/performance/tests/bin/release/net8.0/tests.dll" id="14160670-1272-8381-ad25-bd6df2258713">
      <Execution id="9d2da19d-b47b-4f16-b2e3-69228449be91" />
      <TestMethod codeBase="/Users/johnny/Documents/github/personal/collection-iterable-methods/Performance/Tests/bin/Release/net8.0/Tests.dll" adapterTypeName="executor://xunit/VsTestRunner2/netcoreapp" className="BehaviorTests" name="AsyncOperationsFinishAtAwait" />
    </UnitTest>
    <UnitTest name="Test.CollectionIterableAsyncTest.FilterParallelAsyncICollection" storage="/users/johnny/documents/github/personal/collection-iterable-methods/performance/tests/bin/release/net8.0/tests.dll" id="89412c8d-8cab-7bd0-bdf1-2799d79c2025">
      <Execution id="be575d97-ae82-4de7-8fb1-22cdf9f93bb6" />
      <TestMethod codeBase="/Users/johnny/Documents/github/personal/collection-iterable-methods/Performance/Tests/bin/Release/net8.0/Tests.dll" adapterTypeName="executor://xunit/VsTestRunner2/netcoreapp" className="Test.CollectionIterableAsyncTest" name="FilterParallelAsyncICollection" />
    </UnitTest>
    <UnitTest name="BehaviorTests.ParallelOperationsPreserveMembership(shape: &quot;array&quot;, count: 0)" storage="/users/johnny/documents/github/personal/collection-iterable-methods/performance/tests/bin/release/net8.0/tests.dll" id="54e640ee-3b05-6eed-7eba-c70724cfd828">
      <Execution id="ef1500c3-f045-4566-8c0b-426ca5fa9533" />
      <TestMethod codeBase="/Users/johnny/Documents/github/personal/collection-iterable-methods/Performance/Tests/bin/Release/net8.0/Tests.dll" adapterTypeName="executor://xunit/VsTestRunner2/netcoreapp" className="BehaviorTests" name="ParallelOperationsPreserveMembership" />
    </UnitTest>
    <UnitTest name="BehaviorTests.BothSortsHandleOrderedAndDuplicateKeys(count: 1)" storage="/users/johnny/documents/github/personal/collection-iterable-methods/performance/tests/bin/release/net8.0/tests.dll" id="1237d985-9ccb-7c7f-ea19-c85f48981d51">
      <Execution id="47d0b243-83f4-4775-b2cf-22fd9820c55c" />
      <TestMethod codeBase="/Users/johnny/Documents/github/personal/collection-iterable-methods/Performance/Tests/bin/Release/net8.0/Tests.dll" adapterTypeName="executor://xunit/VsTestRunner2/netcoreapp" className="BehaviorTests" name="BothSortsHandleOrderedAndDuplicateKeys" />
    </UnitTest>
    <UnitTest name="Test.CollectionIterableTest.ForEachEnumerable" storage="/users/johnny/documents/github/personal/collection-iterable-methods/performance/tests/bin/release/net8.0/tests.dll" id="10c05642-0d2e-92a3-d6a4-725f1fc285c4">
      <Execution id="450c872e-d218-4983-bc78-d24a154ed258" />
      <TestMethod codeBase="/Users/johnny/Documents/github/personal/collection-iterable-methods/Performance/Tests/bin/Release/net8.0/Tests.dll" adapterTypeName="executor://xunit/VsTestRunner2/netcoreapp" className="Test.CollectionIterableTest" name="ForEachEnumerable" />
    </UnitTest>
    <UnitTest name="BehaviorTests.SequentialOperationsMatchReference(shape: &quot;iterator&quot;, count: 1000)" storage="/users/johnny/documents/github/personal/collection-iterable-methods/performance/tests/bin/release/net8.0/tests.dll" id="d68a6387-0e24-737e-5915-673c9a2d5c59">
      <Execution id="f43ea746-7ad8-4d94-93f8-f83cf1f942e1" />
      <TestMethod codeBase="/Users/johnny/Documents/github/personal/collection-iterable-methods/Performance/Tests/bin/Release/net8.0/Tests.dll" adapterTypeName="executor://xunit/VsTestRunner2/netcoreapp" className="BehaviorTests" name="SequentialOperationsMatchReference" />
    </UnitTest>
    <UnitTest name="BehaviorTests.SortsStringKeysInBothDirections" storage="/users/johnny/documents/github/personal/collection-iterable-methods/performance/tests/bin/release/net8.0/tests.dll" id="2ddad672-5f26-ac6f-d96c-5394d290fea0">
      <Execution id="48d9c644-b315-42fb-af27-4398312de6a2" />
      <TestMethod codeBase="/Users/johnny/Documents/github/personal/collection-iterable-methods/Performance/Tests/bin/Release/net8.0/Tests.dll" adapterTypeName="executor://xunit/VsTestRunner2/netcoreapp" className="BehaviorTests" name="SortsStringKeysInBothDirections" />
    </UnitTest>
    <UnitTest name="Test.CollectionIterableParallelTest.ToDictionaryParallel" storage="/users/johnny/documents/github/personal/collection-iterable-methods/performance/tests/bin/release/net8.0/tests.dll" id="64914c10-6625-af28-8d8a-9e55bcbb424c">
      <Execution id="4471704d-dd07-4f00-a658-2a9657e951bf" />
      <TestMethod codeBase="/Users/johnny/Documents/github/personal/collection-iterable-methods/Performance/Tests/bin/Release/net8.0/Tests.dll" adapterTypeName="executor://xunit/VsTestRunner2/netcoreapp" className="Test.CollectionIterableParallelTest" name="ToDictionaryParallel" />
    </UnitTest>
    <UnitTest name="Test.CollectionIterableParallelTest.FilterParallel" storage="/users/johnny/documents/github/personal/collection-iterable-methods/performance/tests/bin/release/net8.0/tests.dll" id="798defdc-d99d-2fac-d532-3568b67354d9">
      <Execution id="55b4502e-ec69-4ddb-b5a3-fd8521cb7935" />
      <TestMethod codeBase="/Users/johnny/Documents/github/personal/collection-iterable-methods/Performance/Tests/bin/Release/net8.0/Tests.dll" adapterTypeName="executor://xunit/VsTestRunner2/netcoreapp" className="Test.CollectionIterableParallelTest" name="FilterParallel" />
    </UnitTest>
    <UnitTest name="Test.CollectionIterableParallelTest.SortCollectionParallelAscending" storage="/users/johnny/documents/github/personal/collection-iterable-methods/performance/tests/bin/release/net8.0/tests.dll" id="b5d53198-321c-1220-93a1-158a73e2deff">
      <Execution id="18a4aebd-f592-4bc2-84a2-56027fbde9f2" />
      <TestMethod codeBase="/Users/johnny/Documents/github/personal/collection-iterable-methods/Performance/Tests/bin/Release/net8.0/Tests.dll" adapterTypeName="executor://xunit/VsTestRunner2/netcoreapp" className="Test.CollectionIterableParallelTest" name="SortCollectionParallelAscending" />
    </UnitTest>
    <UnitTest name="BehaviorTests.SliceEnumeratesOnceOnlyThroughEndAndDisposes" storage="/users/johnny/documents/github/personal/collection-iterable-methods/performance/tests/bin/release/net8.0/tests.dll" id="e2c1855e-5036-f3f1-db57-251a2bb2ec05">
      <Execution id="7274a0a8-2a1c-4f83-b151-d56121280ab7" />
      <TestMethod codeBase="/Users/johnny/Documents/github/personal/collection-iterable-methods/Performance/Tests/bin/Release/net8.0/Tests.dll" adapterTypeName="executor://xunit/VsTestRunner2/netcoreapp" className="BehaviorTests" name="SliceEnumeratesOnceOnlyThroughEndAndDisposes" />
    </UnitTest>
    <UnitTest name="Test.CollectionIterableAsyncTest.FilterParallelAsyncIEnumerable" storage="/users/johnny/documents/github/personal/collection-iterable-methods/performance/tests/bin/release/net8.0/tests.dll" id="601f1de8-1ff7-04bd-76f4-1ed65b91197d">
      <Execution id="563741e5-9948-4449-ad81-33590c236726" />
      <TestMethod codeBase="/Users/johnny/Documents/github/personal/collection-iterable-methods/Performance/Tests/bin/Release/net8.0/Tests.dll" adapterTypeName="executor://xunit/VsTestRunner2/netcoreapp" className="Test.CollectionIterableAsyncTest" name="FilterParallelAsyncIEnumerable" />
    </UnitTest>
    <UnitTest name="Test.CollectionIterableParallelTest.SortCollectionParallelIEnumerableDescending" storage="/users/johnny/documents/github/personal/collection-iterable-methods/performance/tests/bin/release/net8.0/tests.dll" id="b4a5b523-9e5c-f353-acf8-632ef71e5447">
      <Execution id="79373960-f588-4e15-b7b5-57c735b19a4e" />
      <TestMethod codeBase="/Users/johnny/Documents/github/personal/collection-iterable-methods/Performance/Tests/bin/Release/net8.0/Tests.dll" adapterTypeName="executor://xunit/VsTestRunner2/netcoreapp" className="Test.CollectionIterableParallelTest" name="SortCollectionParallelIEnumerableDescending" />
    </UnitTest>
    <UnitTest name="BehaviorTests.SequentialOperationsMatchReference(shape: &quot;iterator&quot;, count: 32)" storage="/users/johnny/documents/github/personal/collection-iterable-methods/performance/tests/bin/release/net8.0/tests.dll" id="1c6819ef-2b9d-31de-eae6-91ba5aced3e2">
      <Execution id="b56bfe08-de30-42e7-98e6-bc665c94fb93" />
      <TestMethod codeBase="/Users/johnny/Documents/github/personal/collection-iterable-methods/Performance/Tests/bin/Release/net8.0/Tests.dll" adapterTypeName="executor://xunit/VsTestRunner2/netcoreapp" className="BehaviorTests" name="SequentialOperationsMatchReference" />
    </UnitTest>
    <UnitTest name="BehaviorTests.MapInferenceWorksForArrayAndCollection" storage="/users/johnny/documents/github/personal/collection-iterable-methods/performance/tests/bin/release/net8.0/tests.dll" id="a2d36c93-a4ea-6b87-e58d-e86df7ed8e62">
      <Execution id="2078b1d9-7f51-4da5-8337-d600a4b5e56f" />
      <TestMethod codeBase="/Users/johnny/Documents/github/personal/collection-iterable-methods/Performance/Tests/bin/Release/net8.0/Tests.dll" adapterTypeName="executor://xunit/VsTestRunner2/netcoreapp" className="BehaviorTests" name="MapInferenceWorksForArrayAndCollection" />
    </UnitTest>
    <UnitTest name="BehaviorTests.AsyncOperationsFinishAtAwait(shape: &quot;array&quot;, count: 1)" storage="/users/johnny/documents/github/personal/collection-iterable-methods/performance/tests/bin/release/net8.0/tests.dll" id="3ca1a663-9631-63a2-9322-076fd6cd1f92">
      <Execution id="ca7dbd8f-8e71-4123-b5d7-b1998ee4716c" />
      <TestMethod codeBase="/Users/johnny/Documents/github/personal/collection-iterable-methods/Performance/Tests/bin/Release/net8.0/Tests.dll" adapterTypeName="executor://xunit/VsTestRunner2/netcoreapp" className="BehaviorTests" name="AsyncOperationsFinishAtAwait" />
    </UnitTest>
[...]
    </UnitTest>
    <UnitTest name="Test.CollectionIterableTest.ToRecordEnumerable" storage="/users/johnny/documents/github/personal/collection-iterable-methods/performance/tests/bin/release/net8.0/tests.dll" id="dc4d71cc-b192-5917-1e8d-ee4fd98c5930">
      <Execution id="eba0dc3f-db6b-4b3e-87a8-b36376e1c494" />
      <TestMethod codeBase="/Users/johnny/Documents/github/personal/collection-iterable-methods/Performance/Tests/bin/Release/net8.0/Tests.dll" adapterTypeName="executor://xunit/VsTestRunner2/netcoreapp" className="Test.CollectionIterableTest" name="ToRecordEnumerable" />
    </UnitTest>
    <UnitTest name="BehaviorTests.SequentialOperationsMatchReference(shape: &quot;iterator&quot;, count: 0)" storage="/users/johnny/documents/github/personal/collection-iterable-methods/performance/tests/bin/release/net8.0/tests.dll" id="4a383bd6-5d76-dabb-5df3-4dbe3023a656">
      <Execution id="3b1ae31e-e316-4c4e-8d1d-3861a748fa57" />
      <TestMethod codeBase="/Users/johnny/Documents/github/personal/collection-iterable-methods/Performance/Tests/bin/Release/net8.0/Tests.dll" adapterTypeName="executor://xunit/VsTestRunner2/netcoreapp" className="BehaviorTests" name="SequentialOperationsMatchReference" />
    </UnitTest>
    <UnitTest name="Test.CollectionIterableTest.ReduceEnumerable" storage="/users/johnny/documents/github/personal/collection-iterable-methods/performance/tests/bin/release/net8.0/tests.dll" id="8dd63cfe-3b21-6c74-e6d7-bbadf6dda5d2">
      <Execution id="7a88d13c-7af1-4db6-b649-4935259058f0" />
      <TestMethod codeBase="/Users/johnny/Documents/github/personal/collection-iterable-methods/Performance/Tests/bin/Release/net8.0/Tests.dll" adapterTypeName="executor://xunit/VsTestRunner2/netcoreapp" className="Test.CollectionIterableTest" name="ReduceEnumerable" />
    </UnitTest>
  </TestDefinitions>
  <TestEntries>
    <TestEntry testId="19a331a2-a6ff-681b-2a88-24b42c1dcbce" executionId="9fb5d1f0-682a-4e87-8391-7246d6f18160" testListId="8c84fa94-04c1-424b-9868-57a2d4851a1d" />
    <TestEntry testId="c519ca39-85ea-71ce-c155-6e2416756398" executionId="bcac624c-2136-4546-a4ea-db87bd817286" testListId="8c84fa94-04c1-424b-9868-57a2d4851a1d" />
    <TestEntry testId="49d00f7f-bac5-0f84-243b-c18c80e5982c" executionId="a2e8abcb-ac48-4f6b-b3b6-8d0a684ce169" testListId="8c84fa94-04c1-424b-9868-57a2d4851a1d" />
    <TestEntry testId="eb399cc0-5e44-ad7b-a61f-99f02cfee20d" executionId="44f33019-ef08-4171-ad7c-b359117b151c" testListId="8c84fa94-04c1-424b-9868-57a2d4851a1d" />
    <TestEntry testId="d5d72f3e-46a3-06ae-e44a-6411aa75b31e" executionId="a11bd716-3acd-4099-ba7f-4f699837153a" testListId="8c84fa94-04c1-424b-9868-57a2d4851a1d" />
    <TestEntry testId="51b948b1-4c6d-5ece-3f77-1ea81ea322b6" executionId="508db714-2881-464c-b905-3c6fe6bab8c2" testListId="8c84fa94-04c1-424b-9868-57a2d4851a1d" />
    <TestEntry testId="a290bedb-520d-fc53-af65-fe28b60117c2" executionId="7596574a-6dfa-4934-94f4-4896d75fc0ae" testListId="8c84fa94-04c1-424b-9868-57a2d4851a1d" />
    <TestEntry testId="941956aa-0016-a7c1-1a4a-0d2c8a7ecbb0" executionId="406a9d9a-0472-469b-bf39-2f569f105eb3" testListId="8c84fa94-04c1-424b-9868-57a2d4851a1d" />
    <TestEntry testId="4d05be38-9243-1d31-7400-741e5655cfb7" executionId="04529d61-27c2-45b9-9368-2a63f6f930fc" testListId="8c84fa94-04c1-424b-9868-57a2d4851a1d" />
    <TestEntry testId="b96bfae6-4535-f629-4a6f-251ec649c264" executionId="21120c49-956b-4f00-8038-1b6295a32a03" testListId="8c84fa94-04c1-424b-9868-57a2d4851a1d" />
    <TestEntry testId="39dc3176-a5d3-3b03-6951-f3aa9d110405" executionId="cf09b715-233a-43f2-a96c-5443f93f36df" testListId="8c84fa94-04c1-424b-9868-57a2d4851a1d" />
    <TestEntry testId="1c6819ef-2b9d-31de-eae6-91ba5aced3e2" executionId="b56bfe08-de30-42e7-98e6-bc665c94fb93" testListId="8c84fa94-04c1-424b-9868-57a2d4851a1d" />
    <TestEntry testId="d51844c2-6632-dcb3-0045-27bfc4388db0" executionId="64648a41-7f57-4dc7-a82f-8a6977c727eb" testListId="8c84fa94-04c1-424b-9868-57a2d4851a1d" />
    <TestEntry testId="d534f18b-441b-c78e-d608-4dad93b5acd1" executionId="7cf7899d-3bd7-46ac-b784-7afe35e6352b" testListId="8c84fa94-04c1-424b-9868-57a2d4851a1d" />
    <TestEntry testId="461a0e94-1ce6-9f59-96b7-33ada46728ac" executionId="e9b2d3d7-ff66-41a5-b30d-920ad2fc482b" testListId="8c84fa94-04c1-424b-9868-57a2d4851a1d" />
    <TestEntry testId="d9f469a1-f624-c004-b17d-818c2269ff06" executionId="e8af1d3f-c1a9-4d20-8d1c-2e228eede2c7" testListId="8c84fa94-04c1-424b-9868-57a2d4851a1d" />
    <TestEntry testId="847b3b43-69b8-5908-2424-5296a2dd569a" executionId="d6ddbc94-b2f9-4167-b7a1-dfa6f5850ee9" testListId="8c84fa94-04c1-424b-9868-57a2d4851a1d" />
    <TestEntry testId="388942b0-9251-77f9-66bb-31d94382b46a" executionId="b4ec120d-db9f-4bc2-a42f-afdb339f5b3c" testListId="8c84fa94-04c1-424b-9868-57a2d4851a1d" />
    <TestEntry testId="827acfff-ce41-7cf3-031b-7e9ab60cc54a" executionId="0f370f29-715a-453b-b6ae-96ca7c1ca702" testListId="8c84fa94-04c1-424b-9868-57a2d4851a1d" />
    <TestEntry testId="473e5f08-c12e-f60c-3c01-eb8300fa0d12" executionId="ec7b2382-fbf7-4149-ba70-15e7f71ecf82" testListId="8c84fa94-04c1-424b-9868-57a2d4851a1d" />
    <TestEntry testId="c09a8426-77ff-447f-f31e-d895be906053" executionId="d89265de-7d3b-4af6-8719-f7c6efeb1ce4" testListId="8c84fa94-04c1-424b-9868-57a2d4851a1d" />
    <TestEntry testId="6ca11de3-02c9-2639-3153-e4fdbca04544" executionId="a06ff181-b486-4d0c-9103-5cf7ed9ac23a" testListId="8c84fa94-04c1-424b-9868-57a2d4851a1d" />
    <TestEntry testId="90a46e78-b21c-e036-c874-dc7ede0ca5fd" executionId="eaa49dd3-7324-44e2-b135-b4e6e0792c78" testListId="8c84fa94-04c1-424b-9868-57a2d4851a1d" />
    <TestEntry testId="769280fc-113e-a96d-920a-8e574fcaeb2c" executionId="11352de5-c631-4fba-a16a-3e9377d91b20" testListId="8c84fa94-04c1-424b-9868-57a2d4851a1d" />
    <TestEntry testId="eeb46e38-d618-6025-e481-e76078b42bb3" executionId="0efb6fb7-d6ee-452b-96ad-0fe026b71496" testListId="8c84fa94-04c1-424b-9868-57a2d4851a1d" />
    <TestEntry testId="db495b7c-950a-2411-bf37-50f602864525" executionId="0b7df0f6-6c97-4385-bbc9-71576353aee0" testListId="8c84fa94-04c1-424b-9868-57a2d4851a1d" />
    <TestEntry testId="6fc74593-bdbf-39bb-18f6-ef0fe172c80e" executionId="e7128514-bef8-465e-9169-b3e8c63dd98a" testListId="8c84fa94-04c1-424b-9868-57a2d4851a1d" />
    <TestEntry testId="891decea-b534-8a43-a60b-ad70264205c2" executionId="8f8ebda9-9cd3-4b3a-9682-9c7f603d1610" testListId="8c84fa94-04c1-424b-9868-57a2d4851a1d" />
    <TestEntry testId="1d1a02f3-8f2c-c8ce-bd0f-7602789deeb8" executionId="a9658ecc-bd32-444f-9b8d-e179ad548a21" testListId="8c84fa94-04c1-424b-9868-57a2d4851a1d" />
    <TestEntry testId="50c590f1-0ab3-c531-0d50-6fffff7eaedd" executionId="a4aee494-24b4-453a-9e56-ad42b0a39f61" testListId="8c84fa94-04c1-424b-9868-57a2d4851a1d" />
    <TestEntry testId="433a116f-43fe-85ef-c96e-938cb4bdf2b7" executionId="cd49c8c6-ac3f-49d4-a3b1-9aff55c99ede" testListId="8c84fa94-04c1-424b-9868-57a2d4851a1d" />
    <TestEntry testId="a610c374-9f87-75ec-a19b-7743e3131f45" executionId="da220f05-9d48-4ffc-b790-dfcb6822ebdf" testListId="8c84fa94-04c1-424b-9868-57a2d4851a1d" />
    <TestEntry testId="64914c10-6625-af28-8d8a-9e55bcbb424c" executionId="4471704d-dd07-4f00-a658-2a9657e951bf" testListId="8c84fa94-04c1-424b-9868-57a2d4851a1d" />
    <TestEntry testId="a2d36c93-a4ea-6b87-e58d-e86df7ed8e62" executionId="2078b1d9-7f51-4da5-8337-d600a4b5e56f" testListId="8c84fa94-04c1-424b-9868-57a2d4851a1d" />
    <TestEntry testId="8dd63cfe-3b21-6c74-e6d7-bbadf6dda5d2" executionId="7a88d13c-7af1-4db6-b649-4935259058f0" testListId="8c84fa94-04c1-424b-9868-57a2d4851a1d" />
    <TestEntry testId="a72524f3-ba13-5632-ba84-5385bb52e92f" executionId="ab20c507-9bc8-4c3d-b39c-fc64403a26ea" testListId="8c84fa94-04c1-424b-9868-57a2d4851a1d" />
    <TestEntry testId="336be225-a841-f5f6-8543-7ae0582e5902" executionId="b98e92fc-e7b6-4f53-a07a-a7072bc0f842" testListId="8c84fa94-04c1-424b-9868-57a2d4851a1d" />
    <TestEntry testId="7f9701f3-573c-8caf-491c-8ba8aef7cd59" executionId="50c76e08-7698-440d-9329-0103d97ad8e7" testListId="8c84fa94-04c1-424b-9868-57a2d4851a1d" />
    <TestEntry testId="f2223e4b-4f78-7bca-e10e-140d3abe7452" executionId="09ac790e-9649-4757-85b6-912dae5b4854" testListId="8c84fa94-04c1-424b-9868-57a2d4851a1d" />
    <TestEntry testId="798defdc-d99d-2fac-d532-3568b67354d9" executionId="55b4502e-ec69-4ddb-b5a3-fd8521cb7935" testListId="8c84fa94-04c1-424b-9868-57a2d4851a1d" />
    <TestEntry testId="63038738-2c9b-33a0-f777-21bcac93f079" executionId="36e868de-09ae-4725-ab0d-af350e8c72a3" testListId="8c84fa94-04c1-424b-9868-57a2d4851a1d" />
    <TestEntry testId="d692e060-644b-e7e4-9374-469bccf4cdf2" executionId="4356d9bd-f743-4629-aefc-a4a08190cb6a" testListId="8c84fa94-04c1-424b-9868-57a2d4851a1d" />
    <TestEntry testId="3ca1a663-9631-63a2-9322-076fd6cd1f92" executionId="ca7dbd8f-8e71-4123-b5d7-b1998ee4716c" testListId="8c84fa94-04c1-424b-9868-57a2d4851a1d" />
    <TestEntry testId="94b36a89-7797-253d-a55f-7e4c1089d187" executionId="8dc345b5-a7b2-4d17-aa6e-c6c634bc903a" testListId="8c84fa94-04c1-424b-9868-57a2d4851a1d" />
    <TestEntry testId="89412c8d-8cab-7bd0-bdf1-2799d79c2025" executionId="be575d97-ae82-4de7-8fb1-22cdf9f93bb6" testListId="8c84fa94-04c1-424b-9868-57a2d4851a1d" />
    <TestEntry testId="d3f5331d-4164-de88-b6d6-1ab1d5894410" executionId="0b0fbed6-b5a7-446d-b0c4-12c6c138298a" testListId="8c84fa94-04c1-424b-9868-57a2d4851a1d" />
    <TestEntry testId="1acba469-1360-4b37-a81e-7139580d586d" executionId="a2cf321a-1fcd-402d-a073-35060b9d3979" testListId="8c84fa94-04c1-424b-9868-57a2d4851a1d" />
    <TestEntry testId="de748f2a-30ae-21c1-3931-346381649a13" executionId="fb64943b-1433-4c6f-9802-e4e401889607" testListId="8c84fa94-04c1-424b-9868-57a2d4851a1d" />
    <TestEntry testId="3630ee18-cb29-cbff-26a6-c9b4dc1b3588" executionId="dcd42a8b-3746-40a6-bd65-2b97f52592a8" testListId="8c84fa94-04c1-424b-9868-57a2d4851a1d" />
    <TestEntry testId="632ada4b-1ac5-73f3-54f7-871228d68291" executionId="9aa1f4e2-b094-41be-aa76-f206a403b6ee" testListId="8c84fa94-04c1-424b-9868-57a2d4851a1d" />
    <TestEntry testId="67c16d20-fc9e-cd4b-3386-54ce406d5c2e" executionId="84a79c10-9495-4ec8-a592-8cff6762b09b" testListId="8c84fa94-04c1-424b-9868-57a2d4851a1d" />
    <TestEntry testId="9e34faa7-9f8d-05a0-791c-30381ab3fb0c" executionId="1944cb70-8dda-495f-81d6-daa697eeff93" testListId="8c84fa94-04c1-424b-9868-57a2d4851a1d" />
    <TestEntry testId="4a383bd6-5d76-dabb-5df3-4dbe3023a656" executionId="3b1ae31e-e316-4c4e-8d1d-3861a748fa57" testListId="8c84fa94-04c1-424b-9868-57a2d4851a1d" />
    <TestEntry testId="9a0b8d6f-da7e-126f-7cc1-64bdaf244d09" executionId="d7c52818-6a88-4496-b27f-3c30b66b0a8a" testListId="8c84fa94-04c1-424b-9868-57a2d4851a1d" />
    <TestEntry testId="7b0905b7-2a5e-f3f6-74a7-8589f3fdc596" executionId="b66bc5ef-68fa-4008-81ec-fc470fe233b2" testListId="8c84fa94-04c1-424b-9868-57a2d4851a1d" />
    <TestEntry testId="b5d53198-321c-1220-93a1-158a73e2deff" executionId="18a4aebd-f592-4bc2-84a2-56027fbde9f2" testListId="8c84fa94-04c1-424b-9868-57a2d4851a1d" />
    <TestEntry testId="82e5473b-443e-d95f-2af3-610c893cb1f5" executionId="e9180226-1eeb-4ec2-8f70-5d1e62bde4aa" testListId="8c84fa94-04c1-424b-9868-57a2d4851a1d" />
    <TestEntry testId="1e1aa50f-2a24-7526-8c3d-087ea9f74355" executionId="17a8fc5f-4239-4fbf-b6dc-56fdd22ef941" testListId="8c84fa94-04c1-424b-9868-57a2d4851a1d" />
    <TestEntry testId="a04f290c-67e9-15e5-dc8c-f766987b0e7e" executionId="b0088116-3a17-4c9a-815c-449dd2be91af" testListId="8c84fa94-04c1-424b-9868-57a2d4851a1d" />
    <TestEntry testId="ee7dcacf-32c1-0ca8-9888-90517ab2fa55" executionId="fecd7218-0c7d-4eba-84f7-b0526b18258e" testListId="8c84fa94-04c1-424b-9868-57a2d4851a1d" />
    <TestEntry testId="4696a9b9-a8c5-332d-d43f-d22f8b236523" executionId="b02e34f1-d83e-4de6-ad05-8c8df6f7df8a" testListId="8c84fa94-04c1-424b-9868-57a2d4851a1d" />
    <TestEntry testId="0c8fd6c5-bd7d-0162-8855-ded0fc443b1d" executionId="ff250fe9-b384-4f85-9d9f-793b4d70ccde" testListId="8c84fa94-04c1-424b-9868-57a2d4851a1d" />
    <TestEntry testId="1d2757f3-51fa-2f82-50f8-d81595e85e32" executionId="c837ab5c-94c6-4cc4-b76b-a84c9ed59f85" testListId="8c84fa94-04c1-424b-9868-57a2d4851a1d" />
    <TestEntry testId="ff9a75db-c85b-029f-4dea-8535625544a0" executionId="9ccc2c88-6d90-48e4-b8ce-dc3636ee99ec" testListId="8c84fa94-04c1-424b-9868-57a2d4851a1d" />
    <TestEntry testId="af83f971-bf53-48ea-cf89-2910c14eea30" executionId="eacc6658-2f49-4d35-b20a-7f7d7a992092" testListId="8c84fa94-04c1-424b-9868-57a2d4851a1d" />
    <TestEntry testId="eac78a5b-8fe7-8752-a1bc-c6c6dcebd47f" executionId="30b7849b-5ff6-4a39-b819-be7e7773cc99" testListId="8c84fa94-04c1-424b-9868-57a2d4851a1d" />
    <TestEntry testId="32eb8e5b-0c4a-0404-56a6-0a4033f1f519" executionId="b2a2a6cd-c2ef-43f4-92b2-9b90955c6e3d" testListId="8c84fa94-04c1-424b-9868-57a2d4851a1d" />
    <TestEntry testId="e2c1855e-5036-f3f1-db57-251a2bb2ec05" executionId="7274a0a8-2a1c-4f83-b151-d56121280ab7" testListId="8c84fa94-04c1-424b-9868-57a2d4851a1d" />
    <TestEntry testId="50cad885-d269-e24f-1f35-a450a6fa29e4" executionId="235698cf-6fee-455c-acd8-9ff19d8d508a" testListId="8c84fa94-04c1-424b-9868-57a2d4851a1d" />
    <TestEntry testId="7cba0af7-ba70-3d52-4f92-890ddbf5429f" executionId="413c4001-b121-46dc-b863-f4a78159b4e3" testListId="8c84fa94-04c1-424b-9868-57a2d4851a1d" />
    <TestEntry testId="f665950b-ed03-d9d0-a0fe-37c5e75d6d9c" executionId="61e01c35-09bf-40ee-be75-cd8037541e44" testListId="8c84fa94-04c1-424b-9868-57a2d4851a1d" />
    <TestEntry testId="1506c9fd-d30d-707f-c5c0-ac13545005ee" executionId="7e914f6f-f99a-48e3-9e73-25f7d7f82de5" testListId="8c84fa94-04c1-424b-9868-57a2d4851a1d" />
    <TestEntry testId="601f1de8-1ff7-04bd-76f4-1ed65b91197d" executionId="563741e5-9948-4449-ad81-33590c236726" testListId="8c84fa94-04c1-424b-9868-57a2d4851a1d" />
    <TestEntry testId="6115f649-ed56-e021-f01b-031ce26ab371" executionId="d1dd50c1-4f6f-471b-8ae3-547e96f07294" testListId="8c84fa94-04c1-424b-9868-57a2d4851a1d" />
    <TestEntry testId="54e640ee-3b05-6eed-7eba-c70724cfd828" executionId="ef1500c3-f045-4566-8c0b-426ca5fa9533" testListId="8c84fa94-04c1-424b-9868-57a2d4851a1d" />
    <TestEntry testId="15e1f783-b91c-5b7e-8515-422d0e641df5" executionId="6f39e78a-45bf-4d8d-b76c-6a687c29f73a" testListId="8c84fa94-04c1-424b-9868-57a2d4851a1d" />
    <TestEntry testId="d68a6387-0e24-737e-5915-673c9a2d5c59" executionId="f43ea746-7ad8-4d94-93f8-f83cf1f942e1" testListId="8c84fa94-04c1-424b-9868-57a2d4851a1d" />
    <TestEntry testId="2ddad672-5f26-ac6f-d96c-5394d290fea0" executionId="48d9c644-b315-42fb-af27-4398312de6a2" testListId="8c84fa94-04c1-424b-9868-57a2d4851a1d" />
    <TestEntry testId="5ebdc504-bf7a-44bc-2e0a-2147bf31ef98" executionId="448e1455-5c56-47e9-ae79-a12ff7c84120" testListId="8c84fa94-04c1-424b-9868-57a2d4851a1d" />
    <TestEntry testId="e5c5c89a-75a1-5fbe-ae00-31daa1d0643b" executionId="6e3716d6-178e-48bc-98b3-f931ab8edc61" testListId="8c84fa94-04c1-424b-9868-57a2d4851a1d" />
    <TestEntry testId="aeb2c5b5-8ac4-cfbf-62ff-9dd05374bdaf" executionId="14331b43-7852-4a07-9272-3afc22eed816" testListId="8c84fa94-04c1-424b-9868-57a2d4851a1d" />
    <TestEntry testId="c5d01b0a-5938-a6c4-e1b2-0d784c29ff45" executionId="d771c087-997a-4dff-98ce-66e6e4273988" testListId="8c84fa94-04c1-424b-9868-57a2d4851a1d" />
    <TestEntry testId="0eba5a24-84cb-4042-9666-dfb2e01fae19" executionId="e23dd7e1-09e0-4beb-9ae0-5706ef73cbd7" testListId="8c84fa94-04c1-424b-9868-57a2d4851a1d" />
    <TestEntry testId="10c05642-0d2e-92a3-d6a4-725f1fc285c4" executionId="450c872e-d218-4983-bc78-d24a154ed258" testListId="8c84fa94-04c1-424b-9868-57a2d4851a1d" />
    <TestEntry testId="bac1b5ad-fb22-e3ba-129e-e1d1ef6b65df" executionId="4eeee807-2c34-4de7-8000-29002568cfc3" testListId="8c84fa94-04c1-424b-9868-57a2d4851a1d" />
    <TestEntry testId="14160670-1272-8381-ad25-bd6df2258713" executionId="9d2da19d-b47b-4f16-b2e3-69228449be91" testListId="8c84fa94-04c1-424b-9868-57a2d4851a1d" />
    <TestEntry testId="b4a5b523-9e5c-f353-acf8-632ef71e5447" executionId="79373960-f588-4e15-b7b5-57c735b19a4e" testListId="8c84fa94-04c1-424b-9868-57a2d4851a1d" />
    <TestEntry testId="41123350-ef1d-8452-b33b-49ec907e37ac" executionId="040c0984-bbae-404a-a7d8-d2f2b4c0982b" testListId="8c84fa94-04c1-424b-9868-57a2d4851a1d" />
    <TestEntry testId="9ecec512-7534-47bb-a555-253d4b54abc1" executionId="62ac6491-c26b-48b3-8b4e-82b7bbd7d33a" testListId="8c84fa94-04c1-424b-9868-57a2d4851a1d" />
    <TestEntry testId="38207d83-f77c-3e53-2a82-cc7302347856" executionId="02e4b009-dd51-452b-adae-7ebc485dbd24" testListId="8c84fa94-04c1-424b-9868-57a2d4851a1d" />
    <TestEntry testId="c63294a8-69c1-ffcf-e6cb-2f75a22b4186" executionId="753c0d55-195f-49a0-9900-9903be0c802b" testListId="8c84fa94-04c1-424b-9868-57a2d4851a1d" />
    <TestEntry testId="7f4d901d-8204-70b1-b495-65b992ce5130" executionId="7d39706e-72a5-49a7-bba4-184c5cfcbd1e" testListId="8c84fa94-04c1-424b-9868-57a2d4851a1d" />
    <TestEntry testId="dc4d71cc-b192-5917-1e8d-ee4fd98c5930" executionId="eba0dc3f-db6b-4b3e-87a8-b36376e1c494" testListId="8c84fa94-04c1-424b-9868-57a2d4851a1d" />
    <TestEntry testId="5c2d404a-00d1-3694-4f2f-46a6b8dc1b57" executionId="5f1d00b4-d84d-4469-9bd8-0a72746ed626" testListId="8c84fa94-04c1-424b-9868-57a2d4851a1d" />
    <TestEntry testId="c9b54675-5ad8-1bfb-3f8a-66aa8903952a" executionId="954d36b5-be6c-4b09-a6c9-5c0efbfeeb77" testListId="8c84fa94-04c1-424b-9868-57a2d4851a1d" />
    <TestEntry testId="bbbdba5c-6873-31f9-0574-80feb27bacbe" executionId="99af3bb8-1954-4efb-82d7-7c8e2fb0b198" testListId="8c84fa94-04c1-424b-9868-57a2d4851a1d" />
    <TestEntry testId="a8689b89-91d2-aa36-69da-b336f2a96078" executionId="e18771ff-2822-49ff-bb21-01d4ba195c21" testListId="8c84fa94-04c1-424b-9868-57a2d4851a1d" />
    <TestEntry testId="1f6f5437-a1e0-6863-1215-e35aa544dd7a" executionId="3fdc1725-ecc7-428e-894e-89c8852cf596" testListId="8c84fa94-04c1-424b-9868-57a2d4851a1d" />
    <TestEntry testId="d6bd93a6-5192-e5db-46e5-f82aef5d6693" executionId="f54b34d1-3382-4983-9e24-ae227c251731" testListId="8c84fa94-04c1-424b-9868-57a2d4851a1d" />
    <TestEntry testId="d16a8acc-254b-7dca-738b-07958409e7d9" executionId="5b6cd16e-e470-4109-b15e-8b7f6a771397" testListId="8c84fa94-04c1-424b-9868-57a2d4851a1d" />
    <TestEntry testId="7080445b-9b75-180b-964b-e7277299103b" executionId="63e089da-0f02-422c-a439-3ba39a638e42" testListId="8c84fa94-04c1-424b-9868-57a2d4851a1d" />
    <TestEntry testId="af425b93-b025-f073-1a5d-74dba367dec9" executionId="60eb4ea5-5033-449f-aa97-a91e617f37ec" testListId="8c84fa94-04c1-424b-9868-57a2d4851a1d" />
    <TestEntry testId="65ddab89-99c7-da66-cb07-cc88b5c12143" executionId="fb099327-cb62-4d86-92fe-d8723f30f91a" testListId="8c84fa94-04c1-424b-9868-57a2d4851a1d" />
    <TestEntry testId="1237d985-9ccb-7c7f-ea19-c85f48981d51" executionId="47d0b243-83f4-4775-b2cf-22fd9820c55c" testListId="8c84fa94-04c1-424b-9868-57a2d4851a1d" />
  </TestEntries>
  <TestLists>
    <TestList name="Results Not in a List" id="8c84fa94-04c1-424b-9868-57a2d4851a1d" />
    <TestList name="All Loaded Results" id="19431567-8539-422a-85d7-44ee4e166bda" />
  </TestLists>
  <ResultSummary outcome="Completed">
    <Counters total="104" executed="104" passed="104" failed="0" error="0" timeout="0" aborted="0" inconclusive="0" passedButRunAborted="0" notRunnable="0" notExecuted="0" disconnected="0" warning="0" completed="0" inProgress="0" pending="0" />
    <Output>
      <StdOut>[xUnit.net 00:00:00.00] xUnit.net VSTest Adapter v2.8.2+699d445a1a (64-bit .NET 8.0.31)
[xUnit.net 00:00:00.04]   Discovering: Tests
[xUnit.net 00:00:00.07]   Discovered:  Tests
[xUnit.net 00:00:00.07]   Starting:    Tests
[xUnit.net 00:00:00.38]   Finished:    Tests
</StdOut>
    </Output>
  </ResultSummary>
</TestRun>