<?xml version="1.0" encoding="utf-8"?>
<TestRun id="74748ebe-920c-4873-839b-91ec527f2b6b" name="@Johnnys-MacBook-Pro 2026-09-20 14:45:44" xmlns="http://microsoft.com/schemas/VisualStudio/TeamTest/2010">
  <Times creation="2026-09-20T14:45:44.9881420+02:00" queuing="2026-09-20T14:45:44.9881420+02:00" start="2026-09-20T14:45:44.5430040+02:00" finish="2026-09-20T14:45:45.2743390+02:00" />
  <TestSettings name="default" id="a5b8ffae-6743-41b3-87ee-e1f889b9a0e7">
    <Deployment runDeploymentRoot="_Johnnys-MacBook-Pro_2026-09-20_14_45_44" />
  </TestSettings>
  <Results>
    <UnitTestResult executionId="a59ed37a-063b-4aa2-92f5-9e68759fe916" testId="cbaf804d-eb43-a80a-f70d-9d5ef473e706" testName="BehaviorTests.TypedArrayIndexedOperationsPreserveResults(count: 1000)" computerName="Johnnys-MacBook-Pro" duration="00:00:00.0009873" startTime="2026-09-20T14:45:45.0289970+02:00" endTime="2026-09-20T14:45:45.0289980+02:00" testType="13cdc9d9-ddb5-4fa4-a97d-d965ccfc6d4b" outcome="Passed" testListId="8c84fa94-04c1-424b-9868-57a2d4851a1d" relativeResultsDirectory="a59ed37a-063b-4aa2-92f5-9e68759fe916" />
    <UnitTestResult executionId="7761d736-3139-477c-98f7-0a41e885a895" testId="a610c374-9f87-75ec-a19b-7743e3131f45" testName="BehaviorTests.RecordRejectsDuplicatesAndCallbacksRunOnce" computerName="Johnnys-MacBook-Pro" duration="00:00:00.0003066" startTime="2026-09-20T14:45:45.2250210+02:00" endTime="2026-09-20T14:45:45.2250210+02:00" testType="13cdc9d9-ddb5-4fa4-a97d-d965ccfc6d4b" outcome="Passed" testListId="8c84fa94-04c1-424b-9868-57a2d4851a1d" relativeResultsDirectory="7761d736-3139-477c-98f7-0a41e885a895" />
    <UnitTestResult executionId="9baad0e6-8c61-4390-a8a7-f075d8abf422" testId="0eba5a24-84cb-4042-9666-dfb2e01fae19" testName="Test.CollectionIterableAsyncTest.ForEachAsync" computerName="Johnnys-MacBook-Pro" duration="00:00:00.0011187" startTime="2026-09-20T14:45:44.9635750+02:00" endTime="2026-09-20T14:45:44.9635750+02:00" testType="13cdc9d9-ddb5-4fa4-a97d-d965ccfc6d4b" outcome="Passed" testListId="8c84fa94-04c1-424b-9868-57a2d4851a1d" relativeResultsDirectory="9baad0e6-8c61-4390-a8a7-f075d8abf422" />
    <UnitTestResult executionId="471d8dda-d10a-49ce-afe7-a90f447dfd37" testId="6ca11de3-02c9-2639-3153-e4fdbca04544" testName="Test.CollectionIterableAsyncTest.FilterParallelAsync" computerName="Johnnys-MacBook-Pro" duration="00:00:00.0011363" startTime="2026-09-20T14:45:44.9639570+02:00" endTime="2026-09-20T14:45:44.9639570+02:00" testType="13cdc9d9-ddb5-4fa4-a97d-d965ccfc6d4b" outcome="Passed" testListId="8c84fa94-04c1-424b-9868-57a2d4851a1d" relativeResultsDirectory="471d8dda-d10a-49ce-afe7-a90f447dfd37" />
    <UnitTestResult executionId="a5a86cc8-d454-4373-b2b9-13a3c0125b41" testId="6fc74593-bdbf-39bb-18f6-ef0fe172c80e" testName="BehaviorTests.CancellationDuringFinalCallbackCancelsTask" computerName="Johnnys-MacBook-Pro" duration="00:00:00.0019879" startTime="2026-09-20T14:45:45.2246620+02:00" endTime="2026-09-20T14:45:45.2246620+02:00" testType="13cdc9d9-ddb5-4fa4-a97d-d965ccfc6d4b" outcome="Passed" testListId="8c84fa94-04c1-424b-9868-57a2d4851a1d" relativeResultsDirectory="a5a86cc8-d454-4373-b2b9-13a3c0125b41" />
    <UnitTestResult executionId="ab62bda2-202a-42db-bb0a-f33f5c0a6a46" testId="601f1de8-1ff7-04bd-76f4-1ed65b91197d" testName="Test.CollectionIterableAsyncTest.FilterParallelAsyncIEnumerable" computerName="Johnnys-MacBook-Pro" duration="00:00:00.0013613" startTime="2026-09-20T14:45:44.9650920+02:00" endTime="2026-09-20T14:45:44.9650920+02:00" testType="13cdc9d9-ddb5-4fa4-a97d-d965ccfc6d4b" outcome="Passed" testListId="8c84fa94-04c1-424b-9868-57a2d4851a1d" relativeResultsDirectory="ab62bda2-202a-42db-bb0a-f33f5c0a6a46" />
    <UnitTestResult executionId="ed26fe72-e9e1-46e6-ab07-b7cda46ca110" testId="9a0b8d6f-da7e-126f-7cc1-64bdaf244d09" testName="Test.CollectionIterableTest.ConcatEnumerable" computerName="Johnnys-MacBook-Pro" duration="00:00:00.0060227" startTime="2026-09-20T14:45:44.9388840+02:00" endTime="2026-09-20T14:45:44.9389060+02:00" testType="13cdc9d9-ddb5-4fa4-a97d-d965ccfc6d4b" outcome="Passed" testListId="8c84fa94-04c1-424b-9868-57a2d4851a1d" relativeResultsDirectory="ed26fe72-e9e1-46e6-ab07-b7cda46ca110" />
    <UnitTestResult executionId="da5f8d71-59e5-44e5-9d27-8e3a3c192647" testId="941956aa-0016-a7c1-1a4a-0d2c8a7ecbb0" testName="Test.CollectionIterableTest.Concat" computerName="Johnnys-MacBook-Pro" duration="00:00:00.0002059" startTime="2026-09-20T14:45:44.9627780+02:00" endTime="2026-09-20T14:45:44.9627780+02:00" testType="13cdc9d9-ddb5-4fa4-a97d-d965ccfc6d4b" outcome="Passed" testListId="8c84fa94-04c1-424b-9868-57a2d4851a1d" relativeResultsDirectory="da5f8d71-59e5-44e5-9d27-8e3a3c192647" />
    <UnitTestResult executionId="6f6ddd28-7915-484a-8294-3cd55d49f06d" testId="50cad885-d269-e24f-1f35-a450a6fa29e4" testName="BehaviorTests.ParallelOperationsPreserveMembership(shape: &quot;list&quot;, count: 32)" computerName="Johnnys-MacBook-Pro" duration="00:00:00.0004626" startTime="2026-09-20T14:45:44.9702090+02:00" endTime="2026-09-20T14:45:44.9702090+02:00" testType="13cdc9d9-ddb5-4fa4-a97d-d965ccfc6d4b" outcome="Passed" testListId="8c84fa94-04c1-424b-9868-57a2d4851a1d" relativeResultsDirectory="6f6ddd28-7915-484a-8294-3cd55d49f06d" />
    <UnitTestResult executionId="087da1c3-0ec4-4e0b-b856-affd20ddddaf" testId="bac1b5ad-fb22-e3ba-129e-e1d1ef6b65df" testName="Test.CollectionIterableParallelTest.FilterParallelICollection" computerName="Johnnys-MacBook-Pro" duration="00:00:00.0001377" startTime="2026-09-20T14:45:44.9642400+02:00" endTime="2026-09-20T14:45:44.9642400+02:00" testType="13cdc9d9-ddb5-4fa4-a97d-d965ccfc6d4b" outcome="Passed" testListId="8c84fa94-04c1-424b-9868-57a2d4851a1d" relativeResultsDirectory="087da1c3-0ec4-4e0b-b856-affd20ddddaf" />
    <UnitTestResult executionId="67032d38-59ab-4b7b-8929-d5fecbe940ff" testId="b96bfae6-4535-f629-4a6f-251ec649c264" testName="Test.CollectionIterableTest.ToRecordCollection" computerName="Johnnys-MacBook-Pro" duration="00:00:00.0001814" startTime="2026-09-20T14:45:44.9642600+02:00" endTime="2026-09-20T14:45:44.9642600+02:00" testType="13cdc9d9-ddb5-4fa4-a97d-d965ccfc6d4b" outcome="Passed" testListId="8c84fa94-04c1-424b-9868-57a2d4851a1d" relativeResultsDirectory="67032d38-59ab-4b7b-8929-d5fecbe940ff" />
    <UnitTestResult executionId="aef3a1b8-9b0f-4fbd-b5a9-b10e53552f67" testId="1237d985-9ccb-7c7f-ea19-c85f48981d51" testName="BehaviorTests.BothSortsHandleOrderedAndDuplicateKeys(count: 1)" computerName="Johnnys-MacBook-Pro" duration="00:00:00.0010825" startTime="2026-09-20T14:45:45.0346500+02:00" endTime="2026-09-20T14:45:45.0346500+02:00" testType="13cdc9d9-ddb5-4fa4-a97d-d965ccfc6d4b" outcome="Passed" testListId="8c84fa94-04c1-424b-9868-57a2d4851a1d" relativeResultsDirectory="aef3a1b8-9b0f-4fbd-b5a9-b10e53552f67" />
    <UnitTestResult executionId="d988dd81-6674-4b94-90fd-2cc7e50c8c2e" testId="eeb46e38-d618-6025-e481-e76078b42bb3" testName="BehaviorTests.ParallelOperationsPreserveMembership(shape: &quot;iterator&quot;, count: 1)" computerName="Johnnys-MacBook-Pro" duration="00:00:00.0003684" startTime="2026-09-20T14:45:44.9675490+02:00" endTime="2026-09-20T14:45:44.9675490+02:00" testType="13cdc9d9-ddb5-4fa4-a97d-d965ccfc6d4b" outcome="Passed" testListId="8c84fa94-04c1-424b-9868-57a2d4851a1d" relativeResultsDirectory="d988dd81-6674-4b94-90fd-2cc7e50c8c2e" />
    <UnitTestResult executionId="d8d008a1-46cc-4789-b694-8c28f3bb025e" testId="af83f971-bf53-48ea-cf89-2910c14eea30" testName="BehaviorTests.AsyncOperationsFinishAtAwait(shape: &quot;iterator&quot;, count: 0)" computerName="Johnnys-MacBook-Pro" duration="00:00:00.0004026" startTime="2026-09-20T14:45:44.9864900+02:00" endTime="2026-09-20T14:45:44.9864900+02:00" testType="13cdc9d9-ddb5-4fa4-a97d-d965ccfc6d4b" outcome="Passed" testListId="8c84fa94-04c1-424b-9868-57a2d4851a1d" relativeResultsDirectory="d8d008a1-46cc-4789-b694-8c28f3bb025e" />
    <UnitTestResult executionId="514011c5-3f65-4898-a573-ee9becde8682" testId="1d1a02f3-8f2c-c8ce-bd0f-7602789deeb8" testName="BehaviorTests.BothSortsHandleOrderedAndDuplicateKeys(count: 2048)" computerName="Johnnys-MacBook-Pro" duration="00:00:00.0073025" startTime="2026-09-20T14:45:45.0645390+02:00" endTime="2026-09-20T14:45:45.0645390+02:00" testType="13cdc9d9-ddb5-4fa4-a97d-d965ccfc6d4b" outcome="Passed" testListId="8c84fa94-04c1-424b-9868-57a2d4851a1d" relativeResultsDirectory="514011c5-3f65-4898-a573-ee9becde8682" />
    <UnitTestResult executionId="6a73e2a2-c5bb-4b43-9889-215c1192e538" testId="d6bd93a6-5192-e5db-46e5-f82aef5d6693" testName="BehaviorTests.SequentialOperationsMatchReference(shape: &quot;array&quot;, count: 0)" computerName="Johnnys-MacBook-Pro" duration="00:00:00.0041849" startTime="2026-09-20T14:45:44.9955020+02:00" endTime="2026-09-20T14:45:44.9955020+02:00" testType="13cdc9d9-ddb5-4fa4-a97d-d965ccfc6d4b" outcome="Passed" testListId="8c84fa94-04c1-424b-9868-57a2d4851a1d" relativeResultsDirectory="6a73e2a2-c5bb-4b43-9889-215c1192e538" />
    <UnitTestResult executionId="3483af7a-570a-44ee-b101-e8349bdd9c60" testId="891decea-b534-8a43-a60b-ad70264205c2" testName="BehaviorTests.ParallelHonorsEitherCancellationSource(secondary: True)" computerName="Johnnys-MacBook-Pro" duration="00:00:00.0002509" startTime="2026-09-20T14:45:45.2199950+02:00" endTime="2026-09-20T14:45:45.2199950+02:00" testType="13cdc9d9-ddb5-4fa4-a97d-d965ccfc6d4b" outcome="Passed" testListId="8c84fa94-04c1-424b-9868-57a2d4851a1d" relativeResultsDirectory="3483af7a-570a-44ee-b101-e8349bdd9c60" />
    <UnitTestResult executionId="95f9ec57-779f-4a28-a25d-58dba90d4f1c" testId="90a46e78-b21c-e036-c874-dc7ede0ca5fd" testName="BehaviorTests.SequentialOperationsMatchReference(shape: &quot;iterator&quot;, count: 1)" computerName="Johnnys-MacBook-Pro" duration="00:00:00.0000416" startTime="2026-09-20T14:45:45.0116650+02:00" endTime="2026-09-20T14:45:45.0116650+02:00" testType="13cdc9d9-ddb5-4fa4-a97d-d965ccfc6d4b" outcome="Passed" testListId="8c84fa94-04c1-424b-9868-57a2d4851a1d" relativeResultsDirectory="95f9ec57-779f-4a28-a25d-58dba90d4f1c" />
    <UnitTestResult executionId="e79f141c-4449-4b98-a7a6-77793871fa97" testId="632ada4b-1ac5-73f3-54f7-871228d68291" testName="BehaviorTests.BothSortsHandleOrderedAndDuplicateKeys(count: 50000)" computerName="Johnnys-MacBook-Pro" duration="00:00:00.1528450" startTime="2026-09-20T14:45:45.2176510+02:00" endTime="2026-09-20T14:45:45.2176510+02:00" testType="13cdc9d9-ddb5-4fa4-a97d-d965ccfc6d4b" outcome="Passed" testListId="8c84fa94-04c1-424b-9868-57a2d4851a1d" relativeResultsDirectory="e79f141c-4449-4b98-a7a6-77793871fa97" />
    <UnitTestResult executionId="df075f5a-58f6-40f7-8df4-bea88466c688" testId="a8689b89-91d2-aa36-69da-b336f2a96078" testName="Test.CollectionIterableTest.ForEach" computerName="Johnnys-MacBook-Pro" duration="00:00:00.0002890" startTime="2026-09-20T14:45:44.9642190+02:00" endTime="2026-09-20T14:45:44.9642190+02:00" testType="13cdc9d9-ddb5-4fa4-a97d-d965ccfc6d4b" outcome="Passed" testListId="8c84fa94-04c1-424b-9868-57a2d4851a1d" relativeResultsDirectory="df075f5a-58f6-40f7-8df4-bea88466c688" />
    <UnitTestResult executionId="55ab955f-18e6-4e9f-b88c-82f600320fa4" testId="63038738-2c9b-33a0-f777-21bcac93f079" testName="Test.CollectionIterableTest.ToRecord" computerName="Johnnys-MacBook-Pro" duration="00:00:00.0001976" startTime="2026-09-20T14:45:44.9639790+02:00" endTime="2026-09-20T14:45:44.9639790+02:00" testType="13cdc9d9-ddb5-4fa4-a97d-d965ccfc6d4b" outcome="Passed" testListId="8c84fa94-04c1-424b-9868-57a2d4851a1d" relativeResultsDirectory="55ab955f-18e6-4e9f-b88c-82f600320fa4" />
    <UnitTestResult executionId="b773b3cd-9919-4915-8e1d-77b2f89b8ab7" testId="e2c1855e-5036-f3f1-db57-251a2bb2ec05" testName="BehaviorTests.SliceEnumeratesOnceOnlyThroughEndAndDisposes" computerName="Johnnys-MacBook-Pro" duration="00:00:00.0010510" startTime="2026-09-20T14:45:45.0304160+02:00" endTime="2026-09-20T14:45:45.0304160+02:00" testType="13cdc9d9-ddb5-4fa4-a97d-d965ccfc6d4b" outcome="Passed" testListId="8c84fa94-04c1-424b-9868-57a2d4851a1d" relativeResultsDirectory="b773b3cd-9919-4915-8e1d-77b2f89b8ab7" />
    <UnitTestResult executionId="36253085-78f3-4e20-946c-ae0031207b4e" testId="41123350-ef1d-8452-b33b-49ec907e37ac" testName="BehaviorTests.SequentialOperationsMatchReference(shape: &quot;array&quot;, count: 1)" computerName="Johnnys-MacBook-Pro" duration="00:00:00.0002331" startTime="2026-09-20T14:45:45.0049030+02:00" endTime="2026-09-20T14:45:45.0049030+02:00" testType="13cdc9d9-ddb5-4fa4-a97d-d965ccfc6d4b" outcome="Passed" testListId="8c84fa94-04c1-424b-9868-57a2d4851a1d" relativeResultsDirectory="36253085-78f3-4e20-946c-ae0031207b4e" />
    <UnitTestResult executionId="cb461a7f-51a6-456a-93d4-b2ccbfb13a6e" testId="a72524f3-ba13-5632-ba84-5385bb52e92f" testName="BehaviorTests.BothSortsHandleOrderedAndDuplicateKeys(count: 32)" computerName="Johnnys-MacBook-Pro" duration="00:00:00.0001437" startTime="2026-09-20T14:45:45.0647070+02:00" endTime="2026-09-20T14:45:45.0647070+02:00" testType="13cdc9d9-ddb5-4fa4-a97d-d965ccfc6d4b" outcome="Passed" testListId="8c84fa94-04c1-424b-9868-57a2d4851a1d" relativeResultsDirectory="cb461a7f-51a6-456a-93d4-b2ccbfb13a6e" />
    <UnitTestResult executionId="b52080f5-2983-48e7-add3-dbe010a1e271" testId="9ecec512-7534-47bb-a555-253d4b54abc1" testName="BehaviorTests.AsyncOperationsFinishAtAwait(shape: &quot;list&quot;, count: 1)" computerName="Johnnys-MacBook-Pro" duration="00:00:00.0006308" startTime="2026-09-20T14:45:44.9771950+02:00" endTime="2026-09-20T14:45:44.9771950+02:00" testType="13cdc9d9-ddb5-4fa4-a97d-d965ccfc6d4b" outcome="Passed" testListId="8c84fa94-04c1-424b-9868-57a2d4851a1d" relativeResultsDirectory="b52080f5-2983-48e7-add3-dbe010a1e271" />
    <UnitTestResult executionId="550b1428-3280-4dc4-a205-ccc0eb6254bf" testId="d51844c2-6632-dcb3-0045-27bfc4388db0" testName="Test.CollectionIterableTest.ForEachCollection" computerName="Johnnys-MacBook-Pro" duration="00:00:00.0002268" startTime="2026-09-20T14:45:44.9646380+02:00" endTime="2026-09-20T14:45:44.9646380+02:00" testType="13cdc9d9-ddb5-4fa4-a97d-d965ccfc6d4b" outcome="Passed" testListId="8c84fa94-04c1-424b-9868-57a2d4851a1d" relativeResultsDirectory="550b1428-3280-4dc4-a205-ccc0eb6254bf" />
    <UnitTestResult executionId="015ed128-dae9-4810-a555-fa2f5fff47ef" testId="1d2757f3-51fa-2f82-50f8-d81595e85e32" testName="BehaviorTests.ParallelOperationsPreserveMembership(shape: &quot;list&quot;, count: 0)" computerName="Johnnys-MacBook-Pro" duration="00:00:00.0008190" startTime="2026-09-20T14:45:44.9651600+02:00" endTime="2026-09-20T14:45:44.9651600+02:00" testType="13cdc9d9-ddb5-4fa4-a97d-d965ccfc6d4b" outcome="Passed" testListId="8c84fa94-04c1-424b-9868-57a2d4851a1d" relativeResultsDirectory="015ed128-dae9-4810-a555-fa2f5fff47ef" />
    <UnitTestResult executionId="72fbc866-3c71-4c82-b081-431dbc371135" testId="f2223e4b-4f78-7bca-e10e-140d3abe7452" testName="BehaviorTests.ParallelOperationsPreserveMembership(shape: &quot;array&quot;, count: 1000)" computerName="Johnnys-MacBook-Pro" duration="00:00:00.0249277" startTime="2026-09-20T14:45:44.9651190+02:00" endTime="2026-09-20T14:45:44.9651190+02:00" testType="13cdc9d9-ddb5-4fa4-a97d-d965ccfc6d4b" outcome="Passed" testListId="8c84fa94-04c1-424b-9868-57a2d4851a1d" relativeResultsDirectory="72fbc866-3c71-4c82-b081-431dbc371135" />
    <UnitTestResult executionId="db659e4d-8a86-46d5-a624-64b40642bec8" testId="798defdc-d99d-2fac-d532-3568b67354d9" testName="Test.CollectionIterableParallelTest.FilterParallel" computerName="Johnnys-MacBook-Pro" duration="00:00:00.0001312" startTime="2026-09-20T14:45:44.9646140+02:00" endTime="2026-09-20T14:45:44.9646140+02:00" testType="13cdc9d9-ddb5-4fa4-a97d-d965ccfc6d4b" outcome="Passed" testListId="8c84fa94-04c1-424b-9868-57a2d4851a1d" relativeResultsDirectory="db659e4d-8a86-46d5-a624-64b40642bec8" />
    <UnitTestResult executionId="e7dd1e6f-8257-45ee-9ade-ac478fc26ecb" testId="d3f5331d-4164-de88-b6d6-1ab1d5894410" testName="Test.CollectionIterableParallelTest.ForEachParallelWhenCancelled" computerName="Johnnys-MacBook-Pro" duration="00:00:00.0002559" startTime="2026-09-20T14:45:44.9645190+02:00" endTime="2026-09-20T14:45:44.9645200+02:00" testType="13cdc9d9-ddb5-4fa4-a97d-d965ccfc6d4b" outcome="Passed" testListId="8c84fa94-04c1-424b-9868-57a2d4851a1d" relativeResultsDirectory="e7dd1e6f-8257-45ee-9ade-ac478fc26ecb" />
    <UnitTestResult executionId="ddffc5bc-3cae-491d-b657-c3f817506265" testId="8dd63cfe-3b21-6c74-e6d7-bbadf6dda5d2" testName="Test.CollectionIterableTest.ReduceEnumerable" computerName="Johnnys-MacBook-Pro" duration="00:00:00.0006249" startTime="2026-09-20T14:45:44.9424910+02:00" endTime="2026-09-20T14:45:44.9424910+02:00" testType="13cdc9d9-ddb5-4fa4-a97d-d965ccfc6d4b" outcome="Passed" testListId="8c84fa94-04c1-424b-9868-57a2d4851a1d" relativeResultsDirectory="ddffc5bc-3cae-491d-b657-c3f817506265" />
    <UnitTestResult executionId="71a7fe6f-415d-4359-835d-e1194b0fd642" testId="a04f290c-67e9-15e5-dc8c-f766987b0e7e" testName="Test.CollectionIterableParallelTest.ForEachParallelIEnumerable" computerName="Johnnys-MacBook-Pro" duration="00:00:00.0006119" startTime="2026-09-20T14:45:44.9638930+02:00" endTime="2026-09-20T14:45:44.9638930+02:00" testType="13cdc9d9-ddb5-4fa4-a97d-d965ccfc6d4b" outcome="Passed" testListId="8c84fa94-04c1-424b-9868-57a2d4851a1d" relativeResultsDirectory="71a7fe6f-415d-4359-835d-e1194b0fd642" />
    <UnitTestResult executionId="1dc1c5c7-6c63-4234-a7e0-0b0c439fcc9a" testId="bbbdba5c-6873-31f9-0574-80feb27bacbe" testName="Test.CollectionIterableAsyncTest.ForEachAsyncICollection" computerName="Johnnys-MacBook-Pro" duration="00:00:00.0012121" startTime="2026-09-20T14:45:44.9648690+02:00" endTime="2026-09-20T14:45:44.9648690+02:00" testType="13cdc9d9-ddb5-4fa4-a97d-d965ccfc6d4b" outcome="Passed" testListId="8c84fa94-04c1-424b-9868-57a2d4851a1d" relativeResultsDirectory="1dc1c5c7-6c63-4234-a7e0-0b0c439fcc9a" />
    <UnitTestResult executionId="31199d75-0391-4be0-bd93-ef9e14eead65" testId="db495b7c-950a-2411-bf37-50f602864525" testName="Test.CollectionIterableAsyncTest.ConcatAsync" computerName="Johnnys-MacBook-Pro" duration="00:00:00.0009859" startTime="2026-09-20T14:45:44.9636430+02:00" endTime="2026-09-20T14:45:44.9636430+02:00" testType="13cdc9d9-ddb5-4fa4-a97d-d965ccfc6d4b" outcome="Passed" testListId="8c84fa94-04c1-424b-9868-57a2d4851a1d" relativeResultsDirectory="31199d75-0391-4be0-bd93-ef9e14eead65" />
    <UnitTestResult executionId="f273d3fb-ec21-42ce-aa2a-0754247f3ea6" testId="15e1f783-b91c-5b7e-8515-422d0e641df5" testName="BehaviorTests.ParallelHonorsDegreeLimitAndCancellationDuringExecution" computerName="Johnnys-MacBook-Pro" duration="00:00:00.0023853" startTime="2026-09-20T14:45:45.2277330+02:00" endTime="2026-09-20T14:45:45.2277330+02:00" testType="13cdc9d9-ddb5-4fa4-a97d-d965ccfc6d4b" outcome="Passed" testListId="8c84fa94-04c1-424b-9868-57a2d4851a1d" relativeResultsDirectory="f273d3fb-ec21-42ce-aa2a-0754247f3ea6" />
    <UnitTestResult executionId="ecaa0aa6-cf55-4764-8d0d-7800b602c807" testId="3630ee18-cb29-cbff-26a6-c9b4dc1b3588" testName="Test.CollectionIterableAsyncTest.ForEachAsyncIEnumerable" computerName="Johnnys-MacBook-Pro" duration="00:00:00.0011070" startTime="2026-09-20T14:45:44.9645850+02:00" endTime="2026-09-20T14:45:44.9645850+02:00" testType="13cdc9d9-ddb5-4fa4-a97d-d965ccfc6d4b" outcome="Passed" testListId="8c84fa94-04c1-424b-9868-57a2d4851a1d" relativeResultsDirectory="ecaa0aa6-cf55-4764-8d0d-7800b602c807" />
    <UnitTestResult executionId="8178feed-f994-4784-8a17-cd30248c9bab" testId="b5d53198-321c-1220-93a1-158a73e2deff" testName="Test.CollectionIterableParallelTest.SortCollectionParallelAscending" computerName="Johnnys-MacBook-Pro" duration="00:00:00.0000879" startTime="2026-09-20T14:45:44.9647480+02:00" endTime="2026-09-20T14:45:44.9647480+02:00" testType="13cdc9d9-ddb5-4fa4-a97d-d965ccfc6d4b" outcome="Passed" testListId="8c84fa94-04c1-424b-9868-57a2d4851a1d" relativeResultsDirectory="8178feed-f994-4784-8a17-cd30248c9bab" />
    <UnitTestResult executionId="d28a1889-c1d5-41e1-b35e-be3c424de3f1" testId="5c2d404a-00d1-3694-4f2f-46a6b8dc1b57" testName="Test.CollectionIterableTest.FilterCollection" computerName="Johnnys-MacBook-Pro" duration="00:00:00.0001906" startTime="2026-09-20T14:45:44.9628450+02:00" endTime="2026-09-20T14:45:44.9628450+02:00" testType="13cdc9d9-ddb5-4fa4-a97d-d965ccfc6d4b" outcome="Passed" testListId="8c84fa94-04c1-424b-9868-57a2d4851a1d" relativeResultsDirectory="d28a1889-c1d5-41e1-b35e-be3c424de3f1" />
    <UnitTestResult executionId="2d82dd57-68c9-4e9b-b550-4b4f018a275d" testId="af425b93-b025-f073-1a5d-74dba367dec9" testName="Test.CollectionIterableAsyncTest.ConcatAsyncICollection" computerName="Johnnys-MacBook-Pro" duration="00:00:00.0011746" startTime="2026-09-20T14:45:44.9651380+02:00" endTime="2026-09-20T14:45:44.9651380+02:00" testType="13cdc9d9-ddb5-4fa4-a97d-d965ccfc6d4b" outcome="Passed" testListId="8c84fa94-04c1-424b-9868-57a2d4851a1d" relativeResultsDirectory="2d82dd57-68c9-4e9b-b550-4b4f018a275d" />
    <UnitTestResult executionId="55621b40-5512-4212-bb99-fd9f27ab5e1b" testId="d692e060-644b-e7e4-9374-469bccf4cdf2" testName="BehaviorTests.AsyncOperationsFinishAtAwait(shape: &quot;array&quot;, count: 1000)" computerName="Johnnys-MacBook-Pro" duration="00:00:00.0057998" startTime="2026-09-20T14:45:44.9763600+02:00" endTime="2026-09-20T14:45:44.9763600+02:00" testType="13cdc9d9-ddb5-4fa4-a97d-d965ccfc6d4b" outcome="Passed" testListId="8c84fa94-04c1-424b-9868-57a2d4851a1d" relativeResultsDirectory="55621b40-5512-4212-bb99-fd9f27ab5e1b" />
    <UnitTestResult executionId="0cbe8f86-6343-4522-b29c-e20b1e0e2b32" testId="39dc3176-a5d3-3b03-6951-f3aa9d110405" testName="BehaviorTests.AsyncOperationsFinishAtAwait(shape: &quot;list&quot;, count: 1000)" computerName="Johnnys-MacBook-Pro" duration="00:00:00.0023000" startTime="2026-09-20T14:45:44.9891150+02:00" endTime="2026-09-20T14:45:44.9891150+02:00" testType="13cdc9d9-ddb5-4fa4-a97d-d965ccfc6d4b" outcome="Passed" testListId="8c84fa94-04c1-424b-9868-57a2d4851a1d" relativeResultsDirectory="0cbe8f86-6343-4522-b29c-e20b1e0e2b32" />
    <UnitTestResult executionId="8961ccfb-3339-4100-91ad-b0abf460ab07" testId="de748f2a-30ae-21c1-3931-346381649a13" testName="Test.CollectionIterableTest.SortCollectionDescending" computerName="Johnnys-MacBook-Pro" duration="00:00:00.0002770" startTime="2026-09-20T14:45:44.9641560+02:00" endTime="2026-09-20T14:45:44.9641560+02:00" testType="13cdc9d9-ddb5-4fa4-a97d-d965ccfc6d4b" outcome="Passed" testListId="8c84fa94-04c1-424b-9868-57a2d4851a1d" relativeResultsDirectory="8961ccfb-3339-4100-91ad-b0abf460ab07" />
    <UnitTestResult executionId="12795b62-72da-43aa-9734-cda6dd0afeae" testId="dc4d71cc-b192-5917-1e8d-ee4fd98c5930" testName="Test.CollectionIterableTest.ToRecordEnumerable" computerName="Johnnys-MacBook-Pro" duration="00:00:00.0019357" startTime="2026-09-20T14:45:44.9428080+02:00" endTime="2026-09-20T14:45:44.9428090+02:00" testType="13cdc9d9-ddb5-4fa4-a97d-d965ccfc6d4b" outcome="Passed" testListId="8c84fa94-04c1-424b-9868-57a2d4851a1d" relativeResultsDirectory="12795b62-72da-43aa-9734-cda6dd0afeae" />
    <UnitTestResult executionId="3978c2e2-7fe0-47b4-a39b-c0ee70c2cc5b" testId="d5d72f3e-46a3-06ae-e44a-6411aa75b31e" testName="Test.CollectionIterableParallelTest.ToDictionaryParallelIEnumerable" computerName="Johnnys-MacBook-Pro" duration="00:00:00.0060137" startTime="2026-09-20T14:45:44.9636210+02:00" endTime="2026-09-20T14:45:44.9636210+02:00" testType="13cdc9d9-ddb5-4fa4-a97d-d965ccfc6d4b" outcome="Passed" testListId="8c84fa94-04c1-424b-9868-57a2d4851a1d" relativeResultsDirectory="3978c2e2-7fe0-47b4-a39b-c0ee70c2cc5b" />
    <UnitTestResult executionId="4cc200fa-c4e5-4de2-86fa-e582d7af9eb8" testId="a290bedb-520d-fc53-af65-fe28b60117c2" testName="Test.CollectionIterableTest.ReduceCollection" computerName="Johnnys-MacBook-Pro" duration="00:00:00.0001557" startTime="2026-09-20T14:45:44.9635990+02:00" endTime="2026-09-20T14:45:44.9635990+02:00" testType="13cdc9d9-ddb5-4fa4-a97d-d965ccfc6d4b" outcome="Passed" testListId="8c84fa94-04c1-424b-9868-57a2d4851a1d" relativeResultsDirectory="4cc200fa-c4e5-4de2-86fa-e582d7af9eb8" />
    <UnitTestResult executionId="feab362f-2fc5-4c06-a1b5-c6a14cc336de" testId="19a331a2-a6ff-681b-2a88-24b42c1dcbce" testName="BehaviorTests.AsyncOperationsFinishAtAwait(shape: &quot;array&quot;, count: 0)" computerName="Johnnys-MacBook-Pro" duration="00:00:00.0004738" startTime="2026-09-20T14:45:44.9834740+02:00" endTime="2026-09-20T14:45:44.9834740+02:00" testType="13cdc9d9-ddb5-4fa4-a97d-d965ccfc6d4b" outcome="Passed" testListId="8c84fa94-04c1-424b-9868-57a2d4851a1d" relativeResultsDirectory="feab362f-2fc5-4c06-a1b5-c6a14cc336de" />
    <UnitTestResult executionId="f5b10eb5-f1b1-4879-a72e-94771a754b8a" testId="50c590f1-0ab3-c531-0d50-6fffff7eaedd" testName="BehaviorTests.ParallelOperationsPreserveMembership(shape: &quot;iterator&quot;, count: 0)" computerName="Johnnys-MacBook-Pro" duration="00:00:00.0004912" startTime="2026-09-20T14:45:44.9670120+02:00" endTime="2026-09-20T14:45:44.9670120+02:00" testType="13cdc9d9-ddb5-4fa4-a97d-d965ccfc6d4b" outcome="Passed" testListId="8c84fa94-04c1-424b-9868-57a2d4851a1d" relativeResultsDirectory="f5b10eb5-f1b1-4879-a72e-94771a754b8a" />
    <UnitTestResult executionId="9300b04f-f565-4cfa-9479-39ea13c73a90" testId="38207d83-f77c-3e53-2a82-cc7302347856" testName="Test.CollectionIterableParallelTest.FilterParallelWhenCancelled" computerName="Johnnys-MacBook-Pro" duration="00:00:00.0011274" startTime="2026-09-20T14:45:44.9636650+02:00" endTime="2026-09-20T14:45:44.9636650+02:00" testType="13cdc9d9-ddb5-4fa4-a97d-d965ccfc6d4b" outcome="Passed" testListId="8c84fa94-04c1-424b-9868-57a2d4851a1d" relativeResultsDirectory="9300b04f-f565-4cfa-9479-39ea13c73a90" />
    <UnitTestResult executionId="556a3bc8-1aca-4531-8dad-a68e8c37d671" testId="7f4d901d-8204-70b1-b495-65b992ce5130" testName="BehaviorTests.SequentialOperationsMatchReference(shape: &quot;array&quot;, count: 1000)" computerName="Johnnys-MacBook-Pro" duration="00:00:00.0055095" startTime="2026-09-20T14:45:45.0106810+02:00" endTime="2026-09-20T14:45:45.0106810+02:00" testType="13cdc9d9-ddb5-4fa4-a97d-d965ccfc6d4b" outcome="Passed" testListId="8c84fa94-04c1-424b-9868-57a2d4851a1d" relativeResultsDirectory="556a3bc8-1aca-4531-8dad-a68e8c37d671" />
    <UnitTestResult executionId="7a4fc36c-e869-456e-9369-207513e06ede" testId="d534f18b-441b-c78e-d608-4dad93b5acd1" testName="BehaviorTests.SequentialOperationsMatchReference(shape: &quot;list&quot;, count: 32)" computerName="Johnnys-MacBook-Pro" duration="00:00:00.0001982" startTime="2026-09-20T14:45:45.0174820+02:00" endTime="2026-09-20T14:45:45.0174820+02:00" testType="13cdc9d9-ddb5-4fa4-a97d-d965ccfc6d4b" outcome="Passed" testListId="8c84fa94-04c1-424b-9868-57a2d4851a1d" relativeResultsDirectory="7a4fc36c-e869-456e-9369-207513e06ede" />
    <UnitTestResult executionId="7bd53597-1926-422f-87f1-c49c86f84379" testId="7080445b-9b75-180b-964b-e7277299103b" testName="BehaviorTests.ParallelOperationsPreserveMembership(shape: &quot;list&quot;, count: 1)" computerName="Johnnys-MacBook-Pro" duration="00:00:00.0005222" startTime="2026-09-20T14:45:44.9654240+02:00" endTime="2026-09-20T14:45:44.9654240+02:00" testType="13cdc9d9-ddb5-4fa4-a97d-d965ccfc6d4b" outcome="Passed" testListId="8c84fa94-04c1-424b-9868-57a2d4851a1d" relativeResultsDirectory="7bd53597-1926-422f-87f1-c49c86f84379" />
    <UnitTestResult executionId="5d490225-86f4-4c36-9db0-01ef1861dbe4" testId="d68a6387-0e24-737e-5915-673c9a2d5c59" testName="BehaviorTests.SequentialOperationsMatchReference(shape: &quot;iterator&quot;, count: 1000)" computerName="Johnnys-MacBook-Pro" duration="00:00:00.0089809" startTime="2026-09-20T14:45:45.0046330+02:00" endTime="2026-09-20T14:45:45.0046330+02:00" testType="13cdc9d9-ddb5-4fa4-a97d-d965ccfc6d4b" outcome="Passed" testListId="8c84fa94-04c1-424b-9868-57a2d4851a1d" relativeResultsDirectory="5d490225-86f4-4c36-9db0-01ef1861dbe4" />
    <UnitTestResult executionId="64f862fd-a990-4164-8540-578404767d9c" testId="f665950b-ed03-d9d0-a0fe-37c5e75d6d9c" testName="Test.CollectionIterableTest.FilterEnumerable" computerName="Johnnys-MacBook-Pro" duration="00:00:00.0006623" startTime="2026-09-20T14:45:44.9428460+02:00" endTime="2026-09-20T14:45:44.9428460+02:00" testType="13cdc9d9-ddb5-4fa4-a97d-d965ccfc6d4b" outcome="Passed" testListId="8c84fa94-04c1-424b-9868-57a2d4851a1d" relativeResultsDirectory="64f862fd-a990-4164-8540-578404767d9c" />
    <UnitTestResult executionId="17bd23c5-d248-4f31-993d-51414b3131c2" testId="c63294a8-69c1-ffcf-e6cb-2f75a22b4186" testName="Test.CollectionIterableTest.SortCollectionAscending" computerName="Johnnys-MacBook-Pro" duration="00:00:00.0003699" startTime="2026-09-20T14:45:44.9628000+02:00" endTime="2026-09-20T14:45:44.9628000+02:00" testType="13cdc9d9-ddb5-4fa4-a97d-d965ccfc6d4b" outcome="Passed" testListId="8c84fa94-04c1-424b-9868-57a2d4851a1d" relativeResultsDirectory="17bd23c5-d248-4f31-993d-51414b3131c2" />
    <UnitTestResult executionId="eb854bfb-6fa8-4d9e-ab0e-77e086ac96a8" testId="94b36a89-7797-253d-a55f-7e4c1089d187" testName="BehaviorTests.LazyOperationsRemainLazyAndReplayable" computerName="Johnnys-MacBook-Pro" duration="00:00:00.0003043" startTime="2026-09-20T14:45:45.2253370+02:00" endTime="2026-09-20T14:45:45.2253370+02:00" testType="13cdc9d9-ddb5-4fa4-a97d-d965ccfc6d4b" outcome="Passed" testListId="8c84fa94-04c1-424b-9868-57a2d4851a1d" relativeResultsDirectory="eb854bfb-6fa8-4d9e-ab0e-77e086ac96a8" />
    <UnitTestResult executionId="fc2d03e2-3457-42ad-97c8-a12acb4d2454" testId="2ddad672-5f26-ac6f-d96c-5394d290fea0" testName="BehaviorTests.SortsStringKeysInBothDirections" computerName="Johnnys-MacBook-Pro" duration="00:00:00.0018146" startTime="2026-09-20T14:45:45.2219330+02:00" endTime="2026-09-20T14:45:45.2219330+02:00" testType="13cdc9d9-ddb5-4fa4-a97d-d965ccfc6d4b" outcome="Passed" testListId="8c84fa94-04c1-424b-9868-57a2d4851a1d" relativeResultsDirectory="fc2d03e2-3457-42ad-97c8-a12acb4d2454" />
    <UnitTestResult executionId="69b93616-d245-449a-af9c-c819db3eb755" testId="6115f649-ed56-e021-f01b-031ce26ab371" testName="BehaviorTests.AsyncExceptionsAndCancellationAreObservable" computerName="Johnnys-MacBook-Pro" duration="00:00:00.0101451" startTime="2026-09-20T14:45:45.0279130+02:00" endTime="2026-09-20T14:45:45.0279130+02:00" testType="13cdc9d9-ddb5-4fa4-a97d-d965ccfc6d4b" outcome="Passed" testListId="8c84fa94-04c1-424b-9868-57a2d4851a1d" relativeResultsDirectory="69b93616-d245-449a-af9c-c819db3eb755" />
    <UnitTestResult executionId="fa9b1368-4989-440d-92e1-863ef944e558" testId="0c8fd6c5-bd7d-0162-8855-ded0fc443b1d" testName="BehaviorTests.ParallelOperationsPreserveMembership(shape: &quot;array&quot;, count: 1)" computerName="Johnnys-MacBook-Pro" duration="00:00:00.0003305" startTime="2026-09-20T14:45:44.9662950+02:00" endTime="2026-09-20T14:45:44.9662960+02:00" testType="13cdc9d9-ddb5-4fa4-a97d-d965ccfc6d4b" outcome="Passed" testListId="8c84fa94-04c1-424b-9868-57a2d4851a1d" relativeResultsDirectory="fa9b1368-4989-440d-92e1-863ef944e558" />
    <UnitTestResult executionId="05feab95-8520-43c1-82b4-8f1804b2356a" testId="d9f469a1-f624-c004-b17d-818c2269ff06" testName="Test.CollectionIterableTest.Map" computerName="Johnnys-MacBook-Pro" duration="00:00:00.0003790" startTime="2026-09-20T14:45:44.9628210+02:00" endTime="2026-09-20T14:45:44.9628210+02:00" testType="13cdc9d9-ddb5-4fa4-a97d-d965ccfc6d4b" outcome="Passed" testListId="8c84fa94-04c1-424b-9868-57a2d4851a1d" relativeResultsDirectory="05feab95-8520-43c1-82b4-8f1804b2356a" />
    <UnitTestResult executionId="a1e624cb-9c97-440e-9d78-3f50e265a56d" testId="c9b54675-5ad8-1bfb-3f8a-66aa8903952a" testName="Test.CollectionIterableTest.Reduce" computerName="Johnnys-MacBook-Pro" duration="00:00:00.0001127" startTime="2026-09-20T14:45:44.9627330+02:00" endTime="2026-09-20T14:45:44.9627330+02:00" testType="13cdc9d9-ddb5-4fa4-a97d-d965ccfc6d4b" outcome="Passed" testListId="8c84fa94-04c1-424b-9868-57a2d4851a1d" relativeResultsDirectory="a1e624cb-9c97-440e-9d78-3f50e265a56d" />
    <UnitTestResult executionId="8c0192bd-a0bd-41c0-b8da-b94207c4757b" testId="aeb2c5b5-8ac4-cfbf-62ff-9dd05374bdaf" testName="BehaviorTests.SequentialOperationsMatchReference(shape: &quot;list&quot;, count: 1000)" computerName="Johnnys-MacBook-Pro" duration="00:00:00.0058938" startTime="2026-09-20T14:45:45.0172660+02:00" endTime="2026-09-20T14:45:45.0172670+02:00" testType="13cdc9d9-ddb5-4fa4-a97d-d965ccfc6d4b" outcome="Passed" testListId="8c84fa94-04c1-424b-9868-57a2d4851a1d" relativeResultsDirectory="8c0192bd-a0bd-41c0-b8da-b94207c4757b" />
    <UnitTestResult executionId="0b625ceb-a7de-436f-837e-93289e448d09" testId="89412c8d-8cab-7bd0-bdf1-2799d79c2025" testName="Test.CollectionIterableAsyncTest.FilterParallelAsyncICollection" computerName="Johnnys-MacBook-Pro" duration="00:00:00.0011279" startTime="2026-09-20T14:45:44.9652170+02:00" endTime="2026-09-20T14:45:44.9652170+02:00" testType="13cdc9d9-ddb5-4fa4-a97d-d965ccfc6d4b" outcome="Passed" testListId="8c84fa94-04c1-424b-9868-57a2d4851a1d" relativeResultsDirectory="0b625ceb-a7de-436f-837e-93289e448d09" />
    <UnitTestResult executionId="0f9499e9-9c11-4a3f-8a28-aad7112be10c" testId="64914c10-6625-af28-8d8a-9e55bcbb424c" testName="Test.CollectionIterableParallelTest.ToDictionaryParallel" computerName="Johnnys-MacBook-Pro" duration="00:00:00.0005679" startTime="2026-09-20T14:45:44.9641710+02:00" endTime="2026-09-20T14:45:44.9641710+02:00" testType="13cdc9d9-ddb5-4fa4-a97d-d965ccfc6d4b" outcome="Passed" testListId="8c84fa94-04c1-424b-9868-57a2d4851a1d" relativeResultsDirectory="0f9499e9-9c11-4a3f-8a28-aad7112be10c" />
    <UnitTestResult executionId="d5535d8c-4396-4cf2-aaac-4afdf41d8ac5" testId="49d00f7f-bac5-0f84-243b-c18c80e5982c" testName="BehaviorTests.ParallelOperationsPreserveMembership(shape: &quot;list&quot;, count: 1000)" computerName="Johnnys-MacBook-Pro" duration="00:00:00.0014903" startTime="2026-09-20T14:45:44.9691700+02:00" endTime="2026-09-20T14:45:44.9691700+02:00" testType="13cdc9d9-ddb5-4fa4-a97d-d965ccfc6d4b" outcome="Passed" testListId="8c84fa94-04c1-424b-9868-57a2d4851a1d" relativeResultsDirectory="d5535d8c-4396-4cf2-aaac-4afdf41d8ac5" />
    <UnitTestResult executionId="92f7d63a-5277-4d02-9c67-3e5782766876" testId="7cba0af7-ba70-3d52-4f92-890ddbf5429f" testName="Test.CollectionIterableParallelTest.SortCollectionParallelIEnumerableAscending" computerName="Johnnys-MacBook-Pro" duration="00:00:00.0001745" startTime="2026-09-20T14:45:44.9638470+02:00" endTime="2026-09-20T14:45:44.9638480+02:00" testType="13cdc9d9-ddb5-4fa4-a97d-d965ccfc6d4b" outcome="Passed" testListId="8c84fa94-04c1-424b-9868-57a2d4851a1d" relativeResultsDirectory="92f7d63a-5277-4d02-9c67-3e5782766876" />
    <UnitTestResult executionId="51571031-4934-475a-8450-9ae21a74fb79" testId="3ca1a663-9631-63a2-9322-076fd6cd1f92" testName="BehaviorTests.AsyncOperationsFinishAtAwait(shape: &quot;array&quot;, count: 1)" computerName="Johnnys-MacBook-Pro" duration="00:00:00.0004860" startTime="2026-09-20T14:45:44.9850460+02:00" endTime="2026-09-20T14:45:44.9850460+02:00" testType="13cdc9d9-ddb5-4fa4-a97d-d965ccfc6d4b" outcome="Passed" testListId="8c84fa94-04c1-424b-9868-57a2d4851a1d" relativeResultsDirectory="51571031-4934-475a-8450-9ae21a74fb79" />
    <UnitTestResult executionId="a3d3e0ed-5702-43f7-a425-297d935fa7e0" testId="9cacc80c-36ec-ce3f-875c-df7c219aa16d" testName="BehaviorTests.TypedArrayIndexedOperationsPreserveResults(count: 0)" computerName="Johnnys-MacBook-Pro" duration="00:00:00.0001778" startTime="2026-09-20T14:45:45.0292410+02:00" endTime="2026-09-20T14:45:45.0292410+02:00" testType="13cdc9d9-ddb5-4fa4-a97d-d965ccfc6d4b" outcome="Passed" testListId="8c84fa94-04c1-424b-9868-57a2d4851a1d" relativeResultsDirectory="a3d3e0ed-5702-43f7-a425-297d935fa7e0" />
    <UnitTestResult executionId="ba00a597-af60-4bb9-98a1-b37a7b0455c3" testId="67c16d20-fc9e-cd4b-3386-54ce406d5c2e" testName="Test.CollectionIterableTest.ToRecordStringAndNumbers" computerName="Johnnys-MacBook-Pro" duration="00:00:00.0007392" startTime="2026-09-20T14:45:44.9639150+02:00" endTime="2026-09-20T14:45:44.9639150+02:00" testType="13cdc9d9-ddb5-4fa4-a97d-d965ccfc6d4b" outcome="Passed" testListId="8c84fa94-04c1-424b-9868-57a2d4851a1d" relativeResultsDirectory="ba00a597-af60-4bb9-98a1-b37a7b0455c3" />
    <UnitTestResult executionId="c9df175b-4fab-4af2-b1d6-79f2cfa012d4" testId="1506c9fd-d30d-707f-c5c0-ac13545005ee" testName="BehaviorTests.AsyncOperationsFinishAtAwait(shape: &quot;iterator&quot;, count: 32)" computerName="Johnnys-MacBook-Pro" duration="00:00:00.0004354" startTime="2026-09-20T14:45:44.9897820+02:00" endTime="2026-09-20T14:45:44.9897820+02:00" testType="13cdc9d9-ddb5-4fa4-a97d-d965ccfc6d4b" outcome="Passed" testListId="8c84fa94-04c1-424b-9868-57a2d4851a1d" relativeResultsDirectory="c9df175b-4fab-4af2-b1d6-79f2cfa012d4" />
    <UnitTestResult executionId="7616d072-10e2-44b3-8700-a710f93ebab3" testId="ee7dcacf-32c1-0ca8-9888-90517ab2fa55" testName="BehaviorTests.ParallelOperationsPreserveMembership(shape: &quot;iterator&quot;, count: 32)" computerName="Johnnys-MacBook-Pro" duration="00:00:00.0005559" startTime="2026-09-20T14:45:44.9657020+02:00" endTime="2026-09-20T14:45:44.9657020+02:00" testType="13cdc9d9-ddb5-4fa4-a97d-d965ccfc6d4b" outcome="Passed" testListId="8c84fa94-04c1-424b-9868-57a2d4851a1d" relativeResultsDirectory="7616d072-10e2-44b3-8700-a710f93ebab3" />
    <UnitTestResult executionId="0ebe6283-8bf6-42e7-b750-3041de7b2c9a" testId="32eb8e5b-0c4a-0404-56a6-0a4033f1f519" testName="Test.CollectionIterableTest.Filter" computerName="Johnnys-MacBook-Pro" duration="00:00:00.0032548" startTime="2026-09-20T14:45:44.9635450+02:00" endTime="2026-09-20T14:45:44.9635450+02:00" testType="13cdc9d9-ddb5-4fa4-a97d-d965ccfc6d4b" outcome="Passed" testListId="8c84fa94-04c1-424b-9868-57a2d4851a1d" relativeResultsDirectory="0ebe6283-8bf6-42e7-b750-3041de7b2c9a" />
    <UnitTestResult executionId="9664de7a-218b-4afb-adf7-6c09e0c8c185" testId="a2d36c93-a4ea-6b87-e58d-e86df7ed8e62" testName="BehaviorTests.MapInferenceWorksForArrayAndCollection" computerName="Johnnys-MacBook-Pro" duration="00:00:00.0003739" startTime="2026-09-20T14:45:45.2309230+02:00" endTime="2026-09-20T14:45:45.2309230+02:00" testType="13cdc9d9-ddb5-4fa4-a97d-d965ccfc6d4b" outcome="Passed" testListId="8c84fa94-04c1-424b-9868-57a2d4851a1d" relativeResultsDirectory="9664de7a-218b-4afb-adf7-6c09e0c8c185" />
    <UnitTestResult executionId="839d6cd2-24d7-4876-b6be-ad631b55f375" testId="d16a8acc-254b-7dca-738b-07958409e7d9" testName="BehaviorTests.ParallelOperationsPreserveMembership(shape: &quot;array&quot;, count: 32)" computerName="Johnnys-MacBook-Pro" duration="00:00:00.0011877" startTime="2026-09-20T14:45:44.9651770+02:00" endTime="2026-09-20T14:45:44.9651770+02:00" testType="13cdc9d9-ddb5-4fa4-a97d-d965ccfc6d4b" outcome="Passed" testListId="8c84fa94-04c1-424b-9868-57a2d4851a1d" relativeResultsDirectory="839d6cd2-24d7-4876-b6be-ad631b55f375" />
    <UnitTestResult executionId="ca6b724e-1b8a-49a9-a423-fdf253434be5" testId="336be225-a841-f5f6-8543-7ae0582e5902" testName="Test.CollectionIterableTest.SliceEnumerable" computerName="Johnnys-MacBook-Pro" duration="00:00:00.0001050" startTime="2026-09-20T14:45:44.9641330+02:00" endTime="2026-09-20T14:45:44.9641330+02:00" testType="13cdc9d9-ddb5-4fa4-a97d-d965ccfc6d4b" outcome="Passed" testListId="8c84fa94-04c1-424b-9868-57a2d4851a1d" relativeResultsDirectory="ca6b724e-1b8a-49a9-a423-fdf253434be5" />
    <UnitTestResult executionId="e407f111-e89f-42b8-b434-9b90c3a083c9" testId="5ebdc504-bf7a-44bc-2e0a-2147bf31ef98" testName="BehaviorTests.BothSortsHandleOrderedAndDuplicateKeys(count: 5000)" computerName="Johnnys-MacBook-Pro" duration="00:00:00.0223764" startTime="2026-09-20T14:45:45.0571340+02:00" endTime="2026-09-20T14:45:45.0571340+02:00" testType="13cdc9d9-ddb5-4fa4-a97d-d965ccfc6d4b" outcome="Passed" testListId="8c84fa94-04c1-424b-9868-57a2d4851a1d" relativeResultsDirectory="e407f111-e89f-42b8-b434-9b90c3a083c9" />
    <UnitTestResult executionId="41925f9e-ef30-4408-93fb-a9691010f10d" testId="4f07cd08-5927-0201-4828-950b8da1fcbe" testName="BehaviorTests.TypedArrayIndexedOperationsPreserveResults(count: 1)" computerName="Johnnys-MacBook-Pro" duration="00:00:00.0000132" startTime="2026-09-20T14:45:45.0293070+02:00" endTime="2026-09-20T14:45:45.0293070+02:00" testType="13cdc9d9-ddb5-4fa4-a97d-d965ccfc6d4b" outcome="Passed" testListId="8c84fa94-04c1-424b-9868-57a2d4851a1d" relativeResultsDirectory="41925f9e-ef30-4408-93fb-a9691010f10d" />
    <UnitTestResult executionId="7a7a9592-da29-404d-b0f5-87933b99a5f8" testId="1c6819ef-2b9d-31de-eae6-91ba5aced3e2" testName="BehaviorTests.SequentialOperationsMatchReference(shape: &quot;iterator&quot;, count: 32)" computerName="Johnnys-MacBook-Pro" duration="00:00:00.0003330" startTime="2026-09-20T14:45:45.0110540+02:00" endTime="2026-09-20T14:45:45.0110540+02:00" testType="13cdc9d9-ddb5-4fa4-a97d-d965ccfc6d4b" outcome="Passed" testListId="8c84fa94-04c1-424b-9868-57a2d4851a1d" relativeResultsDirectory="7a7a9592-da29-404d-b0f5-87933b99a5f8" />
    <UnitTestResult executionId="6dd2d304-3927-4425-8b5b-464e31ec8f3e" testId="51b948b1-4c6d-5ece-3f77-1ea81ea322b6" testName="BehaviorTests.SequentialOperationsMatchReference(shape: &quot;array&quot;, count: 32)" computerName="Johnnys-MacBook-Pro" duration="00:00:00.0001841" startTime="2026-09-20T14:45:45.0112560+02:00" endTime="2026-09-20T14:45:45.0112560+02:00" testType="13cdc9d9-ddb5-4fa4-a97d-d965ccfc6d4b" outcome="Passed" testListId="8c84fa94-04c1-424b-9868-57a2d4851a1d" relativeResultsDirectory="6dd2d304-3927-4425-8b5b-464e31ec8f3e" />
    <UnitTestResult executionId="810455c4-d5ab-437c-9f31-3c7f5fb61bf3" testId="c519ca39-85ea-71ce-c155-6e2416756398" testName="Test.CollectionIterableTest.SliceCollection" computerName="Johnnys-MacBook-Pro" duration="00:00:00.0013198" startTime="2026-09-20T14:45:44.9636870+02:00" endTime="2026-09-20T14:45:44.9636870+02:00" testType="13cdc9d9-ddb5-4fa4-a97d-d965ccfc6d4b" outcome="Passed" testListId="8c84fa94-04c1-424b-9868-57a2d4851a1d" relativeResultsDirectory="810455c4-d5ab-437c-9f31-3c7f5fb61bf3" />
    <UnitTestResult executionId="d4e620e0-7213-46f5-bf2f-9705510b5349" testId="54e640ee-3b05-6eed-7eba-c70724cfd828" testName="BehaviorTests.ParallelOperationsPreserveMembership(shape: &quot;array&quot;, count: 0)" computerName="Johnnys-MacBook-Pro" duration="00:00:00.0002153" startTime="2026-09-20T14:45:44.9695110+02:00" endTime="2026-09-20T14:45:44.9695110+02:00" testType="13cdc9d9-ddb5-4fa4-a97d-d965ccfc6d4b" outcome="Passed" testListId="8c84fa94-04c1-424b-9868-57a2d4851a1d" relativeResultsDirectory="d4e620e0-7213-46f5-bf2f-9705510b5349" />
    <UnitTestResult executionId="1d7d7dc5-4874-496d-abed-303608e639a4" testId="461a0e94-1ce6-9f59-96b7-33ada46728ac" testName="BehaviorTests.ParallelOperationsPreserveMembership(shape: &quot;iterator&quot;, count: 1000)" computerName="Johnnys-MacBook-Pro" duration="00:00:00.0057850" startTime="2026-09-20T14:45:44.9652580+02:00" endTime="2026-09-20T14:45:44.9652580+02:00" testType="13cdc9d9-ddb5-4fa4-a97d-d965ccfc6d4b" outcome="Passed" testListId="8c84fa94-04c1-424b-9868-57a2d4851a1d" relativeResultsDirectory="1d7d7dc5-4874-496d-abed-303608e639a4" />
    <UnitTestResult executionId="9b02581b-7d76-427a-bf33-1db2f19ae4b2" testId="1e1aa50f-2a24-7526-8c3d-087ea9f74355" testName="Test.CollectionIterableParallelTest.ForEachParallel" computerName="Johnnys-MacBook-Pro" duration="00:00:00.0001859" startTime="2026-09-20T14:45:44.9641980+02:00" endTime="2026-09-20T14:45:44.9641980+02:00" testType="13cdc9d9-ddb5-4fa4-a97d-d965ccfc6d4b" outcome="Passed" testListId="8c84fa94-04c1-424b-9868-57a2d4851a1d" relativeResultsDirectory="9b02581b-7d76-427a-bf33-1db2f19ae4b2" />
    <UnitTestResult executionId="6cf5cd4e-994a-4179-88e7-c503bac393bb" testId="9e34faa7-9f8d-05a0-791c-30381ab3fb0c" testName="BehaviorTests.SequentialOperationsMatchReference(shape: &quot;list&quot;, count: 1)" computerName="Johnnys-MacBook-Pro" duration="00:00:00.0000368" startTime="2026-09-20T14:45:45.0175320+02:00" endTime="2026-09-20T14:45:45.0175320+02:00" testType="13cdc9d9-ddb5-4fa4-a97d-d965ccfc6d4b" outcome="Passed" testListId="8c84fa94-04c1-424b-9868-57a2d4851a1d" relativeResultsDirectory="6cf5cd4e-994a-4179-88e7-c503bac393bb" />
    <UnitTestResult executionId="fecde2f7-a35b-4fa1-b3d3-a0a2fcf2afe1" testId="c5d01b0a-5938-a6c4-e1b2-0d784c29ff45" testName="Test.CollectionIterableTest.ConcatCollection" computerName="Johnnys-MacBook-Pro" duration="00:00:00.0001415" startTime="2026-09-20T14:45:44.9638710+02:00" endTime="2026-09-20T14:45:44.9638710+02:00" testType="13cdc9d9-ddb5-4fa4-a97d-d965ccfc6d4b" outcome="Passed" testListId="8c84fa94-04c1-424b-9868-57a2d4851a1d" relativeResultsDirectory="fecde2f7-a35b-4fa1-b3d3-a0a2fcf2afe1" />
    <UnitTestResult executionId="59af5971-9d1f-404b-bd80-620b5c3e9988" testId="82e5473b-443e-d95f-2af3-610c893cb1f5" testName="Test.CollectionIterableAsyncTest.FilterAsyncICollection" computerName="Johnnys-MacBook-Pro" duration="00:00:00.0009786" startTime="2026-09-20T14:45:44.9652430+02:00" endTime="2026-09-20T14:45:44.9652430+02:00" testType="13cdc9d9-ddb5-4fa4-a97d-d965ccfc6d4b" outcome="Passed" testListId="8c84fa94-04c1-424b-9868-57a2d4851a1d" relativeResultsDirectory="59af5971-9d1f-404b-bd80-620b5c3e9988" />
    <UnitTestResult executionId="7354072c-c331-48ef-8b72-a2fd6bc2185c" testId="b4a5b523-9e5c-f353-acf8-632ef71e5447" testName="Test.CollectionIterableParallelTest.SortCollectionParallelIEnumerableDescending" computerName="Johnnys-MacBook-Pro" duration="00:00:00.0001189" startTime="2026-09-20T14:45:44.9646600+02:00" endTime="2026-09-20T14:45:44.9646600+02:00" testType="13cdc9d9-ddb5-4fa4-a97d-d965ccfc6d4b" outcome="Passed" testListId="8c84fa94-04c1-424b-9868-57a2d4851a1d" relativeResultsDirectory="7354072c-c331-48ef-8b72-a2fd6bc2185c" />
    <UnitTestResult executionId="1cca84d9-0299-4401-ba8a-06c7a2e59227" testId="14160670-1272-8381-ad25-bd6df2258713" testName="BehaviorTests.AsyncOperationsFinishAtAwait(shape: &quot;list&quot;, count: 32)" computerName="Johnnys-MacBook-Pro" duration="00:00:00.0003664" startTime="2026-09-20T14:45:44.9843150+02:00" endTime="2026-09-20T14:45:44.9843150+02:00" testType="13cdc9d9-ddb5-4fa4-a97d-d965ccfc6d4b" outcome="Passed" testListId="8c84fa94-04c1-424b-9868-57a2d4851a1d" relativeResultsDirectory="1cca84d9-0299-4401-ba8a-06c7a2e59227" />
    <UnitTestResult executionId="44126a11-2c29-4572-b1a0-0de5d61775c4" testId="e5c5c89a-75a1-5fbe-ae00-31daa1d0643b" testName="BehaviorTests.BothSortsHandleOrderedAndDuplicateKeys(count: 0)" computerName="Johnnys-MacBook-Pro" duration="00:00:00.0031070" startTime="2026-09-20T14:45:45.0335750+02:00" endTime="2026-09-20T14:45:45.0335750+02:00" testType="13cdc9d9-ddb5-4fa4-a97d-d965ccfc6d4b" outcome="Passed" testListId="8c84fa94-04c1-424b-9868-57a2d4851a1d" relativeResultsDirectory="44126a11-2c29-4572-b1a0-0de5d61775c4" />
    <UnitTestResult executionId="fab7595b-4679-4058-a0e8-ecfc05e45db1" testId="7f9701f3-573c-8caf-491c-8ba8aef7cd59" testName="BehaviorTests.AsyncOperationsFinishAtAwait(shape: &quot;list&quot;, count: 0)" computerName="Johnnys-MacBook-Pro" duration="00:00:00.0004770" startTime="2026-09-20T14:45:44.9905520+02:00" endTime="2026-09-20T14:45:44.9905520+02:00" testType="13cdc9d9-ddb5-4fa4-a97d-d965ccfc6d4b" outcome="Passed" testListId="8c84fa94-04c1-424b-9868-57a2d4851a1d" relativeResultsDirectory="fab7595b-4679-4058-a0e8-ecfc05e45db1" />
    <UnitTestResult executionId="46f7968c-57cb-4d25-add1-4873cc0eb610" testId="eb399cc0-5e44-ad7b-a61f-99f02cfee20d" testName="BehaviorTests.ParallelHonorsEitherCancellationSource(secondary: False)" computerName="Johnnys-MacBook-Pro" duration="00:00:00.0020250" startTime="2026-09-20T14:45:45.2197240+02:00" endTime="2026-09-20T14:45:45.2197240+02:00" testType="13cdc9d9-ddb5-4fa4-a97d-d965ccfc6d4b" outcome="Passed" testListId="8c84fa94-04c1-424b-9868-57a2d4851a1d" relativeResultsDirectory="46f7968c-57cb-4d25-add1-4873cc0eb610" />
    <UnitTestResult executionId="d3d10bb3-575c-4ec2-b9f8-d7556fa82268" testId="4a383bd6-5d76-dabb-5df3-4dbe3023a656" testName="BehaviorTests.SequentialOperationsMatchReference(shape: &quot;iterator&quot;, count: 0)" computerName="Johnnys-MacBook-Pro" duration="00:00:00.0000353" startTime="2026-09-20T14:45:45.0175780+02:00" endTime="2026-09-20T14:45:45.0175780+02:00" testType="13cdc9d9-ddb5-4fa4-a97d-d965ccfc6d4b" outcome="Passed" testListId="8c84fa94-04c1-424b-9868-57a2d4851a1d" relativeResultsDirectory="d3d10bb3-575c-4ec2-b9f8-d7556fa82268" />
    <UnitTestResult executionId="7ba968c3-9b72-4334-9275-005ca772a84e" testId="c09a8426-77ff-447f-f31e-d895be906053" testName="BehaviorTests.ParallelDictionaryKeepsDuplicateKeyContractForLargerInputs" computerName="Johnnys-MacBook-Pro" duration="00:00:00.0006035" startTime="2026-09-20T14:45:45.2225050+02:00" endTime="2026-09-20T14:45:45.2225050+02:00" testType="13cdc9d9-ddb5-4fa4-a97d-d965ccfc6d4b" outcome="Passed" testListId="8c84fa94-04c1-424b-9868-57a2d4851a1d" relativeResultsDirectory="7ba968c3-9b72-4334-9275-005ca772a84e" />
    <UnitTestResult executionId="787577ef-25f9-4fae-8d09-fdb3b833d26d" testId="4696a9b9-a8c5-332d-d43f-d22f8b236523" testName="Test.CollectionIterableTest.Slice" computerName="Johnnys-MacBook-Pro" duration="00:00:00.0000842" startTime="2026-09-20T14:45:44.9642810+02:00" endTime="2026-09-20T14:45:44.9642810+02:00" testType="13cdc9d9-ddb5-4fa4-a97d-d965ccfc6d4b" outcome="Passed" testListId="8c84fa94-04c1-424b-9868-57a2d4851a1d" relativeResultsDirectory="787577ef-25f9-4fae-8d09-fdb3b833d26d" />
    <UnitTestResult executionId="7b051f82-4dea-412c-b873-47c3dee90a6a" testId="433a116f-43fe-85ef-c96e-938cb4bdf2b7" testName="Test.CollectionIterableParallelTest.ForEachParallelICollection" computerName="Johnnys-MacBook-Pro" duration="00:00:00.0001421" startTime="2026-09-20T14:45:44.9648090+02:00" endTime="2026-09-20T14:45:44.9648090+02:00" testType="13cdc9d9-ddb5-4fa4-a97d-d965ccfc6d4b" outcome="Passed" testListId="8c84fa94-04c1-424b-9868-57a2d4851a1d" relativeResultsDirectory="7b051f82-4dea-412c-b873-47c3dee90a6a" />
    <UnitTestResult executionId="44bf9dc9-6ece-420b-a262-16050c55ddf4" testId="10c05642-0d2e-92a3-d6a4-725f1fc285c4" testName="Test.CollectionIterableTest.ForEachEnumerable" computerName="Johnnys-MacBook-Pro" duration="00:00:00.0007666" startTime="2026-09-20T14:45:44.9626030+02:00" endTime="2026-09-20T14:45:44.9626030+02:00" testType="13cdc9d9-ddb5-4fa4-a97d-d965ccfc6d4b" outcome="Passed" testListId="8c84fa94-04c1-424b-9868-57a2d4851a1d" relativeResultsDirectory="44bf9dc9-6ece-420b-a262-16050c55ddf4" />
    <UnitTestResult executionId="8d3203a2-6eae-4165-8c61-b3947e05aa24" testId="eac78a5b-8fe7-8752-a1bc-c6c6dcebd47f" testName="Test.CollectionIterableAsyncTest.FilterAsync" computerName="Johnnys-MacBook-Pro" duration="00:00:00.0015187" startTime="2026-09-20T14:45:44.9651960+02:00" endTime="2026-09-20T14:45:44.9651960+02:00" testType="13cdc9d9-ddb5-4fa4-a97d-d965ccfc6d4b" outcome="Passed" testListId="8c84fa94-04c1-424b-9868-57a2d4851a1d" relativeResultsDirectory="8d3203a2-6eae-4165-8c61-b3947e05aa24" />
    <UnitTestResult executionId="73509017-3916-4117-aa23-34c15282729b" testId="4d05be38-9243-1d31-7400-741e5655cfb7" testName="Test.CollectionIterableAsyncTest.ConcatAsyncIEnumerable" computerName="Johnnys-MacBook-Pro" duration="00:00:00.0047366" startTime="2026-09-20T14:45:44.9427940+02:00" endTime="2026-09-20T14:45:44.9427940+02:00" testType="13cdc9d9-ddb5-4fa4-a97d-d965ccfc6d4b" outcome="Passed" testListId="8c84fa94-04c1-424b-9868-57a2d4851a1d" relativeResultsDirectory="73509017-3916-4117-aa23-34c15282729b" />
    <UnitTestResult executionId="f7030ce9-dd3d-4b3f-97d4-b693f68be571" testId="7b0905b7-2a5e-f3f6-74a7-8589f3fdc596" testName="Test.CollectionIterableAsyncTest.FilterAsyncIEnumerable" computerName="Johnnys-MacBook-Pro" duration="00:00:00.0015419" startTime="2026-09-20T14:45:44.9627550+02:00" endTime="2026-09-20T14:45:44.9627550+02:00" testType="13cdc9d9-ddb5-4fa4-a97d-d965ccfc6d4b" outcome="Passed" testListId="8c84fa94-04c1-424b-9868-57a2d4851a1d" relativeResultsDirectory="f7030ce9-dd3d-4b3f-97d4-b693f68be571" />
    <UnitTestResult executionId="af954de3-9dde-4170-a0e6-0602723c80cf" testId="1f6f5437-a1e0-6863-1215-e35aa544dd7a" testName="BehaviorTests.AsyncOperationsFinishAtAwait(shape: &quot;iterator&quot;, count: 1)" computerName="Johnnys-MacBook-Pro" duration="00:00:00.0004331" startTime="2026-09-20T14:45:44.9856840+02:00" endTime="2026-09-20T14:45:44.9856840+02:00" testType="13cdc9d9-ddb5-4fa4-a97d-d965ccfc6d4b" outcome="Passed" testListId="8c84fa94-04c1-424b-9868-57a2d4851a1d" relativeResultsDirectory="af954de3-9dde-4170-a0e6-0602723c80cf" />
    <UnitTestResult executionId="40a1d3b0-c4c9-452d-9fd2-0eb24cbabab7" testId="847b3b43-69b8-5908-2424-5296a2dd569a" testName="Test.CollectionIterableParallelTest.FilterParallelIEnumerable" computerName="Johnnys-MacBook-Pro" duration="00:00:00.0001805" startTime="2026-09-20T14:45:44.9639360+02:00" endTime="2026-09-20T14:45:44.9639360+02:00" testType="13cdc9d9-ddb5-4fa4-a97d-d965ccfc6d4b" outcome="Passed" testListId="8c84fa94-04c1-424b-9868-57a2d4851a1d" relativeResultsDirectory="40a1d3b0-c4c9-452d-9fd2-0eb24cbabab7" />
    <UnitTestResult executionId="8c867fc2-51f1-4f76-8867-97201b179d43" testId="473e5f08-c12e-f60c-3c01-eb8300fa0d12" testName="BehaviorTests.AsyncOperationsFinishAtAwait(shape: &quot;array&quot;, count: 32)" computerName="Johnnys-MacBook-Pro" duration="00:00:00.0004125" startTime="2026-09-20T14:45:44.9911580+02:00" endTime="2026-09-20T14:45:44.9911580+02:00" testType="13cdc9d9-ddb5-4fa4-a97d-d965ccfc6d4b" outcome="Passed" testListId="8c84fa94-04c1-424b-9868-57a2d4851a1d" relativeResultsDirectory="8c867fc2-51f1-4f76-8867-97201b179d43" />
    <UnitTestResult executionId="fc447ce2-4441-4096-9dc5-489ee90b5061" testId="769280fc-113e-a96d-920a-8e574fcaeb2c" testName="BehaviorTests.ParallelDoesNotMutateOptionsAndPropagatesCallbackErrors" computerName="Johnnys-MacBook-Pro" duration="00:00:00.0025944" startTime="2026-09-20T14:45:45.2304860+02:00" endTime="2026-09-20T14:45:45.2304860+02:00" testType="13cdc9d9-ddb5-4fa4-a97d-d965ccfc6d4b" outcome="Passed" testListId="8c84fa94-04c1-424b-9868-57a2d4851a1d" relativeResultsDirectory="fc447ce2-4441-4096-9dc5-489ee90b5061" />
    <UnitTestResult executionId="b1330e85-2749-4af4-83b0-4114ab23e725" testId="65ddab89-99c7-da66-cb07-cc88b5c12143" testName="Test.CollectionIterableTest.MapEnumerable" computerName="Johnnys-MacBook-Pro" duration="00:00:00.0002049" startTime="2026-09-20T14:45:44.9647720+02:00" endTime="2026-09-20T14:45:44.9647720+02:00" testType="13cdc9d9-ddb5-4fa4-a97d-d965ccfc6d4b" outcome="Passed" testListId="8c84fa94-04c1-424b-9868-57a2d4851a1d" relativeResultsDirectory="b1330e85-2749-4af4-83b0-4114ab23e725" />
    <UnitTestResult executionId="bcc23642-d176-4eef-8a7e-d3291bc54df0" testId="388942b0-9251-77f9-66bb-31d94382b46a" testName="Test.CollectionIterableTest.MapCollection" computerName="Johnnys-MacBook-Pro" duration="00:00:00.0008193" startTime="2026-09-20T14:45:44.9627080+02:00" endTime="2026-09-20T14:45:44.9627080+02:00" testType="13cdc9d9-ddb5-4fa4-a97d-d965ccfc6d4b" outcome="Passed" testListId="8c84fa94-04c1-424b-9868-57a2d4851a1d" relativeResultsDirectory="bcc23642-d176-4eef-8a7e-d3291bc54df0" />
    <UnitTestResult executionId="b9a62225-4562-4cb4-9410-784b6a606d4f" testId="ff9a75db-c85b-029f-4dea-8535625544a0" testName="BehaviorTests.AsyncOperationsFinishAtAwait(shape: &quot;iterator&quot;, count: 1000)" computerName="Johnnys-MacBook-Pro" duration="00:00:00.0052957" startTime="2026-09-20T14:45:44.9828220+02:00" endTime="2026-09-20T14:45:44.9828220+02:00" testType="13cdc9d9-ddb5-4fa4-a97d-d965ccfc6d4b" outcome="Passed" testListId="8c84fa94-04c1-424b-9868-57a2d4851a1d" relativeResultsDirectory="b9a62225-4562-4cb4-9410-784b6a606d4f" />
    <UnitTestResult executionId="87ea4c25-438c-46f1-b0f6-e1eaebe9dce0" testId="827acfff-ce41-7cf3-031b-7e9ab60cc54a" testName="BehaviorTests.SequentialOperationsMatchReference(shape: &quot;list&quot;, count: 0)" computerName="Johnnys-MacBook-Pro" duration="00:00:00.0001952" startTime="2026-09-20T14:45:45.0050930+02:00" endTime="2026-09-20T14:45:45.0050930+02:00" testType="13cdc9d9-ddb5-4fa4-a97d-d965ccfc6d4b" outcome="Passed" testListId="8c84fa94-04c1-424b-9868-57a2d4851a1d" relativeResultsDirectory="87ea4c25-438c-46f1-b0f6-e1eaebe9dce0" />
    <UnitTestResult executionId="4602df2b-14a9-43d6-a9e3-f5e88e764373" testId="1acba469-1360-4b37-a81e-7139580d586d" testName="Test.CollectionIterableParallelTest.SortCollectionParallelDescending" computerName="Johnnys-MacBook-Pro" duration="00:00:00.0116976" startTime="2026-09-20T14:45:44.9428740+02:00" endTime="2026-09-20T14:45:44.9428740+02:00" testType="13cdc9d9-ddb5-4fa4-a97d-d965ccfc6d4b" outcome="Passed" testListId="8c84fa94-04c1-424b-9868-57a2d4851a1d" relativeResultsDirectory="4602df2b-14a9-43d6-a9e3-f5e88e764373" />
  </Results>
  <TestDefinitions>
    <UnitTest name="Test.CollectionIterableTest.Filter" storage="/users/johnny/documents/github/personal/collection-iterable-methods/performance/tests/bin/release/net8.0/tests.dll" id="32eb8e5b-0c4a-0404-56a6-0a4033f1f519">
      <Execution id="0ebe6283-8bf6-42e7-b750-3041de7b2c9a" />
      <TestMethod codeBase="/Users/johnny/Documents/github/personal/collection-iterable-methods/Performance/Tests/bin/Release/net8.0/Tests.dll" adapterTypeName="executor://xunit/VsTestRunner2/netcoreapp" className="Test.CollectionIterableTest" name="Filter" />
    </UnitTest>
    <UnitTest name="BehaviorTests.AsyncOperationsFinishAtAwait(shape: &quot;list&quot;, count: 1)" storage="/users/johnny/documents/github/personal/collection-iterable-methods/performance/tests/bin/release/net8.0/tests.dll" id="9ecec512-7534-47bb-a555-253d4b54abc1">
      <Execution id="b52080f5-2983-48e7-add3-dbe010a1e271" />
      <TestMethod codeBase="/Users/johnny/Documents/github/personal/collection-iterable-methods/Performance/Tests/bin/Release/net8.0/Tests.dll" adapterTypeName="executor://xunit/VsTestRunner2/netcoreapp" className="BehaviorTests" name="AsyncOperationsFinishAtAwait" />
    </UnitTest>
    <UnitTest name="Test.CollectionIterableTest.Reduce" storage="/users/johnny/documents/github/personal/collection-iterable-methods/performance/tests/bin/release/net8.0/tests.dll" id="c9b54675-5ad8-1bfb-3f8a-66aa8903952a">
      <Execution id="a1e624cb-9c97-440e-9d78-3f50e265a56d" />
      <TestMethod codeBase="/Users/johnny/Documents/github/personal/collection-iterable-methods/Performance/Tests/bin/Release/net8.0/Tests.dll" adapterTypeName="executor://xunit/VsTestRunner2/netcoreapp" className="Test.CollectionIterableTest" name="Reduce" />
    </UnitTest>
    <UnitTest name="BehaviorTests.AsyncOperationsFinishAtAwait(shape: &quot;array&quot;, count: 32)" storage="/users/johnny/documents/github/personal/collection-iterable-methods/performance/tests/bin/release/net8.0/tests.dll" id="473e5f08-c12e-f60c-3c01-eb8300fa0d12">
      <Execution id="8c867fc2-51f1-4f76-8867-97201b179d43" />
      <TestMethod codeBase="/Users/johnny/Documents/github/personal/collection-iterable-methods/Performance/Tests/bin/Release/net8.0/Tests.dll" adapterTypeName="executor://xunit/VsTestRunner2/netcoreapp" className="BehaviorTests" name="AsyncOperationsFinishAtAwait" />
    </UnitTest>
    <UnitTest name="Test.CollectionIterableParallelTest.ForEachParallelIEnumerable" storage="/users/johnny/documents/github/personal/collection-iterable-methods/performance/tests/bin/release/net8.0/tests.dll" id="a04f290c-67e9-15e5-dc8c-f766987b0e7e">
      <Execution id="71a7fe6f-415d-4359-835d-e1194b0fd642" />
      <TestMethod codeBase="/Users/johnny/Documents/github/personal/collection-iterable-methods/Performance/Tests/bin/Release/net8.0/Tests.dll" adapterTypeName="executor://xunit/VsTestRunner2/netcoreapp" className="Test.CollectionIterableParallelTest" name="ForEachParallelIEnumerable" />
    </UnitTest>
    <UnitTest name="BehaviorTests.BothSortsHandleOrderedAndDuplicateKeys(count: 2048)" storage="/users/johnny/documents/github/personal/collection-iterable-methods/performance/tests/bin/release/net8.0/tests.dll" id="1d1a02f3-8f2c-c8ce-bd0f-7602789deeb8">
      <Execution id="514011c5-3f65-4898-a573-ee9becde8682" />
      <TestMethod codeBase="/Users/johnny/Documents/github/personal/collection-iterable-methods/Performance/Tests/bin/Release/net8.0/Tests.dll" adapterTypeName="executor://xunit/VsTestRunner2/netcoreapp" className="BehaviorTests" name="BothSortsHandleOrderedAndDuplicateKeys" />
    </UnitTest>
    <UnitTest name="Test.CollectionIterableTest.Map" storage="/users/johnny/documents/github/personal/collection-iterable-methods/performance/tests/bin/release/net8.0/tests.dll" id="d9f469a1-f624-c004-b17d-818c2269ff06">
      <Execution id="05feab95-8520-43c1-82b4-8f1804b2356a" />
      <TestMethod codeBase="/Users/johnny/Documents/github/personal/collection-iterable-methods/Performance/Tests/bin/Release/net8.0/Tests.dll" adapterTypeName="executor://xunit/VsTestRunner2/netcoreapp" className="Test.CollectionIterableTest" name="Map" />
    </UnitTest>
    <UnitTest name="BehaviorTests.ParallelOperationsPreserveMembership(shape: &quot;list&quot;, count: 1000)" storage="/users/johnny/documents/github/personal/collection-iterable-methods/performance/tests/bin/release/net8.0/tests.dll" id="49d00f7f-bac5-0f84-243b-c18c80e5982c">
      <Execution id="d5535d8c-4396-4cf2-aaac-4afdf41d8ac5" />
      <TestMethod codeBase="/Users/johnny/Documents/github/personal/collection-iterable-methods/Performance/Tests/bin/Release/net8.0/Tests.dll" adapterTypeName="executor://xunit/VsTestRunner2/netcoreapp" className="BehaviorTests" name="ParallelOperationsPreserveMembership" />
    </UnitTest>
    <UnitTest name="BehaviorTests.AsyncOperationsFinishAtAwait(shape: &quot;array&quot;, count: 0)" storage="/users/johnny/documents/github/personal/collection-iterable-methods/performance/tests/bin/release/net8.0/tests.dll" id="19a331a2-a6ff-681b-2a88-24b42c1dcbce">
      <Execution id="feab362f-2fc5-4c06-a1b5-c6a14cc336de" />
      <TestMethod codeBase="/Users/johnny/Documents/github/personal/collection-iterable-methods/Performance/Tests/bin/Release/net8.0/Tests.dll" adapterTypeName="executor://xunit/VsTestRunner2/netcoreapp" className="BehaviorTests" name="AsyncOperationsFinishAtAwait" />
    </UnitTest>
    <UnitTest name="BehaviorTests.AsyncOperationsFinishAtAwait(shape: &quot;iterator&quot;, count: 1000)" storage="/users/johnny/documents/github/personal/collection-iterable-methods/performance/tests/bin/release/net8.0/tests.dll" id="ff9a75db-c85b-029f-4dea-8535625544a0">
      <Execution id="b9a62225-4562-4cb4-9410-784b6a606d4f" />
      <TestMethod codeBase="/Users/johnny/Documents/github/personal/collection-iterable-methods/Performance/Tests/bin/Release/net8.0/Tests.dll" adapterTypeName="executor://xunit/VsTestRunner2/netcoreapp" className="BehaviorTests" name="AsyncOperationsFinishAtAwait" />
    </UnitTest>
    <UnitTest name="Test.CollectionIterableTest.ConcatCollection" storage="/users/johnny/documents/github/personal/collection-iterable-methods/performance/tests/bin/release/net8.0/tests.dll" id="c5d01b0a-5938-a6c4-e1b2-0d784c29ff45">
      <Execution id="fecde2f7-a35b-4fa1-b3d3-a0a2fcf2afe1" />
      <TestMethod codeBase="/Users/johnny/Documents/github/personal/collection-iterable-methods/Performance/Tests/bin/Release/net8.0/Tests.dll" adapterTypeName="executor://xunit/VsTestRunner2/netcoreapp" className="Test.CollectionIterableTest" name="ConcatCollection" />
    </UnitTest>
    <UnitTest name="Test.CollectionIterableTest.ToRecordStringAndNumbers" storage="/users/johnny/documents/github/personal/collection-iterable-methods/performance/tests/bin/release/net8.0/tests.dll" id="67c16d20-fc9e-cd4b-3386-54ce406d5c2e">
      <Execution id="ba00a597-af60-4bb9-98a1-b37a7b0455c3" />
      <TestMethod codeBase="/Users/johnny/Documents/github/personal/collection-iterable-methods/Performance/Tests/bin/Release/net8.0/Tests.dll" adapterTypeName="executor://xunit/VsTestRunner2/netcoreapp" className="Test.CollectionIterableTest" name="ToRecordStringAndNumbers" />
    </UnitTest>
    <UnitTest name="Test.CollectionIterableTest.SortCollectionAscending" storage="/users/johnny/documents/github/personal/collection-iterable-methods/performance/tests/bin/release/net8.0/tests.dll" id="c63294a8-69c1-ffcf-e6cb-2f75a22b4186">
      <Execution id="17bd23c5-d248-4f31-993d-51414b3131c2" />
      <TestMethod codeBase="/Users/johnny/Documents/github/personal/collection-iterable-methods/Performance/Tests/bin/Release/net8.0/Tests.dll" adapterTypeName="executor://xunit/VsTestRunner2/netcoreapp" className="Test.CollectionIterableTest" name="SortCollectionAscending" />
    </UnitTest>
    <UnitTest name="BehaviorTests.ParallelOperationsPreserveMembership(shape: &quot;iterator&quot;, count: 1)" storage="/users/johnny/documents/github/personal/collection-iterable-methods/performance/tests/bin/release/net8.0/tests.dll" id="eeb46e38-d618-6025-e481-e76078b42bb3">
      <Execution id="d988dd81-6674-4b94-90fd-2cc7e50c8c2e" />
      <TestMethod codeBase="/Users/johnny/Documents/github/personal/collection-iterable-methods/Performance/Tests/bin/Release/net8.0/Tests.dll" adapterTypeName="executor://xunit/VsTestRunner2/netcoreapp" className="BehaviorTests" name="ParallelOperationsPreserveMembership" />
    </UnitTest>
    <UnitTest name="BehaviorTests.SequentialOperationsMatchReference(shape: &quot;list&quot;, count: 1)" storage="/users/johnny/documents/github/personal/collection-iterable-methods/performance/tests/bin/release/net8.0/tests.dll" id="9e34faa7-9f8d-05a0-791c-30381ab3fb0c">
      <Execution id="6cf5cd4e-994a-4179-88e7-c503bac393bb" />
      <TestMethod codeBase="/Users/johnny/Documents/github/personal/collection-iterable-methods/Performance/Tests/bin/Release/net8.0/Tests.dll" adapterTypeName="executor://xunit/VsTestRunner2/netcoreapp" className="BehaviorTests" name="SequentialOperationsMatchReference" />
    </UnitTest>
    <UnitTest name="BehaviorTests.ParallelOperationsPreserveMembership(shape: &quot;iterator&quot;, count: 32)" storage="/users/johnny/documents/github/personal/collection-iterable-methods/performance/tests/bin/release/net8.0/tests.dll" id="ee7dcacf-32c1-0ca8-9888-90517ab2fa55">
      <Execution id="7616d072-10e2-44b3-8700-a710f93ebab3" />
      <TestMethod codeBase="/Users/johnny/Documents/github/personal/collection-iterable-methods/Performance/Tests/bin/Release/net8.0/Tests.dll" adapterTypeName="executor://xunit/VsTestRunner2/netcoreapp" className="BehaviorTests" name="ParallelOperationsPreserveMembership" />
    </UnitTest>
    <UnitTest name="Test.CollectionIterableTest.SliceCollection" storage="/users/johnny/documents/github/personal/collection-iterable-methods/performance/tests/bin/release/net8.0/tests.dll" id="c519ca39-85ea-71ce-c155-6e2416756398">
      <Execution id="810455c4-d5ab-437c-9f31-3c7f5fb61bf3" />
      <TestMethod codeBase="/Users/johnny/Documents/github/personal/collection-iterable-methods/Performance/Tests/bin/Release/net8.0/Tests.dll" adapterTypeName="executor://xunit/VsTestRunner2/netcoreapp" className="Test.CollectionIterableTest" name="SliceCollection" />
    </UnitTest>
    <UnitTest name="Test.CollectionIterableParallelTest.SortCollectionParallelDescending" storage="/users/johnny/documents/github/personal/collection-iterable-methods/performance/tests/bin/release/net8.0/tests.dll" id="1acba469-1360-4b37-a81e-7139580d586d">
      <Execution id="4602df2b-14a9-43d6-a9e3-f5e88e764373" />
      <TestMethod codeBase="/Users/johnny/Documents/github/personal/collection-iterable-methods/Performance/Tests/bin/Release/net8.0/Tests.dll" adapterTypeName="executor://xunit/VsTestRunner2/netcoreapp" className="Test.CollectionIterableParallelTest" name="SortCollectionParallelDescending" />
    </UnitTest>
    <UnitTest name="Test.CollectionIterableTest.SortCollectionDescending" storage="/users/johnny/documents/github/personal/collection-iterable-methods/performance/tests/bin/release/net8.0/tests.dll" id="de748f2a-30ae-21c1-3931-346381649a13">
      <Execution id="8961ccfb-3339-4100-91ad-b0abf460ab07" />
      <TestMethod codeBase="/Users/johnny/Documents/github/personal/collection-iterable-methods/Performance/Tests/bin/Release/net8.0/Tests.dll" adapterTypeName="executor://xunit/VsTestRunner2/netcoreapp" className="Test.CollectionIterableTest" name="SortCollectionDescending" />
    </UnitTest>
    <UnitTest name="Test.CollectionIterableTest.ForEachCollection" storage="/users/johnny/documents/github/personal/collection-iterable-methods/performance/tests/bin/release/net8.0/tests.dll" id="d51844c2-6632-dcb3-0045-27bfc4388db0">
      <Execution id="550b1428-3280-4dc4-a205-ccc0eb6254bf" />
      <TestMethod codeBase="/Users/johnny/Documents/github/personal/collection-iterable-methods/Performance/Tests/bin/Release/net8.0/Tests.dll" adapterTypeName="executor://xunit/VsTestRunner2/netcoreapp" className="Test.CollectionIterableTest" name="ForEachCollection" />
    </UnitTest>
    <UnitTest name="BehaviorTests.BothSortsHandleOrderedAndDuplicateKeys(count: 32)" storage="/users/johnny/documents/github/personal/collection-iterable-methods/performance/tests/bin/release/net8.0/tests.dll" id="a72524f3-ba13-5632-ba84-5385bb52e92f">
      <Execution id="cb461a7f-51a6-456a-93d4-b2ccbfb13a6e" />
      <TestMethod codeBase="/Users/johnny/Documents/github/personal/collection-iterable-methods/Performance/Tests/bin/Release/net8.0/Tests.dll" adapterTypeName="executor://xunit/VsTestRunner2/netcoreapp" className="BehaviorTests" name="BothSortsHandleOrderedAndDuplicateKeys" />
    </UnitTest>
    <UnitTest name="Test.CollectionIterableParallelTest.FilterParallelWhenCancelled" storage="/users/johnny/documents/github/personal/collection-iterable-methods/performance/tests/bin/release/net8.0/tests.dll" id="38207d83-f77c-3e53-2a82-cc7302347856">
      <Execution id="9300b04f-f565-4cfa-9479-39ea13c73a90" />
      <TestMethod codeBase="/Users/johnny/Documents/github/personal/collection-iterable-methods/Performance/Tests/bin/Release/net8.0/Tests.dll" adapterTypeName="executor://xunit/VsTestRunner2/netcoreapp" className="Test.CollectionIterableParallelTest" name="FilterParallelWhenCancelled" />
    </UnitTest>
    <UnitTest name="BehaviorTests.ParallelOperationsPreserveMembership(shape: &quot;list&quot;, count: 32)" storage="/users/johnny/documents/github/personal/collection-iterable-methods/performance/tests/bin/release/net8.0/tests.dll" id="50cad885-d269-e24f-1f35-a450a6fa29e4">
      <Execution id="6f6ddd28-7915-484a-8294-3cd55d49f06d" />
      <TestMethod codeBase="/Users/johnny/Documents/github/personal/collection-iterable-methods/Performance/Tests/bin/Release/net8.0/Tests.dll" adapterTypeName="executor://xunit/VsTestRunner2/netcoreapp" className="BehaviorTests" name="ParallelOperationsPreserveMembership" />
    </UnitTest>
    <UnitTest name="BehaviorTests.AsyncOperationsFinishAtAwait(shape: &quot;array&quot;, count: 1000)" storage="/users/johnny/documents/github/personal/collection-iterable-methods/performance/tests/bin/release/net8.0/tests.dll" id="d692e060-644b-e7e4-9374-469bccf4cdf2">
      <Execution id="55621b40-5512-4212-bb99-fd9f27ab5e1b" />
      <TestMethod codeBase="/Users/johnny/Documents/github/personal/collection-iterable-methods/Performance/Tests/bin/Release/net8.0/Tests.dll" adapterTypeName="executor://xunit/VsTestRunner2/netcoreapp" className="BehaviorTests" name="AsyncOperationsFinishAtAwait" />
    </UnitTest>
    <UnitTest name="BehaviorTests.AsyncOperationsFinishAtAwait(shape: &quot;list&quot;, count: 32)" storage="/users/johnny/documents/github/personal/collection-iterable-methods/performance/tests/bin/release/net8.0/tests.dll" id="14160670-1272-8381-ad25-bd6df2258713">
      <Execution id="1cca84d9-0299-4401-ba8a-06c7a2e59227" />
      <TestMethod codeBase="/Users/johnny/Documents/github/personal/collection-iterable-methods/Performance/Tests/bin/Release/net8.0/Tests.dll" adapterTypeName="executor://xunit/VsTestRunner2/netcoreapp" className="BehaviorTests" name="AsyncOperationsFinishAtAwait" />
    </UnitTest>
    <UnitTest name="Test.CollectionIterableAsyncTest.FilterParallelAsyncICollection" storage="/users/johnny/documents/github/personal/collection-iterable-methods/performance/tests/bin/release/net8.0/tests.dll" id="89412c8d-8cab-7bd0-bdf1-2799d79c2025">
      <Execution id="0b625ceb-a7de-436f-837e-93289e448d09" />
      <TestMethod codeBase="/Users/johnny/Documents/github/personal/collection-iterable-methods/Performance/Tests/bin/Release/net8.0/Tests.dll" adapterTypeName="executor://xunit/VsTestRunner2/netcoreapp" className="Test.CollectionIterableAsyncTest" name="FilterParallelAsyncICollection" />
    </UnitTest>
    <UnitTest name="BehaviorTests.ParallelOperationsPreserveMembership(shape: &quot;array&quot;, count: 0)" storage="/users/johnny/documents/github/personal/collection-iterable-methods/performance/tests/bin/release/net8.0/tests.dll" id="54e640ee-3b05-6eed-7eba-c70724cfd828">
      <Execution id="d4e620e0-7213-46f5-bf2f-9705510b5349" />
      <TestMethod codeBase="/Users/johnny/Documents/github/personal/collection-iterable-methods/Performance/Tests/bin/Release/net8.0/Tests.dll" adapterTypeName="executor://xunit/VsTestRunner2/netcoreapp" className="BehaviorTests" name="ParallelOperationsPreserveMembership" />
    </UnitTest>
    <UnitTest name="BehaviorTests.BothSortsHandleOrderedAndDuplicateKeys(count: 1)" storage="/users/johnny/documents/github/personal/collection-iterable-methods/performance/tests/bin/release/net8.0/tests.dll" id="1237d985-9ccb-7c7f-ea19-c85f48981d51">
      <Execution id="aef3a1b8-9b0f-4fbd-b5a9-b10e53552f67" />
      <TestMethod codeBase="/Users/johnny/Documents/github/personal/collection-iterable-methods/Performance/Tests/bin/Release/net8.0/Tests.dll" adapterTypeName="executor://xunit/VsTestRunner2/netcoreapp" className="BehaviorTests" name="BothSortsHandleOrderedAndDuplicateKeys" />
    </UnitTest>
    <UnitTest name="Test.CollectionIterableTest.ForEachEnumerable" storage="/users/johnny/documents/github/personal/collection-iterable-methods/performance/tests/bin/release/net8.0/tests.dll" id="10c05642-0d2e-92a3-d6a4-725f1fc285c4">
      <Execution id="44bf9dc9-6ece-420b-a262-16050c55ddf4" />
      <TestMethod codeBase="/Users/johnny/Documents/github/personal/collection-iterable-methods/Performance/Tests/bin/Release/net8.0/Tests.dll" adapterTypeName="executor://xunit/VsTestRunner2/netcoreapp" className="Test.CollectionIterableTest" name="ForEachEnumerable" />
    </UnitTest>
    <UnitTest name="BehaviorTests.SequentialOperationsMatchReference(shape: &quot;iterator&quot;, count: 1000)" storage="/users/johnny/documents/github/personal/collection-iterable-methods/performance/tests/bin/release/net8.0/tests.dll" id="d68a6387-0e24-737e-5915-673c9a2d5c59">
      <Execution id="5d490225-86f4-4c36-9db0-01ef1861dbe4" />
      <TestMethod codeBase="/Users/johnny/Documents/github/personal/collection-iterable-methods/Performance/Tests/bin/Release/net8.0/Tests.dll" adapterTypeName="executor://xunit/VsTestRunner2/netcoreapp" className="BehaviorTests" name="SequentialOperationsMatchReference" />
    </UnitTest>
    <UnitTest name="BehaviorTests.TypedArrayIndexedOperationsPreserveResults(count: 1)" storage="/users/johnny/documents/github/personal/collection-iterable-methods/performance/tests/bin/release/net8.0/tests.dll" id="4f07cd08-5927-0201-4828-950b8da1fcbe">
      <Execution id="41925f9e-ef30-4408-93fb-a9691010f10d" />
      <TestMethod codeBase="/Users/johnny/Documents/github/personal/collection-iterable-methods/Performance/Tests/bin/Release/net8.0/Tests.dll" adapterTypeName="executor://xunit/VsTestRunner2/netcoreapp" className="BehaviorTests" name="TypedArrayIndexedOperationsPreserveResults" />
    </UnitTest>
    <UnitTest name="BehaviorTests.SortsStringKeysInBothDirections" storage="/users/johnny/documents/github/personal/collection-iterable-methods/performance/tests/bin/release/net8.0/tests.dll" id="2ddad672-5f26-ac6f-d96c-5394d290fea0">
      <Execution id="fc2d03e2-3457-42ad-97c8-a12acb4d2454" />
      <TestMethod codeBase="/Users/johnny/Documents/github/personal/collection-iterable-methods/Performance/Tests/bin/Release/net8.0/Tests.dll" adapterTypeName="executor://xunit/VsTestRunner2/netcoreapp" className="BehaviorTests" name="SortsStringKeysInBothDirections" />
    </UnitTest>
    <UnitTest name="Test.CollectionIterableParallelTest.ToDictionaryParallel" storage="/users/johnny/documents/github/personal/collection-iterable-methods/performance/tests/bin/release/net8.0/tests.dll" id="64914c10-6625-af28-8d8a-9e55bcbb424c">
      <Execution id="0f9499e9-9c11-4a3f-8a28-aad7112be10c" />
      <TestMethod codeBase="/Users/johnny/Documents/github/personal/collection-iterable-methods/Performance/Tests/bin/Release/net8.0/Tests.dll" adapterTypeName="executor://xunit/VsTestRunner2/netcoreapp" className="Test.CollectionIterableParallelTest" name="ToDictionaryParallel" />
    </UnitTest>
    <UnitTest name="Test.CollectionIterableParallelTest.FilterParallel" storage="/users/johnny/documents/github/personal/collection-iterable-methods/performance/tests/bin/release/net8.0/tests.dll" id="798defdc-d99d-2fac-d532-3568b67354d9">
      <Execution id="db659e4d-8a86-46d5-a624-64b40642bec8" />
      <TestMethod codeBase="/Users/johnny/Documents/github/personal/collection-iterable-methods/Performance/Tests/bin/Release/net8.0/Tests.dll" adapterTypeName="executor://xunit/VsTestRunner2/netcoreapp" className="Test.CollectionIterableParallelTest" name="FilterParallel" />
    </UnitTest>
    <UnitTest name="Test.CollectionIterableParallelTest.SortCollectionParallelAscending" storage="/users/johnny/documents/github/personal/collection-iterable-methods/performance/tests/bin/release/net8.0/tests.dll" id="b5d53198-321c-1220-93a1-158a73e2deff">
      <Execution id="8178feed-f994-4784-8a17-cd30248c9bab" />
      <TestMethod codeBase="/Users/johnny/Documents/github/personal/collection-iterable-methods/Performance/Tests/bin/Release/net8.0/Tests.dll" adapterTypeName="executor://xunit/VsTestRunner2/netcoreapp" className="Test.CollectionIterableParallelTest" name="SortCollectionParallelAscending" />
    </UnitTest>
    <UnitTest name="BehaviorTests.SliceEnumeratesOnceOnlyThroughEndAndDisposes" storage="/users/johnny/documents/github/personal/collection-iterable-methods/performance/tests/bin/release/net8.0/tests.dll" id="e2c1855e-5036-f3f1-db57-251a2bb2ec05">
      <Execution id="b773b3cd-9919-4915-8e1d-77b2f89b8ab7" />
      <TestMethod codeBase="/Users/johnny/Documents/github/personal/collection-iterable-methods/Performance/Tests/bin/Release/net8.0/Tests.dll" adapterTypeName="executor://xunit/VsTestRunner2/netcoreapp" className="BehaviorTests" name="SliceEnumeratesOnceOnlyThroughEndAndDisposes" />
    </UnitTest>
    <UnitTest name="Test.CollectionIterableAsyncTest.FilterParallelAsyncIEnumerable" storage="/users/johnny/documents/github/personal/collection-iterable-methods/performance/tests/bin/release/net8.0/tests.dll" id="601f1de8-1ff7-04bd-76f4-1ed65b91197d">
      <Execution id="ab62bda2-202a-42db-bb0a-f33f5c0a6a46" />
      <TestMethod codeBase="/Users/johnny/Documents/github/personal/collection-iterable-methods/Performance/Tests/bin/Release/net8.0/Tests.dll" adapterTypeName="executor://xunit/VsTestRunner2/netcoreapp" className="Test.CollectionIterableAsyncTest" name="FilterParallelAsyncIEnumerable" />
    </UnitTest>
    <UnitTest name="Test.CollectionIterableParallelTest.SortCollectionParallelIEnumerableDescending" storage="/users/johnny/documents/github/personal/collection-iterable-methods/performance/tests/bin/release/net8.0/tests.dll" id="b4a5b523-9e5c-f353-acf8-632ef71e5447">
      <Execution id="7354072c-c331-48ef-8b72-a2fd6bc2185c" />
[...]
    </UnitTest>
    <UnitTest name="BehaviorTests.SequentialOperationsMatchReference(shape: &quot;iterator&quot;, count: 0)" storage="/users/johnny/documents/github/personal/collection-iterable-methods/performance/tests/bin/release/net8.0/tests.dll" id="4a383bd6-5d76-dabb-5df3-4dbe3023a656">
      <Execution id="d3d10bb3-575c-4ec2-b9f8-d7556fa82268" />
      <TestMethod codeBase="/Users/johnny/Documents/github/personal/collection-iterable-methods/Performance/Tests/bin/Release/net8.0/Tests.dll" adapterTypeName="executor://xunit/VsTestRunner2/netcoreapp" className="BehaviorTests" name="SequentialOperationsMatchReference" />
    </UnitTest>
    <UnitTest name="Test.CollectionIterableTest.ReduceEnumerable" storage="/users/johnny/documents/github/personal/collection-iterable-methods/performance/tests/bin/release/net8.0/tests.dll" id="8dd63cfe-3b21-6c74-e6d7-bbadf6dda5d2">
      <Execution id="ddffc5bc-3cae-491d-b657-c3f817506265" />
      <TestMethod codeBase="/Users/johnny/Documents/github/personal/collection-iterable-methods/Performance/Tests/bin/Release/net8.0/Tests.dll" adapterTypeName="executor://xunit/VsTestRunner2/netcoreapp" className="Test.CollectionIterableTest" name="ReduceEnumerable" />
    </UnitTest>
  </TestDefinitions>
  <TestEntries>
    <TestEntry testId="cbaf804d-eb43-a80a-f70d-9d5ef473e706" executionId="a59ed37a-063b-4aa2-92f5-9e68759fe916" testListId="8c84fa94-04c1-424b-9868-57a2d4851a1d" />
    <TestEntry testId="a610c374-9f87-75ec-a19b-7743e3131f45" executionId="7761d736-3139-477c-98f7-0a41e885a895" testListId="8c84fa94-04c1-424b-9868-57a2d4851a1d" />
    <TestEntry testId="0eba5a24-84cb-4042-9666-dfb2e01fae19" executionId="9baad0e6-8c61-4390-a8a7-f075d8abf422" testListId="8c84fa94-04c1-424b-9868-57a2d4851a1d" />
    <TestEntry testId="6ca11de3-02c9-2639-3153-e4fdbca04544" executionId="471d8dda-d10a-49ce-afe7-a90f447dfd37" testListId="8c84fa94-04c1-424b-9868-57a2d4851a1d" />
    <TestEntry testId="6fc74593-bdbf-39bb-18f6-ef0fe172c80e" executionId="a5a86cc8-d454-4373-b2b9-13a3c0125b41" testListId="8c84fa94-04c1-424b-9868-57a2d4851a1d" />
    <TestEntry testId="601f1de8-1ff7-04bd-76f4-1ed65b91197d" executionId="ab62bda2-202a-42db-bb0a-f33f5c0a6a46" testListId="8c84fa94-04c1-424b-9868-57a2d4851a1d" />
    <TestEntry testId="9a0b8d6f-da7e-126f-7cc1-64bdaf244d09" executionId="ed26fe72-e9e1-46e6-ab07-b7cda46ca110" testListId="8c84fa94-04c1-424b-9868-57a2d4851a1d" />
    <TestEntry testId="941956aa-0016-a7c1-1a4a-0d2c8a7ecbb0" executionId="da5f8d71-59e5-44e5-9d27-8e3a3c192647" testListId="8c84fa94-04c1-424b-9868-57a2d4851a1d" />
    <TestEntry testId="50cad885-d269-e24f-1f35-a450a6fa29e4" executionId="6f6ddd28-7915-484a-8294-3cd55d49f06d" testListId="8c84fa94-04c1-424b-9868-57a2d4851a1d" />
    <TestEntry testId="bac1b5ad-fb22-e3ba-129e-e1d1ef6b65df" executionId="087da1c3-0ec4-4e0b-b856-affd20ddddaf" testListId="8c84fa94-04c1-424b-9868-57a2d4851a1d" />
    <TestEntry testId="b96bfae6-4535-f629-4a6f-251ec649c264" executionId="67032d38-59ab-4b7b-8929-d5fecbe940ff" testListId="8c84fa94-04c1-424b-9868-57a2d4851a1d" />
    <TestEntry testId="1237d985-9ccb-7c7f-ea19-c85f48981d51" executionId="aef3a1b8-9b0f-4fbd-b5a9-b10e53552f67" testListId="8c84fa94-04c1-424b-9868-57a2d4851a1d" />
    <TestEntry testId="eeb46e38-d618-6025-e481-e76078b42bb3" executionId="d988dd81-6674-4b94-90fd-2cc7e50c8c2e" testListId="8c84fa94-04c1-424b-9868-57a2d4851a1d" />
    <TestEntry testId="af83f971-bf53-48ea-cf89-2910c14eea30" executionId="d8d008a1-46cc-4789-b694-8c28f3bb025e" testListId="8c84fa94-04c1-424b-9868-57a2d4851a1d" />
    <TestEntry testId="1d1a02f3-8f2c-c8ce-bd0f-7602789deeb8" executionId="514011c5-3f65-4898-a573-ee9becde8682" testListId="8c84fa94-04c1-424b-9868-57a2d4851a1d" />
    <TestEntry testId="d6bd93a6-5192-e5db-46e5-f82aef5d6693" executionId="6a73e2a2-c5bb-4b43-9889-215c1192e538" testListId="8c84fa94-04c1-424b-9868-57a2d4851a1d" />
    <TestEntry testId="891decea-b534-8a43-a60b-ad70264205c2" executionId="3483af7a-570a-44ee-b101-e8349bdd9c60" testListId="8c84fa94-04c1-424b-9868-57a2d4851a1d" />
    <TestEntry testId="90a46e78-b21c-e036-c874-dc7ede0ca5fd" executionId="95f9ec57-779f-4a28-a25d-58dba90d4f1c" testListId="8c84fa94-04c1-424b-9868-57a2d4851a1d" />
    <TestEntry testId="632ada4b-1ac5-73f3-54f7-871228d68291" executionId="e79f141c-4449-4b98-a7a6-77793871fa97" testListId="8c84fa94-04c1-424b-9868-57a2d4851a1d" />
    <TestEntry testId="a8689b89-91d2-aa36-69da-b336f2a96078" executionId="df075f5a-58f6-40f7-8df4-bea88466c688" testListId="8c84fa94-04c1-424b-9868-57a2d4851a1d" />
    <TestEntry testId="63038738-2c9b-33a0-f777-21bcac93f079" executionId="55ab955f-18e6-4e9f-b88c-82f600320fa4" testListId="8c84fa94-04c1-424b-9868-57a2d4851a1d" />
    <TestEntry testId="e2c1855e-5036-f3f1-db57-251a2bb2ec05" executionId="b773b3cd-9919-4915-8e1d-77b2f89b8ab7" testListId="8c84fa94-04c1-424b-9868-57a2d4851a1d" />
    <TestEntry testId="41123350-ef1d-8452-b33b-49ec907e37ac" executionId="36253085-78f3-4e20-946c-ae0031207b4e" testListId="8c84fa94-04c1-424b-9868-57a2d4851a1d" />
    <TestEntry testId="a72524f3-ba13-5632-ba84-5385bb52e92f" executionId="cb461a7f-51a6-456a-93d4-b2ccbfb13a6e" testListId="8c84fa94-04c1-424b-9868-57a2d4851a1d" />
    <TestEntry testId="9ecec512-7534-47bb-a555-253d4b54abc1" executionId="b52080f5-2983-48e7-add3-dbe010a1e271" testListId="8c84fa94-04c1-424b-9868-57a2d4851a1d" />
    <TestEntry testId="d51844c2-6632-dcb3-0045-27bfc4388db0" executionId="550b1428-3280-4dc4-a205-ccc0eb6254bf" testListId="8c84fa94-04c1-424b-9868-57a2d4851a1d" />
    <TestEntry testId="1d2757f3-51fa-2f82-50f8-d81595e85e32" executionId="015ed128-dae9-4810-a555-fa2f5fff47ef" testListId="8c84fa94-04c1-424b-9868-57a2d4851a1d" />
    <TestEntry testId="f2223e4b-4f78-7bca-e10e-140d3abe7452" executionId="72fbc866-3c71-4c82-b081-431dbc371135" testListId="8c84fa94-04c1-424b-9868-57a2d4851a1d" />
    <TestEntry testId="798defdc-d99d-2fac-d532-3568b67354d9" executionId="db659e4d-8a86-46d5-a624-64b40642bec8" testListId="8c84fa94-04c1-424b-9868-57a2d4851a1d" />
    <TestEntry testId="d3f5331d-4164-de88-b6d6-1ab1d5894410" executionId="e7dd1e6f-8257-45ee-9ade-ac478fc26ecb" testListId="8c84fa94-04c1-424b-9868-57a2d4851a1d" />
    <TestEntry testId="8dd63cfe-3b21-6c74-e6d7-bbadf6dda5d2" executionId="ddffc5bc-3cae-491d-b657-c3f817506265" testListId="8c84fa94-04c1-424b-9868-57a2d4851a1d" />
    <TestEntry testId="a04f290c-67e9-15e5-dc8c-f766987b0e7e" executionId="71a7fe6f-415d-4359-835d-e1194b0fd642" testListId="8c84fa94-04c1-424b-9868-57a2d4851a1d" />
    <TestEntry testId="bbbdba5c-6873-31f9-0574-80feb27bacbe" executionId="1dc1c5c7-6c63-4234-a7e0-0b0c439fcc9a" testListId="8c84fa94-04c1-424b-9868-57a2d4851a1d" />
    <TestEntry testId="db495b7c-950a-2411-bf37-50f602864525" executionId="31199d75-0391-4be0-bd93-ef9e14eead65" testListId="8c84fa94-04c1-424b-9868-57a2d4851a1d" />
    <TestEntry testId="15e1f783-b91c-5b7e-8515-422d0e641df5" executionId="f273d3fb-ec21-42ce-aa2a-0754247f3ea6" testListId="8c84fa94-04c1-424b-9868-57a2d4851a1d" />
    <TestEntry testId="3630ee18-cb29-cbff-26a6-c9b4dc1b3588" executionId="ecaa0aa6-cf55-4764-8d0d-7800b602c807" testListId="8c84fa94-04c1-424b-9868-57a2d4851a1d" />
    <TestEntry testId="b5d53198-321c-1220-93a1-158a73e2deff" executionId="8178feed-f994-4784-8a17-cd30248c9bab" testListId="8c84fa94-04c1-424b-9868-57a2d4851a1d" />
    <TestEntry testId="5c2d404a-00d1-3694-4f2f-46a6b8dc1b57" executionId="d28a1889-c1d5-41e1-b35e-be3c424de3f1" testListId="8c84fa94-04c1-424b-9868-57a2d4851a1d" />
    <TestEntry testId="af425b93-b025-f073-1a5d-74dba367dec9" executionId="2d82dd57-68c9-4e9b-b550-4b4f018a275d" testListId="8c84fa94-04c1-424b-9868-57a2d4851a1d" />
    <TestEntry testId="d692e060-644b-e7e4-9374-469bccf4cdf2" executionId="55621b40-5512-4212-bb99-fd9f27ab5e1b" testListId="8c84fa94-04c1-424b-9868-57a2d4851a1d" />
    <TestEntry testId="39dc3176-a5d3-3b03-6951-f3aa9d110405" executionId="0cbe8f86-6343-4522-b29c-e20b1e0e2b32" testListId="8c84fa94-04c1-424b-9868-57a2d4851a1d" />
    <TestEntry testId="de748f2a-30ae-21c1-3931-346381649a13" executionId="8961ccfb-3339-4100-91ad-b0abf460ab07" testListId="8c84fa94-04c1-424b-9868-57a2d4851a1d" />
    <TestEntry testId="dc4d71cc-b192-5917-1e8d-ee4fd98c5930" executionId="12795b62-72da-43aa-9734-cda6dd0afeae" testListId="8c84fa94-04c1-424b-9868-57a2d4851a1d" />
    <TestEntry testId="d5d72f3e-46a3-06ae-e44a-6411aa75b31e" executionId="3978c2e2-7fe0-47b4-a39b-c0ee70c2cc5b" testListId="8c84fa94-04c1-424b-9868-57a2d4851a1d" />
    <TestEntry testId="a290bedb-520d-fc53-af65-fe28b60117c2" executionId="4cc200fa-c4e5-4de2-86fa-e582d7af9eb8" testListId="8c84fa94-04c1-424b-9868-57a2d4851a1d" />
    <TestEntry testId="19a331a2-a6ff-681b-2a88-24b42c1dcbce" executionId="feab362f-2fc5-4c06-a1b5-c6a14cc336de" testListId="8c84fa94-04c1-424b-9868-57a2d4851a1d" />
    <TestEntry testId="50c590f1-0ab3-c531-0d50-6fffff7eaedd" executionId="f5b10eb5-f1b1-4879-a72e-94771a754b8a" testListId="8c84fa94-04c1-424b-9868-57a2d4851a1d" />
    <TestEntry testId="38207d83-f77c-3e53-2a82-cc7302347856" executionId="9300b04f-f565-4cfa-9479-39ea13c73a90" testListId="8c84fa94-04c1-424b-9868-57a2d4851a1d" />
    <TestEntry testId="7f4d901d-8204-70b1-b495-65b992ce5130" executionId="556a3bc8-1aca-4531-8dad-a68e8c37d671" testListId="8c84fa94-04c1-424b-9868-57a2d4851a1d" />
    <TestEntry testId="d534f18b-441b-c78e-d608-4dad93b5acd1" executionId="7a4fc36c-e869-456e-9369-207513e06ede" testListId="8c84fa94-04c1-424b-9868-57a2d4851a1d" />
    <TestEntry testId="7080445b-9b75-180b-964b-e7277299103b" executionId="7bd53597-1926-422f-87f1-c49c86f84379" testListId="8c84fa94-04c1-424b-9868-57a2d4851a1d" />
    <TestEntry testId="d68a6387-0e24-737e-5915-673c9a2d5c59" executionId="5d490225-86f4-4c36-9db0-01ef1861dbe4" testListId="8c84fa94-04c1-424b-9868-57a2d4851a1d" />
    <TestEntry testId="f665950b-ed03-d9d0-a0fe-37c5e75d6d9c" executionId="64f862fd-a990-4164-8540-578404767d9c" testListId="8c84fa94-04c1-424b-9868-57a2d4851a1d" />
    <TestEntry testId="c63294a8-69c1-ffcf-e6cb-2f75a22b4186" executionId="17bd23c5-d248-4f31-993d-51414b3131c2" testListId="8c84fa94-04c1-424b-9868-57a2d4851a1d" />
    <TestEntry testId="94b36a89-7797-253d-a55f-7e4c1089d187" executionId="eb854bfb-6fa8-4d9e-ab0e-77e086ac96a8" testListId="8c84fa94-04c1-424b-9868-57a2d4851a1d" />
    <TestEntry testId="2ddad672-5f26-ac6f-d96c-5394d290fea0" executionId="fc2d03e2-3457-42ad-97c8-a12acb4d2454" testListId="8c84fa94-04c1-424b-9868-57a2d4851a1d" />
    <TestEntry testId="6115f649-ed56-e021-f01b-031ce26ab371" executionId="69b93616-d245-449a-af9c-c819db3eb755" testListId="8c84fa94-04c1-424b-9868-57a2d4851a1d" />
    <TestEntry testId="0c8fd6c5-bd7d-0162-8855-ded0fc443b1d" executionId="fa9b1368-4989-440d-92e1-863ef944e558" testListId="8c84fa94-04c1-424b-9868-57a2d4851a1d" />
    <TestEntry testId="d9f469a1-f624-c004-b17d-818c2269ff06" executionId="05feab95-8520-43c1-82b4-8f1804b2356a" testListId="8c84fa94-04c1-424b-9868-57a2d4851a1d" />
    <TestEntry testId="c9b54675-5ad8-1bfb-3f8a-66aa8903952a" executionId="a1e624cb-9c97-440e-9d78-3f50e265a56d" testListId="8c84fa94-04c1-424b-9868-57a2d4851a1d" />
    <TestEntry testId="aeb2c5b5-8ac4-cfbf-62ff-9dd05374bdaf" executionId="8c0192bd-a0bd-41c0-b8da-b94207c4757b" testListId="8c84fa94-04c1-424b-9868-57a2d4851a1d" />
    <TestEntry testId="89412c8d-8cab-7bd0-bdf1-2799d79c2025" executionId="0b625ceb-a7de-436f-837e-93289e448d09" testListId="8c84fa94-04c1-424b-9868-57a2d4851a1d" />
    <TestEntry testId="64914c10-6625-af28-8d8a-9e55bcbb424c" executionId="0f9499e9-9c11-4a3f-8a28-aad7112be10c" testListId="8c84fa94-04c1-424b-9868-57a2d4851a1d" />
    <TestEntry testId="49d00f7f-bac5-0f84-243b-c18c80e5982c" executionId="d5535d8c-4396-4cf2-aaac-4afdf41d8ac5" testListId="8c84fa94-04c1-424b-9868-57a2d4851a1d" />
    <TestEntry testId="7cba0af7-ba70-3d52-4f92-890ddbf5429f" executionId="92f7d63a-5277-4d02-9c67-3e5782766876" testListId="8c84fa94-04c1-424b-9868-57a2d4851a1d" />
    <TestEntry testId="3ca1a663-9631-63a2-9322-076fd6cd1f92" executionId="51571031-4934-475a-8450-9ae21a74fb79" testListId="8c84fa94-04c1-424b-9868-57a2d4851a1d" />
    <TestEntry testId="9cacc80c-36ec-ce3f-875c-df7c219aa16d" executionId="a3d3e0ed-5702-43f7-a425-297d935fa7e0" testListId="8c84fa94-04c1-424b-9868-57a2d4851a1d" />
    <TestEntry testId="67c16d20-fc9e-cd4b-3386-54ce406d5c2e" executionId="ba00a597-af60-4bb9-98a1-b37a7b0455c3" testListId="8c84fa94-04c1-424b-9868-57a2d4851a1d" />
    <TestEntry testId="1506c9fd-d30d-707f-c5c0-ac13545005ee" executionId="c9df175b-4fab-4af2-b1d6-79f2cfa012d4" testListId="8c84fa94-04c1-424b-9868-57a2d4851a1d" />
    <TestEntry testId="ee7dcacf-32c1-0ca8-9888-90517ab2fa55" executionId="7616d072-10e2-44b3-8700-a710f93ebab3" testListId="8c84fa94-04c1-424b-9868-57a2d4851a1d" />
    <TestEntry testId="32eb8e5b-0c4a-0404-56a6-0a4033f1f519" executionId="0ebe6283-8bf6-42e7-b750-3041de7b2c9a" testListId="8c84fa94-04c1-424b-9868-57a2d4851a1d" />
    <TestEntry testId="a2d36c93-a4ea-6b87-e58d-e86df7ed8e62" executionId="9664de7a-218b-4afb-adf7-6c09e0c8c185" testListId="8c84fa94-04c1-424b-9868-57a2d4851a1d" />
    <TestEntry testId="d16a8acc-254b-7dca-738b-07958409e7d9" executionId="839d6cd2-24d7-4876-b6be-ad631b55f375" testListId="8c84fa94-04c1-424b-9868-57a2d4851a1d" />
    <TestEntry testId="336be225-a841-f5f6-8543-7ae0582e5902" executionId="ca6b724e-1b8a-49a9-a423-fdf253434be5" testListId="8c84fa94-04c1-424b-9868-57a2d4851a1d" />
    <TestEntry testId="5ebdc504-bf7a-44bc-2e0a-2147bf31ef98" executionId="e407f111-e89f-42b8-b434-9b90c3a083c9" testListId="8c84fa94-04c1-424b-9868-57a2d4851a1d" />
    <TestEntry testId="4f07cd08-5927-0201-4828-950b8da1fcbe" executionId="41925f9e-ef30-4408-93fb-a9691010f10d" testListId="8c84fa94-04c1-424b-9868-57a2d4851a1d" />
    <TestEntry testId="1c6819ef-2b9d-31de-eae6-91ba5aced3e2" executionId="7a7a9592-da29-404d-b0f5-87933b99a5f8" testListId="8c84fa94-04c1-424b-9868-57a2d4851a1d" />
    <TestEntry testId="51b948b1-4c6d-5ece-3f77-1ea81ea322b6" executionId="6dd2d304-3927-4425-8b5b-464e31ec8f3e" testListId="8c84fa94-04c1-424b-9868-57a2d4851a1d" />
    <TestEntry testId="c519ca39-85ea-71ce-c155-6e2416756398" executionId="810455c4-d5ab-437c-9f31-3c7f5fb61bf3" testListId="8c84fa94-04c1-424b-9868-57a2d4851a1d" />
    <TestEntry testId="54e640ee-3b05-6eed-7eba-c70724cfd828" executionId="d4e620e0-7213-46f5-bf2f-9705510b5349" testListId="8c84fa94-04c1-424b-9868-57a2d4851a1d" />
    <TestEntry testId="461a0e94-1ce6-9f59-96b7-33ada46728ac" executionId="1d7d7dc5-4874-496d-abed-303608e639a4" testListId="8c84fa94-04c1-424b-9868-57a2d4851a1d" />
    <TestEntry testId="1e1aa50f-2a24-7526-8c3d-087ea9f74355" executionId="9b02581b-7d76-427a-bf33-1db2f19ae4b2" testListId="8c84fa94-04c1-424b-9868-57a2d4851a1d" />
    <TestEntry testId="9e34faa7-9f8d-05a0-791c-30381ab3fb0c" executionId="6cf5cd4e-994a-4179-88e7-c503bac393bb" testListId="8c84fa94-04c1-424b-9868-57a2d4851a1d" />
    <TestEntry testId="c5d01b0a-5938-a6c4-e1b2-0d784c29ff45" executionId="fecde2f7-a35b-4fa1-b3d3-a0a2fcf2afe1" testListId="8c84fa94-04c1-424b-9868-57a2d4851a1d" />
    <TestEntry testId="82e5473b-443e-d95f-2af3-610c893cb1f5" executionId="59af5971-9d1f-404b-bd80-620b5c3e9988" testListId="8c84fa94-04c1-424b-9868-57a2d4851a1d" />
    <TestEntry testId="b4a5b523-9e5c-f353-acf8-632ef71e5447" executionId="7354072c-c331-48ef-8b72-a2fd6bc2185c" testListId="8c84fa94-04c1-424b-9868-57a2d4851a1d" />
    <TestEntry testId="14160670-1272-8381-ad25-bd6df2258713" executionId="1cca84d9-0299-4401-ba8a-06c7a2e59227" testListId="8c84fa94-04c1-424b-9868-57a2d4851a1d" />
    <TestEntry testId="e5c5c89a-75a1-5fbe-ae00-31daa1d0643b" executionId="44126a11-2c29-4572-b1a0-0de5d61775c4" testListId="8c84fa94-04c1-424b-9868-57a2d4851a1d" />
    <TestEntry testId="7f9701f3-573c-8caf-491c-8ba8aef7cd59" executionId="fab7595b-4679-4058-a0e8-ecfc05e45db1" testListId="8c84fa94-04c1-424b-9868-57a2d4851a1d" />
    <TestEntry testId="eb399cc0-5e44-ad7b-a61f-99f02cfee20d" executionId="46f7968c-57cb-4d25-add1-4873cc0eb610" testListId="8c84fa94-04c1-424b-9868-57a2d4851a1d" />
    <TestEntry testId="4a383bd6-5d76-dabb-5df3-4dbe3023a656" executionId="d3d10bb3-575c-4ec2-b9f8-d7556fa82268" testListId="8c84fa94-04c1-424b-9868-57a2d4851a1d" />
    <TestEntry testId="c09a8426-77ff-447f-f31e-d895be906053" executionId="7ba968c3-9b72-4334-9275-005ca772a84e" testListId="8c84fa94-04c1-424b-9868-57a2d4851a1d" />
    <TestEntry testId="4696a9b9-a8c5-332d-d43f-d22f8b236523" executionId="787577ef-25f9-4fae-8d09-fdb3b833d26d" testListId="8c84fa94-04c1-424b-9868-57a2d4851a1d" />
    <TestEntry testId="433a116f-43fe-85ef-c96e-938cb4bdf2b7" executionId="7b051f82-4dea-412c-b873-47c3dee90a6a" testListId="8c84fa94-04c1-424b-9868-57a2d4851a1d" />
    <TestEntry testId="10c05642-0d2e-92a3-d6a4-725f1fc285c4" executionId="44bf9dc9-6ece-420b-a262-16050c55ddf4" testListId="8c84fa94-04c1-424b-9868-57a2d4851a1d" />
    <TestEntry testId="eac78a5b-8fe7-8752-a1bc-c6c6dcebd47f" executionId="8d3203a2-6eae-4165-8c61-b3947e05aa24" testListId="8c84fa94-04c1-424b-9868-57a2d4851a1d" />
    <TestEntry testId="4d05be38-9243-1d31-7400-741e5655cfb7" executionId="73509017-3916-4117-aa23-34c15282729b" testListId="8c84fa94-04c1-424b-9868-57a2d4851a1d" />
    <TestEntry testId="7b0905b7-2a5e-f3f6-74a7-8589f3fdc596" executionId="f7030ce9-dd3d-4b3f-97d4-b693f68be571" testListId="8c84fa94-04c1-424b-9868-57a2d4851a1d" />
    <TestEntry testId="1f6f5437-a1e0-6863-1215-e35aa544dd7a" executionId="af954de3-9dde-4170-a0e6-0602723c80cf" testListId="8c84fa94-04c1-424b-9868-57a2d4851a1d" />
    <TestEntry testId="847b3b43-69b8-5908-2424-5296a2dd569a" executionId="40a1d3b0-c4c9-452d-9fd2-0eb24cbabab7" testListId="8c84fa94-04c1-424b-9868-57a2d4851a1d" />
    <TestEntry testId="473e5f08-c12e-f60c-3c01-eb8300fa0d12" executionId="8c867fc2-51f1-4f76-8867-97201b179d43" testListId="8c84fa94-04c1-424b-9868-57a2d4851a1d" />
    <TestEntry testId="769280fc-113e-a96d-920a-8e574fcaeb2c" executionId="fc447ce2-4441-4096-9dc5-489ee90b5061" testListId="8c84fa94-04c1-424b-9868-57a2d4851a1d" />
    <TestEntry testId="65ddab89-99c7-da66-cb07-cc88b5c12143" executionId="b1330e85-2749-4af4-83b0-4114ab23e725" testListId="8c84fa94-04c1-424b-9868-57a2d4851a1d" />
    <TestEntry testId="388942b0-9251-77f9-66bb-31d94382b46a" executionId="bcc23642-d176-4eef-8a7e-d3291bc54df0" testListId="8c84fa94-04c1-424b-9868-57a2d4851a1d" />
    <TestEntry testId="ff9a75db-c85b-029f-4dea-8535625544a0" executionId="b9a62225-4562-4cb4-9410-784b6a606d4f" testListId="8c84fa94-04c1-424b-9868-57a2d4851a1d" />
    <TestEntry testId="827acfff-ce41-7cf3-031b-7e9ab60cc54a" executionId="87ea4c25-438c-46f1-b0f6-e1eaebe9dce0" testListId="8c84fa94-04c1-424b-9868-57a2d4851a1d" />
    <TestEntry testId="1acba469-1360-4b37-a81e-7139580d586d" executionId="4602df2b-14a9-43d6-a9e3-f5e88e764373" testListId="8c84fa94-04c1-424b-9868-57a2d4851a1d" />
  </TestEntries>
  <TestLists>
    <TestList name="Results Not in a List" id="8c84fa94-04c1-424b-9868-57a2d4851a1d" />
    <TestList name="All Loaded Results" id="19431567-8539-422a-85d7-44ee4e166bda" />
  </TestLists>
  <ResultSummary outcome="Completed">
    <Counters total="107" executed="107" passed="107" failed="0" error="0" timeout="0" aborted="0" inconclusive="0" passedButRunAborted="0" notRunnable="0" notExecuted="0" disconnected="0" warning="0" completed="0" inProgress="0" pending="0" />
    <Output>
      <StdOut>[xUnit.net 00:00:00.00] xUnit.net VSTest Adapter v2.8.2+699d445a1a (64-bit .NET 8.0.31)
[xUnit.net 00:00:00.04]   Discovering: Tests
[xUnit.net 00:00:00.08]   Discovered:  Tests
[xUnit.net 00:00:00.08]   Starting:    Tests
[xUnit.net 00:00:00.40]   Finished:    Tests
</StdOut>
    </Output>
  </ResultSummary>
</TestRun>